<?xml version="1.0" encoding="UTF-8"?>
<coverage generated="1745862350549" clover="3.2.0">
  <project timestamp="1745862350549" name="All files">
    <metrics statements="1098" coveredstatements="1065" conditionals="432" coveredconditionals="390" methods="289" coveredmethods="270" elements="1819" coveredelements="1725" complexity="0" loc="1098" ncloc="1098" packages="6" files="29" classes="29"/>
    <package name="src">
      <metrics statements="11" coveredstatements="11" conditionals="0" coveredconditionals="0" methods="3" coveredmethods="3"/>
      <file name="App.js" path="/home/jshen52/softwareTesting/601.422_team/SJM/Team-SuperSurveyors/src/App.js">
        <metrics statements="6" coveredstatements="6" conditionals="0" coveredconditionals="0" methods="3" coveredmethods="3"/>
        <line num="19" count="2" type="stmt"/>
        <line num="20" count="12" type="stmt"/>
        <line num="54" count="2" type="stmt"/>
        <line num="55" count="3" type="stmt"/>
        <line num="68" count="2" type="stmt"/>
        <line num="69" count="7" type="stmt"/>
      </file>
      <file name="firebase.js" path="/home/jshen52/softwareTesting/601.422_team/SJM/Team-SuperSurveyors/src/firebase.js">
        <metrics statements="3" coveredstatements="3" conditionals="0" coveredconditionals="0" methods="0" coveredmethods="0"/>
        <line num="20" count="7" type="stmt"/>
        <line num="30" count="7" type="stmt"/>
        <line num="31" count="7" type="stmt"/>
      </file>
      <file name="index.js" path="/home/jshen52/softwareTesting/601.422_team/SJM/Team-SuperSurveyors/src/index.js">
        <metrics statements="2" coveredstatements="2" conditionals="0" coveredconditionals="0" methods="0" coveredmethods="0"/>
        <line num="5" count="1" type="stmt"/>
        <line num="6" count="1" type="stmt"/>
      </file>
    </package>
    <package name="src.components">
      <metrics statements="830" coveredstatements="807" conditionals="346" coveredconditionals="306" methods="235" coveredmethods="219"/>
      <file name="DeleteDialog.js" path="/home/jshen52/softwareTesting/601.422_team/SJM/Team-SuperSurveyors/src/components/DeleteDialog.js">
        <metrics statements="14" coveredstatements="14" conditionals="6" coveredconditionals="6" methods="3" coveredmethods="3"/>
        <line num="21" count="2" type="stmt"/>
        <line num="45" count="9" type="stmt"/>
        <line num="56" count="2" type="stmt"/>
        <line num="57" count="9" type="stmt"/>
        <line num="59" count="9" type="stmt"/>
        <line num="60" count="4" type="cond" truecount="2" falsecount="0"/>
        <line num="61" count="3" type="stmt"/>
        <line num="62" count="3" type="stmt"/>
        <line num="63" count="3" type="stmt"/>
        <line num="64" count="1" type="stmt"/>
        <line num="65" count="1" type="stmt"/>
        <line num="67" count="1" type="stmt"/>
        <line num="69" count="2" type="stmt"/>
        <line num="74" count="9" type="stmt"/>
      </file>
      <file name="EditQuestionsDialog.js" path="/home/jshen52/softwareTesting/601.422_team/SJM/Team-SuperSurveyors/src/components/EditQuestionsDialog.js">
        <metrics statements="34" coveredstatements="31" conditionals="4" coveredconditionals="2" methods="14" coveredmethods="12"/>
        <line num="23" count="2" type="stmt"/>
        <line num="55" count="11" type="stmt"/>
        <line num="66" count="2" type="stmt"/>
        <line num="67" count="11" type="stmt"/>
        <line num="68" count="11" type="stmt"/>
        <line num="69" count="1" type="stmt"/>
        <line num="71" count="11" type="stmt"/>
        <line num="72" count="11" type="stmt"/>
        <line num="74" count="11" type="stmt"/>
        <line num="75" count="10" type="stmt"/>
        <line num="76" count="1" type="cond" truecount="1" falsecount="1"/>
        <line num="77" count="1" type="stmt"/>
        <line num="82" count="11" type="stmt"/>
        <line num="83" count="1" type="cond" truecount="1" falsecount="1"/>
        <line num="84" count="1" type="stmt"/>
        <line num="88" count="11" type="stmt"/>
        <line num="89" count="0" type="stmt"/>
        <line num="90" count="0" type="stmt"/>
        <line num="91" count="0" type="stmt"/>
        <line num="94" count="11" type="stmt"/>
        <line num="95" count="2" type="stmt"/>
        <line num="96" count="2" type="stmt"/>
        <line num="99" count="11" type="stmt"/>
        <line num="100" count="2" type="stmt"/>
        <line num="101" count="2" type="stmt"/>
        <line num="102" count="2" type="stmt"/>
        <line num="105" count="11" type="stmt"/>
        <line num="135" count="2" type="stmt"/>
        <line num="160" count="20" type="stmt"/>
        <line num="177" count="1" type="stmt"/>
        <line num="178" count="1" type="stmt"/>
        <line num="179" count="1" type="stmt"/>
        <line num="195" count="1" type="stmt"/>
        <line num="196" count="1" type="stmt"/>
      </file>
      <file name="EditUserProfileDialog.js" path="/home/jshen52/softwareTesting/601.422_team/SJM/Team-SuperSurveyors/src/components/EditUserProfileDialog.js">
        <metrics statements="29" coveredstatements="29" conditionals="14" coveredconditionals="13" methods="10" coveredmethods="7"/>
        <line num="24" count="2" type="stmt"/>
        <line num="32" count="2" type="stmt"/>
        <line num="39" count="2" type="stmt"/>
        <line num="46" count="2" type="stmt"/>
        <line num="56" count="23" type="stmt"/>
        <line num="57" count="23" type="stmt"/>
        <line num="59" count="23" type="stmt"/>
        <line num="60" count="7" type="stmt"/>
        <line num="61" count="7" type="stmt"/>
        <line num="62" count="7" type="stmt"/>
        <line num="63" count="7" type="stmt"/>
        <line num="64" count="4" type="stmt"/>
        <line num="65" count="4" type="stmt"/>
        <line num="67" count="2" type="stmt"/>
        <line num="68" count="2" type="stmt"/>
        <line num="70" count="6" type="stmt"/>
        <line num="74" count="23" type="stmt"/>
        <line num="75" count="23" type="stmt"/>
        <line num="76" count="3" type="cond" truecount="4" falsecount="0"/>
        <line num="77" count="1" type="stmt"/>
        <line num="78" count="1" type="stmt"/>
        <line num="82" count="23" type="cond" truecount="1" falsecount="1"/>
        <line num="83" count="23" type="stmt"/>
        <line num="86" count="23" type="stmt"/>
        <line num="87" count="23" type="stmt"/>
        <line num="91" count="23" type="stmt"/>
        <line num="92" count="1" type="stmt"/>
        <line num="95" count="23" type="stmt"/>
        <line num="143" count="4" type="stmt"/>
      </file>
      <file name="LandingPage.js" path="/home/jshen52/softwareTesting/601.422_team/SJM/Team-SuperSurveyors/src/components/LandingPage.js">
        <metrics statements="13" coveredstatements="13" conditionals="0" coveredconditionals="0" methods="8" coveredmethods="8"/>
        <line num="35" count="2" type="stmt"/>
        <line num="36" count="7" type="stmt"/>
        <line num="39" count="7" type="stmt"/>
        <line num="51" count="7" type="stmt"/>
        <line num="60" count="7" type="stmt"/>
        <line num="83" count="7" type="stmt"/>
        <line num="122" count="1" type="stmt"/>
        <line num="137" count="1" type="stmt"/>
        <line num="172" count="28" type="stmt"/>
        <line num="206" count="28" type="stmt"/>
        <line num="264" count="21" type="stmt"/>
        <line num="290" count="21" type="stmt"/>
        <line num="325" count="42" type="stmt"/>
      </file>
      <file name="Login.js" path="/home/jshen52/softwareTesting/601.422_team/SJM/Team-SuperSurveyors/src/components/Login.js">
        <metrics statements="44" coveredstatements="44" conditionals="22" coveredconditionals="21" methods="11" coveredmethods="11"/>
        <line num="25" count="2" type="stmt"/>
        <line num="26" count="37" type="stmt"/>
        <line num="27" count="36" type="stmt"/>
        <line num="28" count="36" type="stmt"/>
        <line num="29" count="36" type="stmt"/>
        <line num="30" count="36" type="stmt"/>
        <line num="31" count="36" type="stmt"/>
        <line num="32" count="36" type="stmt"/>
        <line num="34" count="36" type="stmt"/>
        <line num="35" count="18" type="stmt"/>
        <line num="36" count="18" type="cond" truecount="2" falsecount="0"/>
        <line num="37" count="1" type="stmt"/>
        <line num="42" count="36" type="stmt"/>
        <line num="43" count="18" type="stmt"/>
        <line num="44" count="18" type="cond" truecount="2" falsecount="0"/>
        <line num="45" count="1" type="stmt"/>
        <line num="50" count="36" type="stmt"/>
        <line num="51" count="8" type="stmt"/>
        <line num="53" count="8" type="stmt"/>
        <line num="54" count="8" type="stmt"/>
        <line num="55" count="4" type="stmt"/>
        <line num="56" count="4" type="stmt"/>
        <line num="58" count="4" type="stmt"/>
        <line num="60" count="4" type="cond" truecount="4" falsecount="0"/>
        <line num="61" count="1" type="stmt"/>
        <line num="62" count="3" type="cond" truecount="4" falsecount="0"/>
        <line num="63" count="1" type="stmt"/>
        <line num="65" count="2" type="stmt"/>
        <line num="67" count="4" type="stmt"/>
        <line num="71" count="36" type="stmt"/>
        <line num="72" count="3" type="stmt"/>
        <line num="74" count="3" type="stmt"/>
        <line num="75" count="3" type="stmt"/>
        <line num="76" count="2" type="cond" truecount="2" falsecount="0"/>
        <line num="77" count="1" type="stmt"/>
        <line num="79" count="1" type="stmt"/>
        <line num="83" count="1" type="stmt"/>
        <line num="88" count="36" type="stmt"/>
        <line num="89" count="4" type="stmt"/>
        <line num="92" count="36" type="stmt"/>
        <line num="132" count="5" type="stmt"/>
        <line num="153" count="5" type="stmt"/>
        <line num="195" count="3" type="stmt"/>
        <line num="211" count="1" type="stmt"/>
      </file>
      <file name="Multi.js" path="/home/jshen52/softwareTesting/601.422_team/SJM/Team-SuperSurveyors/src/components/Multi.js">
        <metrics statements="8" coveredstatements="8" conditionals="2" coveredconditionals="2" methods="4" coveredmethods="4"/>
        <line num="18" count="2" type="stmt"/>
        <line num="20" count="2" type="stmt"/>
        <line num="23" count="4" type="stmt"/>
        <line num="24" count="16" type="stmt"/>
        <line num="28" count="4" type="stmt"/>
        <line num="42" count="4" type="stmt"/>
        <line num="53" count="2" type="cond" truecount="2" falsecount="0"/>
        <line num="62" count="4" type="stmt"/>
      </file>
      <file name="NavBar.js" path="/home/jshen52/softwareTesting/601.422_team/SJM/Team-SuperSurveyors/src/components/NavBar.js">
        <metrics statements="40" coveredstatements="36" conditionals="12" coveredconditionals="10" methods="15" coveredmethods="12"/>
        <line num="27" count="2" type="stmt"/>
        <line num="28" count="29" type="stmt"/>
        <line num="29" count="28" type="stmt"/>
        <line num="30" count="28" type="stmt"/>
        <line num="31" count="28" type="stmt"/>
        <line num="33" count="28" type="stmt"/>
        <line num="34" count="28" type="stmt"/>
        <line num="35" count="28" type="stmt"/>
        <line num="36" count="28" type="stmt"/>
        <line num="38" count="28" type="stmt"/>
        <line num="40" count="7" type="stmt"/>
        <line num="41" count="7" type="stmt"/>
        <line num="44" count="15" type="stmt"/>
        <line num="45" count="15" type="stmt"/>
        <line num="48" count="15" type="cond" truecount="2" falsecount="0"/>
        <line num="49" count="7" type="stmt"/>
        <line num="50" count="7" type="stmt"/>
        <line num="51" count="1" type="stmt"/>
        <line num="55" count="15" type="stmt"/>
        <line num="58" count="28" type="stmt"/>
        <line num="59" count="1" type="stmt"/>
        <line num="60" count="1" type="stmt"/>
        <line num="61" count="1" type="stmt"/>
        <line num="64" count="28" type="stmt"/>
        <line num="65" count="3" type="stmt"/>
        <line num="68" count="28" type="stmt"/>
        <line num="69" count="2" type="stmt"/>
        <line num="72" count="28" type="stmt"/>
        <line num="73" count="0" type="stmt"/>
        <line num="76" count="28" type="stmt"/>
        <line num="77" count="0" type="stmt"/>
        <line num="80" count="28" type="stmt"/>
        <line num="88" count="28" type="stmt"/>
        <line num="102" count="112" type="stmt"/>
        <line num="105" count="0" type="stmt"/>
        <line num="106" count="0" type="stmt"/>
        <line num="120" count="28" type="stmt"/>
        <line num="170" count="80" type="stmt"/>
        <line num="252" count="1" type="stmt"/>
        <line num="253" count="1" type="stmt"/>
      </file>
      <file name="Onboarding.js" path="/home/jshen52/softwareTesting/601.422_team/SJM/Team-SuperSurveyors/src/components/Onboarding.js">
        <metrics statements="32" coveredstatements="32" conditionals="14" coveredconditionals="13" methods="10" coveredmethods="10"/>
        <line num="23" count="2" type="stmt"/>
        <line num="24" count="26" type="stmt"/>
        <line num="25" count="26" type="stmt"/>
        <line num="26" count="26" type="stmt"/>
        <line num="27" count="26" type="stmt"/>
        <line num="28" count="26" type="stmt"/>
        <line num="29" count="26" type="stmt"/>
        <line num="31" count="26" type="stmt"/>
        <line num="32" count="8" type="stmt"/>
        <line num="33" count="8" type="stmt"/>
        <line num="34" count="8" type="stmt"/>
        <line num="35" count="8" type="stmt"/>
        <line num="36" count="30" type="stmt"/>
        <line num="40" count="5" type="stmt"/>
        <line num="42" count="3" type="stmt"/>
        <line num="45" count="8" type="stmt"/>
        <line num="48" count="26" type="stmt"/>
        <line num="49" count="13" type="stmt"/>
        <line num="50" count="13" type="cond" truecount="2" falsecount="0"/>
        <line num="51" count="1" type="stmt"/>
        <line num="56" count="26" type="stmt"/>
        <line num="57" count="2" type="cond" truecount="1" falsecount="1"/>
        <line num="58" count="2" type="stmt"/>
        <line num="59" count="2" type="stmt"/>
        <line num="60" count="2" type="stmt"/>
        <line num="61" count="1" type="stmt"/>
        <line num="63" count="1" type="stmt"/>
        <line num="68" count="26" type="stmt"/>
        <line num="70" count="26" type="stmt"/>
        <line num="134" count="108" type="stmt"/>
        <line num="136" count="108" type="stmt"/>
        <line num="139" count="13" type="stmt"/>
      </file>
      <file name="Signup.js" path="/home/jshen52/softwareTesting/601.422_team/SJM/Team-SuperSurveyors/src/components/Signup.js">
        <metrics statements="32" coveredstatements="32" conditionals="8" coveredconditionals="8" methods="10" coveredmethods="10"/>
        <line num="26" count="2" type="stmt"/>
        <line num="27" count="22" type="stmt"/>
        <line num="28" count="22" type="stmt"/>
        <line num="29" count="22" type="stmt"/>
        <line num="30" count="22" type="stmt"/>
        <line num="31" count="22" type="stmt"/>
        <line num="32" count="22" type="stmt"/>
        <line num="33" count="22" type="stmt"/>
        <line num="36" count="22" type="stmt"/>
        <line num="37" count="22" type="stmt"/>
        <line num="38" count="22" type="cond" truecount="2" falsecount="0"/>
        <line num="39" count="1" type="stmt"/>
        <line num="44" count="22" type="stmt"/>
        <line num="45" count="4" type="stmt"/>
        <line num="46" count="4" type="stmt"/>
        <line num="47" count="4" type="stmt"/>
        <line num="48" count="4" type="stmt"/>
        <line num="49" count="2" type="stmt"/>
        <line num="52" count="2" type="stmt"/>
        <line num="63" count="2" type="stmt"/>
        <line num="65" count="2" type="stmt"/>
        <line num="66" count="2" type="stmt"/>
        <line num="67" count="2" type="stmt"/>
        <line num="71" count="22" type="stmt"/>
        <line num="72" count="2" type="stmt"/>
        <line num="75" count="22" type="stmt"/>
        <line num="98" count="1" type="stmt"/>
        <line num="123" count="3" type="stmt"/>
        <line num="143" count="3" type="stmt"/>
        <line num="164" count="3" type="stmt"/>
        <line num="206" count="1" type="stmt"/>
        <line num="222" count="1" type="stmt"/>
      </file>
      <file name="Survey.js" path="/home/jshen52/softwareTesting/601.422_team/SJM/Team-SuperSurveyors/src/components/Survey.js">
        <metrics statements="104" coveredstatements="104" conditionals="38" coveredconditionals="33" methods="28" coveredmethods="27"/>
        <line num="40" count="5" type="stmt"/>
        <line num="98" count="5" type="stmt"/>
        <line num="100" count="83" type="stmt"/>
        <line num="101" count="82" type="stmt"/>
        <line num="102" count="82" type="stmt"/>
        <line num="103" count="82" type="stmt"/>
        <line num="104" count="82" type="stmt"/>
        <line num="105" count="82" type="stmt"/>
        <line num="106" count="82" type="stmt"/>
        <line num="107" count="82" type="stmt"/>
        <line num="108" count="82" type="stmt"/>
        <line num="109" count="82" type="stmt"/>
        <line num="110" count="82" type="stmt"/>
        <line num="111" count="82" type="stmt"/>
        <line num="112" count="82" type="stmt"/>
        <line num="115" count="82" type="stmt"/>
        <line num="116" count="82" type="stmt"/>
        <line num="117" count="82" type="stmt"/>
        <line num="118" count="82" type="stmt"/>
        <line num="121" count="82" type="stmt"/>
        <line num="122" count="19" type="stmt"/>
        <line num="123" count="19" type="stmt"/>
        <line num="124" count="19" type="stmt"/>
        <line num="125" count="19" type="stmt"/>
        <line num="126" count="36" type="stmt"/>
        <line num="127" count="18" type="stmt"/>
        <line num="129" count="1" type="stmt"/>
        <line num="132" count="19" type="stmt"/>
        <line num="136" count="82" type="stmt"/>
        <line num="137" count="3" type="cond" truecount="2" falsecount="0"/>
        <line num="138" count="2" type="cond" truecount="2" falsecount="0"/>
        <line num="139" count="1" type="cond" truecount="1" falsecount="1"/>
        <line num="144" count="82" type="stmt"/>
        <line num="145" count="2" type="stmt"/>
        <line num="146" count="2" type="cond" truecount="3" falsecount="1"/>
        <line num="147" count="2" type="stmt"/>
        <line num="151" count="82" type="stmt"/>
        <line num="152" count="4" type="cond" truecount="1" falsecount="1"/>
        <line num="153" count="4" type="stmt"/>
        <line num="154" count="4" type="stmt"/>
        <line num="158" count="82" type="stmt"/>
        <line num="160" count="9" type="cond" truecount="2" falsecount="0"/>
        <line num="161" count="3" type="stmt"/>
        <line num="162" count="3" type="stmt"/>
        <line num="163" count="3" type="stmt"/>
        <line num="164" count="6" type="cond" truecount="5" falsecount="0"/>
        <line num="165" count="1" type="stmt"/>
        <line num="166" count="1" type="stmt"/>
        <line num="167" count="1" type="stmt"/>
        <line num="170" count="5" type="cond" truecount="1" falsecount="1"/>
        <line num="171" count="5" type="stmt"/>
        <line num="172" count="5" type="stmt"/>
        <line num="173" count="5" type="stmt"/>
        <line num="179" count="82" type="stmt"/>
        <line num="182" count="7" type="stmt"/>
        <line num="183" count="7" type="cond" truecount="2" falsecount="0"/>
        <line num="184" count="1" type="stmt"/>
        <line num="185" count="1" type="stmt"/>
        <line num="186" count="1" type="stmt"/>
        <line num="189" count="6" type="stmt"/>
        <line num="200" count="6" type="cond" truecount="2" falsecount="0"/>
        <line num="201" count="1" type="stmt"/>
        <line num="202" count="1" type="stmt"/>
        <line num="203" count="1" type="stmt"/>
        <line num="204" count="5" type="cond" truecount="2" falsecount="0"/>
        <line num="205" count="3" type="stmt"/>
        <line num="206" count="3" type="stmt"/>
        <line num="207" count="3" type="stmt"/>
        <line num="208" count="2" type="cond" truecount="4" falsecount="0"/>
        <line num="209" count="1" type="stmt"/>
        <line num="210" count="1" type="stmt"/>
        <line num="211" count="1" type="stmt"/>
        <line num="214" count="1" type="stmt"/>
        <line num="216" count="1" type="stmt"/>
        <line num="217" count="1" type="stmt"/>
        <line num="222" count="1" type="stmt"/>
        <line num="223" count="1" type="stmt"/>
        <line num="229" count="1" type="stmt"/>
        <line num="230" count="1" type="stmt"/>
        <line num="232" count="1" type="stmt"/>
        <line num="234" count="1" type="stmt"/>
        <line num="237" count="82" type="stmt"/>
        <line num="274" count="12" type="stmt"/>
        <line num="287" count="5" type="stmt"/>
        <line num="288" count="5" type="stmt"/>
        <line num="306" count="4" type="stmt"/>
        <line num="332" count="7" type="stmt"/>
        <line num="345" count="1" type="stmt"/>
        <line num="346" count="1" type="stmt"/>
        <line num="347" count="1" type="stmt"/>
        <line num="362" count="3" type="stmt"/>
        <line num="383" count="1" type="stmt"/>
        <line num="390" count="1" type="stmt"/>
        <line num="419" count="11" type="stmt"/>
        <line num="435" count="1" type="stmt"/>
        <line num="436" count="1" type="stmt"/>
        <line num="437" count="1" type="stmt"/>
        <line num="479" count="40" type="stmt"/>
        <line num="488" count="4" type="stmt"/>
        <line num="492" count="2" type="stmt"/>
        <line num="493" count="1" type="stmt"/>
        <line num="505" count="1" type="stmt"/>
        <line num="540" count="1" type="stmt"/>
        <line num="547" count="1" type="stmt"/>
      </file>
      <file name="SurveyDetailView.js" path="/home/jshen52/softwareTesting/601.422_team/SJM/Team-SuperSurveyors/src/components/SurveyDetailView.js">
        <metrics statements="33" coveredstatements="30" conditionals="23" coveredconditionals="21" methods="11" coveredmethods="8"/>
        <line num="22" count="2" type="stmt"/>
        <line num="26" count="2" type="stmt"/>
        <line num="27" count="11" type="stmt"/>
        <line num="28" count="11" type="stmt"/>
        <line num="29" count="11" type="stmt"/>
        <line num="30" count="11" type="stmt"/>
        <line num="31" count="11" type="stmt"/>
        <line num="33" count="11" type="stmt"/>
        <line num="34" count="6" type="stmt"/>
        <line num="35" count="6" type="stmt"/>
        <line num="36" count="6" type="stmt"/>
        <line num="37" count="4" type="stmt"/>
        <line num="39" count="3" type="cond" truecount="1" falsecount="1"/>
        <line num="40" count="3" type="stmt"/>
        <line num="41" count="3" type="stmt"/>
        <line num="42" count="3" type="stmt"/>
        <line num="44" count="0" type="stmt"/>
        <line num="47" count="2" type="stmt"/>
        <line num="48" count="2" type="stmt"/>
        <line num="50" count="5" type="stmt"/>
        <line num="54" count="6" type="stmt"/>
        <line num="57" count="11" type="cond" truecount="2" falsecount="0"/>
        <line num="58" count="6" type="stmt"/>
        <line num="69" count="5" type="cond" truecount="4" falsecount="0"/>
        <line num="70" count="2" type="stmt"/>
        <line num="79" count="0" type="stmt"/>
        <line num="89" count="3" type="stmt"/>
        <line num="94" count="0" type="stmt"/>
        <line num="113" count="6" type="stmt"/>
        <line num="146" count="2" type="stmt"/>
        <line num="154" count="2" type="stmt"/>
        <line num="162" count="2" type="stmt"/>
        <line num="191" count="6" type="stmt"/>
      </file>
      <file name="SurveyResults.js" path="/home/jshen52/softwareTesting/601.422_team/SJM/Team-SuperSurveyors/src/components/SurveyResults.js">
        <metrics statements="27" coveredstatements="27" conditionals="15" coveredconditionals="14" methods="8" coveredmethods="8"/>
        <line num="19" count="2" type="stmt"/>
        <line num="21" count="2" type="stmt"/>
        <line num="22" count="8" type="stmt"/>
        <line num="24" count="8" type="stmt"/>
        <line num="25" count="7" type="stmt"/>
        <line num="27" count="7" type="stmt"/>
        <line num="28" count="7" type="stmt"/>
        <line num="30" count="7" type="stmt"/>
        <line num="32" count="7" type="stmt"/>
        <line num="33" count="4" type="cond" truecount="1" falsecount="1"/>
        <line num="34" count="4" type="cond" truecount="2" falsecount="0"/>
        <line num="35" count="2" type="stmt"/>
        <line num="38" count="7" type="stmt"/>
        <line num="39" count="4" type="stmt"/>
        <line num="40" count="4" type="stmt"/>
        <line num="41" count="3" type="stmt"/>
        <line num="42" count="3" type="stmt"/>
        <line num="45" count="4" type="stmt"/>
        <line num="46" count="4" type="stmt"/>
        <line num="47" count="3" type="stmt"/>
        <line num="48" count="3" type="stmt"/>
        <line num="51" count="4" type="stmt"/>
        <line num="52" count="4" type="stmt"/>
        <line num="55" count="7" type="stmt"/>
        <line num="86" count="4" type="stmt"/>
        <line num="109" count="4" type="stmt"/>
        <line num="132" count="1" type="stmt"/>
      </file>
      <file name="SurveyView.js" path="/home/jshen52/softwareTesting/601.422_team/SJM/Team-SuperSurveyors/src/components/SurveyView.js">
        <metrics statements="89" coveredstatements="86" conditionals="30" coveredconditionals="26" methods="30" coveredmethods="28"/>
        <line num="36" count="2" type="stmt"/>
        <line num="90" count="2" type="stmt"/>
        <line num="91" count="75" type="stmt"/>
        <line num="92" count="74" type="stmt"/>
        <line num="93" count="74" type="stmt"/>
        <line num="94" count="74" type="stmt"/>
        <line num="95" count="74" type="stmt"/>
        <line num="96" count="74" type="stmt"/>
        <line num="97" count="74" type="stmt"/>
        <line num="98" count="74" type="stmt"/>
        <line num="99" count="74" type="stmt"/>
        <line num="100" count="74" type="stmt"/>
        <line num="101" count="74" type="stmt"/>
        <line num="102" count="74" type="stmt"/>
        <line num="104" count="74" type="stmt"/>
        <line num="105" count="21" type="stmt"/>
        <line num="106" count="21" type="stmt"/>
        <line num="107" count="21" type="cond" truecount="2" falsecount="0"/>
        <line num="108" count="1" type="stmt"/>
        <line num="109" count="1" type="stmt"/>
        <line num="111" count="20" type="stmt"/>
        <line num="112" count="19" type="stmt"/>
        <line num="113" count="19" type="stmt"/>
        <line num="116" count="21" type="stmt"/>
        <line num="119" count="74" type="stmt"/>
        <line num="120" count="13" type="stmt"/>
        <line num="121" count="13" type="stmt"/>
        <line num="122" count="13" type="stmt"/>
        <line num="125" count="74" type="stmt"/>
        <line num="126" count="12" type="stmt"/>
        <line num="127" count="12" type="stmt"/>
        <line num="130" count="74" type="stmt"/>
        <line num="131" count="3" type="stmt"/>
        <line num="132" count="3" type="stmt"/>
        <line num="135" count="74" type="stmt"/>
        <line num="136" count="1" type="stmt"/>
        <line num="137" count="1" type="stmt"/>
        <line num="140" count="74" type="stmt"/>
        <line num="141" count="7" type="stmt"/>
        <line num="142" count="7" type="stmt"/>
        <line num="143" count="7" type="stmt"/>
        <line num="144" count="7" type="stmt"/>
        <line num="145" count="7" type="stmt"/>
        <line num="146" count="7" type="stmt"/>
        <line num="148" count="7" type="stmt"/>
        <line num="149" count="7" type="stmt"/>
        <line num="152" count="74" type="stmt"/>
        <line num="153" count="2" type="cond" truecount="2" falsecount="0"/>
        <line num="154" count="1" type="stmt"/>
        <line num="155" count="1" type="stmt"/>
        <line num="156" count="1" type="cond" truecount="1" falsecount="1"/>
        <line num="157" count="1" type="stmt"/>
        <line num="158" count="1" type="stmt"/>
        <line num="161" count="1" type="cond" truecount="1" falsecount="1"/>
        <line num="162" count="1" type="stmt"/>
        <line num="164" count="1" type="stmt"/>
        <line num="167" count="74" type="stmt"/>
        <line num="168" count="4" type="cond" truecount="2" falsecount="0"/>
        <line num="171" count="74" type="stmt"/>
        <line num="172" count="2" type="stmt"/>
        <line num="175" count="74" type="stmt"/>
        <line num="176" count="4" type="cond" truecount="2" falsecount="0"/>
        <line num="179" count="74" type="stmt"/>
        <line num="180" count="1" type="stmt"/>
        <line num="183" count="74" type="stmt"/>
        <line num="184" count="0" type="stmt"/>
        <line num="185" count="0" type="stmt"/>
        <line num="188" count="74" type="stmt"/>
        <line num="218" count="103" type="stmt"/>
        <line num="250" count="13" type="stmt"/>
        <line num="267" count="72" type="stmt"/>
        <line num="307" count="12" type="stmt"/>
        <line num="322" count="7" type="stmt"/>
        <line num="323" count="7" type="stmt"/>
        <line num="331" count="1" type="stmt"/>
        <line num="332" count="1" type="stmt"/>
        <line num="341" count="1" type="stmt"/>
        <line num="342" count="1" type="stmt"/>
        <line num="353" count="3" type="stmt"/>
        <line num="354" count="3" type="stmt"/>
        <line num="374" count="1" type="stmt"/>
        <line num="375" count="1" type="cond" truecount="1" falsecount="1"/>
        <line num="376" count="1" type="stmt"/>
        <line num="377" count="1" type="stmt"/>
        <line num="378" count="1" type="stmt"/>
        <line num="381" count="1" type="stmt"/>
        <line num="382" count="1" type="stmt"/>
        <line num="386" count="1" type="stmt"/>
        <line num="423" count="0" type="stmt"/>
      </file>
      <file name="TrendingView.js" path="/home/jshen52/softwareTesting/601.422_team/SJM/Team-SuperSurveyors/src/components/TrendingView.js">
        <metrics statements="16" coveredstatements="16" conditionals="24" coveredconditionals="20" methods="7" coveredmethods="7"/>
        <line num="19" count="2" type="stmt"/>
        <line num="20" count="10" type="stmt"/>
        <line num="21" count="10" type="stmt"/>
        <line num="22" count="10" type="stmt"/>
        <line num="24" count="10" type="stmt"/>
        <line num="25" count="6" type="stmt"/>
        <line num="26" count="6" type="stmt"/>
        <line num="27" count="4" type="stmt"/>
        <line num="28" count="4" type="stmt"/>
        <line num="31" count="6" type="stmt"/>
        <line num="34" count="10" type="stmt"/>
        <line num="35" count="1" type="stmt"/>
        <line num="38" count="10" type="stmt"/>
        <line num="69" count="8" type="stmt"/>
        <line num="104" count="6" type="stmt"/>
        <line num="122" count="1" type="stmt"/>
      </file>
      <file name="UserView.js" path="/home/jshen52/softwareTesting/601.422_team/SJM/Team-SuperSurveyors/src/components/UserView.js">
        <metrics statements="64" coveredstatements="64" conditionals="30" coveredconditionals="24" methods="21" coveredmethods="21"/>
        <line num="28" count="2" type="stmt"/>
        <line num="74" count="2" type="stmt"/>
        <line num="75" count="41" type="stmt"/>
        <line num="76" count="40" type="stmt"/>
        <line num="77" count="40" type="stmt"/>
        <line num="78" count="40" type="stmt"/>
        <line num="79" count="40" type="stmt"/>
        <line num="80" count="40" type="stmt"/>
        <line num="81" count="40" type="stmt"/>
        <line num="82" count="40" type="stmt"/>
        <line num="83" count="40" type="stmt"/>
        <line num="86" count="40" type="stmt"/>
        <line num="87" count="13" type="stmt"/>
        <line num="88" count="13" type="stmt"/>
        <line num="89" count="13" type="stmt"/>
        <line num="90" count="13" type="cond" truecount="2" falsecount="0"/>
        <line num="91" count="12" type="stmt"/>
        <line num="92" count="10" type="cond" truecount="1" falsecount="1"/>
        <line num="93" count="10" type="stmt"/>
        <line num="94" count="10" type="stmt"/>
        <line num="95" count="10" type="cond" truecount="2" falsecount="0"/>
        <line num="99" count="1" type="stmt"/>
        <line num="101" count="12" type="stmt"/>
        <line num="104" count="13" type="stmt"/>
        <line num="107" count="40" type="stmt"/>
        <line num="108" count="13" type="stmt"/>
        <line num="109" count="13" type="stmt"/>
        <line num="110" count="13" type="stmt"/>
        <line num="111" count="13" type="stmt"/>
        <line num="112" count="42" type="stmt"/>
        <line num="113" count="12" type="stmt"/>
        <line num="115" count="1" type="stmt"/>
        <line num="118" count="13" type="stmt"/>
        <line num="122" count="40" type="stmt"/>
        <line num="123" count="2" type="cond" truecount="1" falsecount="1"/>
        <line num="124" count="2" type="cond" truecount="1" falsecount="1"/>
        <line num="125" count="2" type="cond" truecount="1" falsecount="1"/>
        <line num="126" count="2" type="stmt"/>
        <line num="129" count="40" type="stmt"/>
        <line num="130" count="1" type="stmt"/>
        <line num="135" count="1" type="stmt"/>
        <line num="140" count="40" type="stmt"/>
        <line num="141" count="3" type="stmt"/>
        <line num="142" count="3" type="cond" truecount="2" falsecount="0"/>
        <line num="146" count="40" type="stmt"/>
        <line num="147" count="3" type="cond" truecount="1" falsecount="1"/>
        <line num="148" count="3" type="stmt"/>
        <line num="149" count="3" type="stmt"/>
        <line num="150" count="3" type="stmt"/>
        <line num="151" count="2" type="stmt"/>
        <line num="152" count="2" type="stmt"/>
        <line num="154" count="1" type="stmt"/>
        <line num="158" count="40" type="cond" truecount="2" falsecount="0"/>
        <line num="159" count="13" type="stmt"/>
        <line num="176" count="27" type="cond" truecount="2" falsecount="0"/>
        <line num="177" count="2" type="stmt"/>
        <line num="191" count="25" type="stmt"/>
        <line num="219" count="5" type="stmt"/>
        <line num="260" count="41" type="stmt"/>
        <line num="295" count="1" type="stmt"/>
        <line num="306" count="1" type="stmt"/>
        <line num="314" count="84" type="stmt"/>
        <line num="318" count="3" type="stmt"/>
        <line num="331" count="1" type="stmt"/>
      </file>
      <file name="answerSurvey.js" path="/home/jshen52/softwareTesting/601.422_team/SJM/Team-SuperSurveyors/src/components/answerSurvey.js">
        <metrics statements="223" coveredstatements="213" conditionals="94" coveredconditionals="84" methods="35" coveredmethods="33"/>
        <line num="33" count="3" type="stmt"/>
        <line num="34" count="135" type="stmt"/>
        <line num="35" count="133" type="stmt"/>
        <line num="36" count="133" type="stmt"/>
        <line num="37" count="133" type="stmt"/>
        <line num="38" count="133" type="stmt"/>
        <line num="39" count="133" type="stmt"/>
        <line num="40" count="133" type="stmt"/>
        <line num="41" count="133" type="stmt"/>
        <line num="42" count="133" type="cond" truecount="4" falsecount="0"/>
        <line num="43" count="133" type="stmt"/>
        <line num="44" count="133" type="stmt"/>
        <line num="45" count="133" type="stmt"/>
        <line num="48" count="133" type="stmt"/>
        <line num="49" count="133" type="stmt"/>
        <line num="50" count="133" type="stmt"/>
        <line num="51" count="133" type="stmt"/>
        <line num="53" count="133" type="stmt"/>
        <line num="55" count="133" type="stmt"/>
        <line num="56" count="133" type="stmt"/>
        <line num="57" count="115" type="stmt"/>
        <line num="58" count="115" type="cond" truecount="2" falsecount="0"/>
        <line num="59" count="113" type="stmt"/>
        <line num="61" count="2" type="stmt"/>
        <line num="65" count="133" type="stmt"/>
        <line num="66" count="32" type="stmt"/>
        <line num="67" count="32" type="stmt"/>
        <line num="68" count="31" type="stmt"/>
        <line num="72" count="31" type="stmt"/>
        <line num="74" count="27" type="cond" truecount="2" falsecount="0"/>
        <line num="75" count="1" type="stmt"/>
        <line num="76" count="1" type="stmt"/>
        <line num="81" count="7" type="stmt"/>
        <line num="84" count="24" type="stmt"/>
        <line num="85" count="24" type="stmt"/>
        <line num="89" count="133" type="stmt"/>
        <line num="91" count="32" type="stmt"/>
        <line num="93" count="32" type="stmt"/>
        <line num="94" count="32" type="stmt"/>
        <line num="95" count="31" type="stmt"/>
        <line num="99" count="5" type="stmt"/>
        <line num="100" count="5" type="stmt"/>
        <line num="101" count="5" type="stmt"/>
        <line num="102" count="5" type="stmt"/>
        <line num="103" count="5" type="stmt"/>
        <line num="104" count="4" type="stmt"/>
        <line num="105" count="4" type="cond" truecount="2" falsecount="0"/>
        <line num="106" count="3" type="stmt"/>
        <line num="108" count="4" type="cond" truecount="2" falsecount="0"/>
        <line num="109" count="3" type="stmt"/>
        <line num="113" count="5" type="cond" truecount="2" falsecount="0"/>
        <line num="117" count="5" type="stmt"/>
        <line num="118" count="5" type="stmt"/>
        <line num="119" count="5" type="stmt"/>
        <line num="120" count="10" type="cond" truecount="2" falsecount="0"/>
        <line num="121" count="1" type="stmt"/>
        <line num="124" count="9" type="stmt"/>
        <line num="125" count="9" type="stmt"/>
        <line num="127" count="9" type="cond" truecount="1" falsecount="1"/>
        <line num="128" count="9" type="stmt"/>
        <line num="129" count="9" type="cond" truecount="2" falsecount="0"/>
        <line num="130" count="6" type="stmt"/>
        <line num="134" count="9" type="stmt"/>
        <line num="135" count="9" type="stmt"/>
        <line num="136" count="9" type="stmt"/>
        <line num="138" count="5" type="stmt"/>
        <line num="140" count="27" type="stmt"/>
        <line num="143" count="133" type="stmt"/>
        <line num="144" count="16" type="stmt"/>
        <line num="145" count="16" type="stmt"/>
        <line num="146" count="16" type="stmt"/>
        <line num="147" count="14" type="cond" truecount="2" falsecount="0"/>
        <line num="148" count="11" type="stmt"/>
        <line num="149" count="11" type="stmt"/>
        <line num="150" count="11" type="stmt"/>
        <line num="151" count="11" type="stmt"/>
        <line num="153" count="11" type="cond" truecount="1" falsecount="1"/>
        <line num="154" count="11" type="stmt"/>
        <line num="155" count="11" type="cond" truecount="1" falsecount="1"/>
        <line num="156" count="11" type="cond" truecount="2" falsecount="0"/>
        <line num="157" count="2" type="stmt"/>
        <line num="158" count="2" type="stmt"/>
        <line num="159" count="2" type="stmt"/>
        <line num="162" count="9" type="stmt"/>
        <line num="163" count="9" type="stmt"/>
        <line num="166" count="9" type="stmt"/>
        <line num="167" count="9" type="cond" truecount="2" falsecount="0"/>
        <line num="168" count="9" type="cond" truecount="2" falsecount="0"/>
        <line num="169" count="9" type="cond" truecount="2" falsecount="0"/>
        <line num="171" count="9" type="stmt"/>
        <line num="172" count="7" type="stmt"/>
        <line num="177" count="9" type="stmt"/>
        <line num="179" count="2" type="stmt"/>
        <line num="180" count="2" type="stmt"/>
        <line num="183" count="3" type="stmt"/>
        <line num="184" count="3" type="stmt"/>
        <line num="188" count="133" type="cond" truecount="1" falsecount="0"/>
        <line num="189" count="38" type="stmt"/>
        <line num="190" count="38" type="stmt"/>
        <line num="191" count="38" type="stmt"/>
        <line num="192" count="38" type="stmt"/>
        <line num="195" count="38" type="cond" truecount="2" falsecount="0"/>
        <line num="196" count="32" type="stmt"/>
        <line num="198" count="32" type="cond" truecount="2" falsecount="0"/>
        <line num="199" count="1" type="stmt"/>
        <line num="200" count="1" type="stmt"/>
        <line num="201" count="1" type="cond" truecount="1" falsecount="1"/>
        <line num="202" count="1" type="stmt"/>
        <line num="203" count="1" type="stmt"/>
        <line num="205" count="0" type="cond" truecount="0" falsecount="2"/>
        <line num="206" count="0" type="stmt"/>
        <line num="207" count="0" type="stmt"/>
        <line num="209" count="0" type="stmt"/>
        <line num="210" count="0" type="stmt"/>
        <line num="214" count="31" type="cond" truecount="2" falsecount="0"/>
        <line num="215" count="28" type="stmt"/>
        <line num="216" count="28" type="stmt"/>
        <line num="218" count="3" type="stmt"/>
        <line num="220" count="3" type="stmt"/>
        <line num="224" count="6" type="cond" truecount="1" falsecount="1"/>
        <line num="225" count="6" type="stmt"/>
        <line num="226" count="6" type="stmt"/>
        <line num="229" count="0" type="stmt"/>
        <line num="230" count="0" type="stmt"/>
        <line num="233" count="38" type="cond" truecount="2" falsecount="0"/>
        <line num="234" count="9" type="stmt"/>
        <line num="237" count="29" type="stmt"/>
        <line num="238" count="29" type="stmt"/>
        <line num="239" count="29" type="cond" truecount="2" falsecount="0"/>
        <line num="241" count="29" type="stmt"/>
        <line num="242" count="33" type="stmt"/>
        <line num="248" count="29" type="stmt"/>
        <line num="251" count="133" type="stmt"/>
        <line num="252" count="17" type="cond" truecount="2" falsecount="0"/>
        <line num="253" count="3" type="stmt"/>
        <line num="256" count="17" type="stmt"/>
        <line num="257" count="17" type="stmt"/>
        <line num="262" count="17" type="stmt"/>
        <line num="264" count="17" type="stmt"/>
        <line num="268" count="133" type="stmt"/>
        <line num="269" count="17" type="stmt"/>
        <line num="270" count="17" type="stmt"/>
        <line num="271" count="17" type="stmt"/>
        <line num="272" count="17" type="stmt"/>
        <line num="279" count="10" type="stmt"/>
        <line num="283" count="133" type="stmt"/>
        <line num="284" count="14" type="stmt"/>
        <line num="286" count="14" type="stmt"/>
        <line num="287" count="14" type="cond" truecount="2" falsecount="0"/>
        <line num="288" count="1" type="stmt"/>
        <line num="289" count="1" type="stmt"/>
        <line num="290" count="1" type="stmt"/>
        <line num="293" count="13" type="stmt"/>
        <line num="294" count="13" type="stmt"/>
        <line num="295" count="12" type="cond" truecount="4" falsecount="0"/>
        <line num="296" count="3" type="stmt"/>
        <line num="297" count="3" type="stmt"/>
        <line num="298" count="3" type="stmt"/>
        <line num="302" count="10" type="stmt"/>
        <line num="303" count="10" type="stmt"/>
        <line num="305" count="10" type="stmt"/>
        <line num="306" count="10" type="stmt"/>
        <line num="308" count="10" type="cond" truecount="2" falsecount="0"/>
        <line num="309" count="7" type="stmt"/>
        <line num="310" count="7" type="stmt"/>
        <line num="314" count="10" type="stmt"/>
        <line num="315" count="10" type="stmt"/>
        <line num="317" count="8" type="stmt"/>
        <line num="319" count="7" type="stmt"/>
        <line num="327" count="7" type="stmt"/>
        <line num="328" count="7" type="stmt"/>
        <line num="329" count="7" type="stmt"/>
        <line num="330" count="7" type="cond" truecount="2" falsecount="0"/>
        <line num="331" count="2" type="cond" truecount="2" falsecount="0"/>
        <line num="335" count="7" type="cond" truecount="1" falsecount="1"/>
        <line num="336" count="0" type="stmt"/>
        <line num="338" count="7" type="stmt"/>
        <line num="341" count="7" type="stmt"/>
        <line num="348" count="8" type="stmt"/>
        <line num="349" count="8" type="stmt"/>
        <line num="350" count="8" type="stmt"/>
        <line num="352" count="2" type="stmt"/>
        <line num="353" count="2" type="stmt"/>
        <line num="354" count="2" type="stmt"/>
        <line num="358" count="133" type="stmt"/>
        <line num="359" count="48" type="cond" truecount="1" falsecount="1"/>
        <line num="360" count="48" type="stmt"/>
        <line num="361" count="48" type="cond" truecount="2" falsecount="0"/>
        <line num="362" count="16" type="stmt"/>
        <line num="364" count="32" type="stmt"/>
        <line num="365" count="32" type="stmt"/>
        <line num="371" count="133" type="stmt"/>
        <line num="372" count="50" type="cond" truecount="2" falsecount="0"/>
        <line num="373" count="2" type="stmt"/>
        <line num="374" count="1" type="stmt"/>
        <line num="377" count="2" type="stmt"/>
        <line num="381" count="133" type="cond" truecount="2" falsecount="0"/>
        <line num="382" count="58" type="stmt"/>
        <line num="394" count="75" type="cond" truecount="2" falsecount="0"/>
        <line num="395" count="2" type="stmt"/>
        <line num="403" count="73" type="cond" truecount="2" falsecount="0"/>
        <line num="405" count="7" type="stmt"/>
        <line num="438" count="0" type="stmt"/>
        <line num="448" count="66" type="stmt"/>
        <line num="455" count="5" type="stmt"/>
        <line num="456" count="5" type="stmt"/>
        <line num="501" count="12" type="stmt"/>
        <line num="520" count="2" type="stmt"/>
        <line num="534" count="2" type="stmt"/>
        <line num="544" count="64" type="stmt"/>
        <line num="571" count="0" type="stmt"/>
        <line num="578" count="1" type="stmt"/>
        <line num="589" count="13" type="stmt"/>
        <line num="590" count="13" type="stmt"/>
        <line num="592" count="13" type="stmt"/>
        <line num="593" count="13" type="stmt"/>
        <line num="594" count="13" type="stmt"/>
        <line num="595" count="13" type="stmt"/>
        <line num="596" count="13" type="cond" truecount="2" falsecount="0"/>
        <line num="597" count="4" type="cond" truecount="1" falsecount="1"/>
        <line num="600" count="13" type="stmt"/>
        <line num="601" count="13" type="cond" truecount="2" falsecount="0"/>
        <line num="603" count="13" type="stmt"/>
      </file>
      <file name="createAndSharing.js" path="/home/jshen52/softwareTesting/601.422_team/SJM/Team-SuperSurveyors/src/components/createAndSharing.js">
        <metrics statements="10" coveredstatements="10" conditionals="2" coveredconditionals="2" methods="6" coveredmethods="6"/>
        <line num="6" count="4" type="stmt"/>
        <line num="9" count="2" type="stmt"/>
        <line num="33" count="6" type="stmt"/>
        <line num="35" count="6" type="cond" truecount="2" falsecount="0"/>
        <line num="37" count="4" type="stmt"/>
        <line num="42" count="2" type="stmt"/>
        <line num="43" count="1" type="stmt"/>
        <line num="46" count="2" type="stmt"/>
        <line num="47" count="1" type="stmt"/>
        <line num="49" count="1" type="stmt"/>
      </file>
      <file name="taggingService.js" path="/home/jshen52/softwareTesting/601.422_team/SJM/Team-SuperSurveyors/src/components/taggingService.js">
        <metrics statements="18" coveredstatements="18" conditionals="8" coveredconditionals="7" methods="4" coveredmethods="4"/>
        <line num="5" count="4" type="stmt"/>
        <line num="18" count="6" type="stmt"/>
        <line num="19" count="6" type="stmt"/>
        <line num="25" count="6" type="stmt"/>
        <line num="31" count="4" type="stmt"/>
        <line num="34" count="4" type="stmt"/>
        <line num="37" count="4" type="stmt"/>
        <line num="48" count="5" type="cond" truecount="2" falsecount="0"/>
        <line num="51" count="4" type="stmt"/>
        <line num="52" count="4" type="stmt"/>
        <line num="53" count="4" type="stmt"/>
        <line num="54" count="3" type="stmt"/>
        <line num="55" count="3" type="cond" truecount="2" falsecount="0"/>
        <line num="57" count="2" type="cond" truecount="1" falsecount="1"/>
        <line num="58" count="2" type="cond" truecount="2" falsecount="0"/>
        <line num="59" count="1" type="stmt"/>
        <line num="60" count="1" type="stmt"/>
        <line num="64" count="1" type="stmt"/>
      </file>
    </package>
    <package name="src.components.Question">
      <metrics statements="51" coveredstatements="41" conditionals="27" coveredconditionals="25" methods="14" coveredmethods="11"/>
      <file name="EditableQuestion.js" path="/home/jshen52/softwareTesting/601.422_team/SJM/Team-SuperSurveyors/src/components/Question/EditableQuestion.js">
        <metrics statements="36" coveredstatements="26" conditionals="11" coveredconditionals="9" methods="9" coveredmethods="6"/>
        <line num="5" count="2" type="stmt"/>
        <line num="6" count="33" type="stmt"/>
        <line num="7" count="33" type="stmt"/>
        <line num="8" count="33" type="stmt"/>
        <line num="9" count="33" type="stmt"/>
        <line num="10" count="33" type="stmt"/>
        <line num="12" count="33" type="stmt"/>
        <line num="13" count="3" type="stmt"/>
        <line num="14" count="3" type="stmt"/>
        <line num="17" count="33" type="stmt"/>
        <line num="18" count="22" type="stmt"/>
        <line num="21" count="33" type="stmt"/>
        <line num="23" count="3" type="cond" truecount="5" falsecount="0"/>
        <line num="24" count="1" type="stmt"/>
        <line num="26" count="2" type="stmt"/>
        <line num="27" count="2" type="stmt"/>
        <line num="30" count="33" type="stmt"/>
        <line num="31" count="1" type="stmt"/>
        <line num="32" count="1" type="stmt"/>
        <line num="35" count="33" type="stmt"/>
        <line num="36" count="21" type="cond" truecount="2" falsecount="0"/>
        <line num="37" count="1" type="stmt"/>
        <line num="41" count="33" type="stmt"/>
        <line num="42" count="0" type="stmt"/>
        <line num="43" count="0" type="stmt"/>
        <line num="44" count="0" type="stmt"/>
        <line num="45" count="0" type="stmt"/>
        <line num="48" count="33" type="stmt"/>
        <line num="49" count="0" type="cond" truecount="0" falsecount="2"/>
        <line num="50" count="0" type="stmt"/>
        <line num="53" count="0" type="stmt"/>
        <line num="54" count="0" type="stmt"/>
        <line num="55" count="0" type="stmt"/>
        <line num="58" count="33" type="stmt"/>
        <line num="59" count="0" type="stmt"/>
        <line num="63" count="33" type="stmt"/>
      </file>
      <file name="Question.js" path="/home/jshen52/softwareTesting/601.422_team/SJM/Team-SuperSurveyors/src/components/Question/Question.js">
        <metrics statements="15" coveredstatements="15" conditionals="16" coveredconditionals="16" methods="5" coveredmethods="5"/>
        <line num="6" count="8" type="cond" truecount="2" falsecount="0"/>
        <line num="7" count="104" type="stmt"/>
        <line num="11" count="104" type="stmt"/>
        <line num="12" count="26" type="cond" truecount="2" falsecount="0"/>
        <line num="13" count="5" type="stmt"/>
        <line num="14" count="5" type="cond" truecount="2" falsecount="0"/>
        <line num="15" count="2" type="stmt"/>
        <line num="17" count="5" type="stmt"/>
        <line num="18" count="5" type="stmt"/>
        <line num="19" count="5" type="stmt"/>
        <line num="22" count="21" type="stmt"/>
        <line num="23" count="21" type="stmt"/>
        <line num="26" count="104" type="stmt"/>
        <line num="42" count="2" type="stmt"/>
        <line num="60" count="17" type="stmt"/>
      </file>
    </package>
    <package name="src.models">
      <metrics statements="11" coveredstatements="11" conditionals="1" coveredconditionals="1" methods="5" coveredmethods="5"/>
      <file name="User.js" path="/home/jshen52/softwareTesting/601.422_team/SJM/Team-SuperSurveyors/src/models/User.js">
        <metrics statements="11" coveredstatements="11" conditionals="1" coveredconditionals="1" methods="5" coveredmethods="5"/>
        <line num="5" count="6" type="stmt"/>
        <line num="6" count="6" type="stmt"/>
        <line num="7" count="6" type="stmt"/>
        <line num="8" count="6" type="stmt"/>
        <line num="9" count="6" type="stmt"/>
        <line num="10" count="6" type="stmt"/>
        <line num="15" count="1" type="stmt"/>
        <line num="16" count="1" type="stmt"/>
        <line num="21" count="1" type="stmt"/>
        <line num="26" count="1" type="stmt"/>
        <line num="38" count="1" type="stmt"/>
      </file>
      <file name="surveyResults.js" path="/home/jshen52/softwareTesting/601.422_team/SJM/Team-SuperSurveyors/src/models/surveyResults.js">
        <metrics statements="0" coveredstatements="0" conditionals="0" coveredconditionals="0" methods="0" coveredmethods="0"/>
      </file>
    </package>
    <package name="src.routes">
      <metrics statements="9" coveredstatements="9" conditionals="6" coveredconditionals="6" methods="1" coveredmethods="1"/>
      <file name="PrivateRoutes.js" path="/home/jshen52/softwareTesting/601.422_team/SJM/Team-SuperSurveyors/src/routes/PrivateRoutes.js">
        <metrics statements="9" coveredstatements="9" conditionals="6" coveredconditionals="6" methods="1" coveredmethods="1"/>
        <line num="9" count="2" type="stmt"/>
        <line num="10" count="4" type="stmt"/>
        <line num="12" count="4" type="cond" truecount="2" falsecount="0"/>
        <line num="13" count="1" type="stmt"/>
        <line num="20" count="3" type="cond" truecount="2" falsecount="0"/>
        <line num="21" count="1" type="stmt"/>
        <line num="24" count="2" type="cond" truecount="2" falsecount="0"/>
        <line num="25" count="1" type="stmt"/>
        <line num="27" count="1" type="stmt"/>
      </file>
    </package>
    <package name="src.services">
      <metrics statements="186" coveredstatements="186" conditionals="52" coveredconditionals="52" methods="31" coveredmethods="31"/>
      <file name="surveyService.js" path="/home/jshen52/softwareTesting/601.422_team/SJM/Team-SuperSurveyors/src/services/surveyService.js">
        <metrics statements="82" coveredstatements="82" conditionals="10" coveredconditionals="10" methods="18" coveredmethods="18"/>
        <line num="4" count="4" type="stmt"/>
        <line num="5" count="4" type="stmt"/>
        <line num="10" count="4" type="stmt"/>
        <line num="11" count="3" type="stmt"/>
        <line num="13" count="3" type="stmt"/>
        <line num="14" count="3" type="stmt"/>
        <line num="15" count="3" type="stmt"/>
        <line num="16" count="2" type="stmt"/>
        <line num="18" count="2" type="cond" truecount="2" falsecount="0"/>
        <line num="19" count="1" type="stmt"/>
        <line num="21" count="1" type="stmt"/>
        <line num="22" count="1" type="stmt"/>
        <line num="23" count="2" type="stmt"/>
        <line num="28" count="1" type="stmt"/>
        <line num="30" count="1" type="stmt"/>
        <line num="35" count="4" type="stmt"/>
        <line num="36" count="3" type="stmt"/>
        <line num="38" count="3" type="stmt"/>
        <line num="39" count="3" type="stmt"/>
        <line num="40" count="3" type="stmt"/>
        <line num="41" count="3" type="stmt"/>
        <line num="44" count="3" type="cond" truecount="2" falsecount="0"/>
        <line num="45" count="2" type="stmt"/>
        <line num="47" count="1" type="stmt"/>
        <line num="50" count="3" type="stmt"/>
        <line num="53" count="2" type="stmt"/>
        <line num="54" count="6" type="cond" truecount="2" falsecount="0"/>
        <line num="58" count="2" type="stmt"/>
        <line num="59" count="2" type="stmt"/>
        <line num="60" count="5" type="stmt"/>
        <line num="66" count="4" type="stmt"/>
        <line num="72" count="2" type="stmt"/>
        <line num="73" count="2" type="stmt"/>
        <line num="76" count="1" type="stmt"/>
        <line num="80" count="4" type="stmt"/>
        <line num="82" count="4" type="stmt"/>
        <line num="84" count="4" type="stmt"/>
        <line num="88" count="4" type="stmt"/>
        <line num="89" count="26" type="stmt"/>
        <line num="95" count="22" type="stmt"/>
        <line num="98" count="3" type="stmt"/>
        <line num="102" count="3" type="stmt"/>
        <line num="105" count="3" type="stmt"/>
        <line num="106" count="26" type="stmt"/>
        <line num="109" count="3" type="stmt"/>
        <line num="110" count="26" type="cond" truecount="2" falsecount="0"/>
        <line num="112" count="15" type="stmt"/>
        <line num="113" count="15" type="stmt"/>
        <line num="122" count="3" type="stmt"/>
        <line num="124" count="1" type="stmt"/>
        <line num="128" count="4" type="stmt"/>
        <line num="129" count="2" type="stmt"/>
        <line num="131" count="2" type="stmt"/>
        <line num="135" count="2" type="stmt"/>
        <line num="136" count="1" type="stmt"/>
        <line num="137" count="1" type="stmt"/>
        <line num="140" count="1" type="stmt"/>
        <line num="144" count="4" type="stmt"/>
        <line num="145" count="3" type="stmt"/>
        <line num="146" count="3" type="stmt"/>
        <line num="148" count="3" type="stmt"/>
        <line num="149" count="3" type="stmt"/>
        <line num="150" count="4" type="stmt"/>
        <line num="155" count="3" type="stmt"/>
        <line num="158" count="4" type="stmt"/>
        <line num="159" count="2" type="stmt"/>
        <line num="160" count="2" type="stmt"/>
        <line num="162" count="1" type="stmt"/>
        <line num="166" count="4" type="stmt"/>
        <line num="167" count="3" type="stmt"/>
        <line num="168" count="3" type="stmt"/>
        <line num="169" count="3" type="stmt"/>
        <line num="170" count="3" type="cond" truecount="2" falsecount="0"/>
        <line num="171" count="2" type="stmt"/>
        <line num="173" count="1" type="stmt"/>
        <line num="177" count="4" type="stmt"/>
        <line num="178" count="1" type="stmt"/>
        <line num="179" count="1" type="stmt"/>
        <line num="180" count="1" type="stmt"/>
        <line num="181" count="1" type="stmt"/>
        <line num="182" count="1" type="stmt"/>
        <line num="183" count="1" type="stmt"/>
      </file>
      <file name="uploadService.js" path="/home/jshen52/softwareTesting/601.422_team/SJM/Team-SuperSurveyors/src/services/uploadService.js">
        <metrics statements="31" coveredstatements="31" conditionals="30" coveredconditionals="30" methods="5" coveredmethods="5"/>
        <line num="24" count="5" type="cond" truecount="2" falsecount="0"/>
        <line num="25" count="17" type="stmt"/>
        <line num="26" count="17" type="stmt"/>
        <line num="27" count="17" type="stmt"/>
        <line num="28" count="17" type="stmt"/>
        <line num="29" count="17" type="stmt"/>
        <line num="31" count="17" type="stmt"/>
        <line num="32" count="8" type="stmt"/>
        <line num="33" count="8" type="stmt"/>
        <line num="57" count="9" type="cond" truecount="2" falsecount="0"/>
        <line num="58" count="1" type="stmt"/>
        <line num="59" count="1" type="stmt"/>
        <line num="60" count="1" type="stmt"/>
        <line num="63" count="8" type="cond" truecount="2" falsecount="0"/>
        <line num="64" count="3" type="stmt"/>
        <line num="67" count="8" type="cond" truecount="4" falsecount="0"/>
        <line num="68" count="5" type="stmt"/>
        <line num="69" count="5" type="stmt"/>
        <line num="71" count="5" type="stmt"/>
        <line num="72" count="5" type="stmt"/>
        <line num="73" count="5" type="stmt"/>
        <line num="74" count="5" type="stmt"/>
        <line num="76" count="5" type="stmt"/>
        <line num="77" count="5" type="stmt"/>
        <line num="83" count="1" type="stmt"/>
        <line num="89" count="17" type="stmt"/>
        <line num="90" count="3" type="stmt"/>
        <line num="91" count="3" type="stmt"/>
        <line num="92" count="3" type="stmt"/>
        <line num="95" count="17" type="stmt"/>
        <line num="108" count="1" type="stmt"/>
      </file>
      <file name="userService.js" path="/home/jshen52/softwareTesting/601.422_team/SJM/Team-SuperSurveyors/src/services/userService.js">
        <metrics statements="73" coveredstatements="73" conditionals="12" coveredconditionals="12" methods="8" coveredmethods="8"/>
        <line num="6" count="4" type="stmt"/>
        <line num="7" count="4" type="stmt"/>
        <line num="11" count="4" type="stmt"/>
        <line num="12" count="2" type="stmt"/>
        <line num="13" count="2" type="stmt"/>
        <line num="14" count="1" type="stmt"/>
        <line num="17" count="1" type="stmt"/>
        <line num="20" count="1" type="stmt"/>
        <line num="21" count="1" type="stmt"/>
        <line num="22" count="1" type="stmt"/>
        <line num="24" count="1" type="stmt"/>
        <line num="26" count="1" type="stmt"/>
        <line num="27" count="1" type="stmt"/>
        <line num="32" count="4" type="stmt"/>
        <line num="33" count="3" type="stmt"/>
        <line num="34" count="3" type="stmt"/>
        <line num="35" count="2" type="stmt"/>
        <line num="38" count="2" type="stmt"/>
        <line num="39" count="2" type="stmt"/>
        <line num="41" count="2" type="cond" truecount="2" falsecount="0"/>
        <line num="42" count="1" type="stmt"/>
        <line num="43" count="1" type="stmt"/>
        <line num="45" count="1" type="stmt"/>
        <line num="46" count="1" type="stmt"/>
        <line num="49" count="1" type="stmt"/>
        <line num="54" count="4" type="stmt"/>
        <line num="55" count="3" type="stmt"/>
        <line num="57" count="3" type="stmt"/>
        <line num="58" count="2" type="stmt"/>
        <line num="61" count="2" type="stmt"/>
        <line num="62" count="2" type="stmt"/>
        <line num="64" count="2" type="cond" truecount="2" falsecount="0"/>
        <line num="65" count="1" type="stmt"/>
        <line num="66" count="1" type="stmt"/>
        <line num="71" count="1" type="stmt"/>
        <line num="72" count="1" type="stmt"/>
        <line num="73" count="1" type="stmt"/>
        <line num="75" count="1" type="stmt"/>
        <line num="82" count="1" type="stmt"/>
        <line num="88" count="4" type="stmt"/>
        <line num="89" count="3" type="stmt"/>
        <line num="91" count="3" type="stmt"/>
        <line num="92" count="3" type="cond" truecount="2" falsecount="0"/>
        <line num="93" count="2" type="stmt"/>
        <line num="96" count="2" type="stmt"/>
        <line num="97" count="2" type="stmt"/>
        <line num="99" count="2" type="stmt"/>
        <line num="101" count="1" type="stmt"/>
        <line num="103" count="1" type="stmt"/>
        <line num="104" count="1" type="stmt"/>
        <line num="109" count="4" type="stmt"/>
        <line num="110" count="2" type="stmt"/>
        <line num="111" count="2" type="stmt"/>
        <line num="112" count="2" type="stmt"/>
        <line num="114" count="1" type="stmt"/>
        <line num="119" count="4" type="stmt"/>
        <line num="120" count="5" type="stmt"/>
        <line num="121" count="5" type="cond" truecount="2" falsecount="0"/>
        <line num="122" count="4" type="stmt"/>
        <line num="124" count="1" type="stmt"/>
        <line num="127" count="4" type="stmt"/>
        <line num="128" count="4" type="stmt"/>
        <line num="129" count="4" type="stmt"/>
        <line num="130" count="4" type="stmt"/>
        <line num="131" count="4" type="cond" truecount="2" falsecount="0"/>
        <line num="132" count="2" type="stmt"/>
        <line num="133" count="2" type="stmt"/>
        <line num="135" count="2" type="stmt"/>
        <line num="140" count="4" type="stmt"/>
        <line num="141" count="2" type="stmt"/>
        <line num="142" count="2" type="cond" truecount="2" falsecount="0"/>
        <line num="143" count="1" type="stmt"/>
        <line num="144" count="1" type="stmt"/>
      </file>
    </package>
  </project>
</coverage>
