{"/home/jshen52/softwareTesting/601.422_team/SJM/Team-SuperSurveyors/src/App.js": {"path":"/home/jshen52/softwareTesting/601.422_team/SJM/Team-SuperSurveyors/src/App.js","statementMap":{"0":{"start":{"line":19,"column":12},"end":{"line":51,"column":1}},"1":{"start":{"line":20,"column":2},"end":{"line":50,"column":4}},"2":{"start":{"line":54,"column":19},"end":{"line":65,"column":1}},"3":{"start":{"line":55,"column":2},"end":{"line":64,"column":4}},"4":{"start":{"line":68,"column":24},"end":{"line":88,"column":1}},"5":{"start":{"line":69,"column":2},"end":{"line":87,"column":4}}},"fnMap":{"0":{"name":"(anonymous_0)","decl":{"start":{"line":19,"column":12},"end":{"line":19,"column":13}},"loc":{"start":{"line":19,"column":18},"end":{"line":51,"column":1}},"line":19},"1":{"name":"(anonymous_1)","decl":{"start":{"line":54,"column":19},"end":{"line":54,"column":20}},"loc":{"start":{"line":54,"column":25},"end":{"line":65,"column":1}},"line":54},"2":{"name":"(anonymous_2)","decl":{"start":{"line":68,"column":24},"end":{"line":68,"column":25}},"loc":{"start":{"line":68,"column":30},"end":{"line":88,"column":1}},"line":68}},"branchMap":{},"s":{"0":2,"1":12,"2":2,"3":3,"4":2,"5":7},"f":{"0":12,"1":3,"2":7},"b":{},"_coverageSchema":"1a1c01bbd47fc00a2c39e90264f33305004495a9","hash":"3a5fc29e9be89eadfeaf8773579fd205bfd14249"}
,"/home/jshen52/softwareTesting/601.422_team/SJM/Team-SuperSurveyors/src/firebase.js": {"path":"/home/jshen52/softwareTesting/601.422_team/SJM/Team-SuperSurveyors/src/firebase.js","statementMap":{"0":{"start":{"line":20,"column":23},"end":{"line":28,"column":1}},"1":{"start":{"line":30,"column":12},"end":{"line":30,"column":41}},"2":{"start":{"line":31,"column":11},"end":{"line":31,"column":28}}},"fnMap":{},"branchMap":{},"s":{"0":7,"1":7,"2":7},"f":{},"b":{},"_coverageSchema":"1a1c01bbd47fc00a2c39e90264f33305004495a9","hash":"f826bf50e3dcb184ac23b977f2d8557907f40fed"}
,"/home/jshen52/softwareTesting/601.422_team/SJM/Team-SuperSurveyors/src/index.js": {"path":"/home/jshen52/softwareTesting/601.422_team/SJM/Team-SuperSurveyors/src/index.js","statementMap":{"0":{"start":{"line":5,"column":13},"end":{"line":5,"column":65}},"1":{"start":{"line":6,"column":0},"end":{"line":10,"column":2}}},"fnMap":{},"branchMap":{},"s":{"0":1,"1":1},"f":{},"b":{},"_coverageSchema":"1a1c01bbd47fc00a2c39e90264f33305004495a9","hash":"091bcbfa5d4f34e191fbe51dab347a4368ba7b91"}
,"/home/jshen52/softwareTesting/601.422_team/SJM/Team-SuperSurveyors/src/components/DeleteDialog.js": {"path":"/home/jshen52/softwareTesting/601.422_team/SJM/Team-SuperSurveyors/src/components/DeleteDialog.js","statementMap":{"0":{"start":{"line":21,"column":14},"end":{"line":43,"column":2}},"1":{"start":{"line":45,"column":26},"end":{"line":54,"column":3}},"2":{"start":{"line":45,"column":62},"end":{"line":54,"column":1}},"3":{"start":{"line":56,"column":33},"end":{"line":138,"column":1}},"4":{"start":{"line":57,"column":34},"end":{"line":57,"column":49}},"5":{"start":{"line":59,"column":32},"end":{"line":72,"column":5}},"6":{"start":{"line":60,"column":8},"end":{"line":71,"column":9}},"7":{"start":{"line":61,"column":12},"end":{"line":61,"column":29}},"8":{"start":{"line":62,"column":12},"end":{"line":70,"column":13}},"9":{"start":{"line":63,"column":16},"end":{"line":63,"column":63}},"10":{"start":{"line":64,"column":16},"end":{"line":64,"column":42}},"11":{"start":{"line":65,"column":16},"end":{"line":65,"column":25}},"12":{"start":{"line":67,"column":16},"end":{"line":67,"column":63}},"13":{"start":{"line":69,"column":16},"end":{"line":69,"column":34}},"14":{"start":{"line":74,"column":4},"end":{"line":137,"column":6}}},"fnMap":{"0":{"name":"(anonymous_0)","decl":{"start":{"line":45,"column":46},"end":{"line":45,"column":47}},"loc":{"start":{"line":45,"column":62},"end":{"line":54,"column":1}},"line":45},"1":{"name":"(anonymous_1)","decl":{"start":{"line":56,"column":33},"end":{"line":56,"column":34}},"loc":{"start":{"line":56,"column":79},"end":{"line":138,"column":1}},"line":56},"2":{"name":"(anonymous_2)","decl":{"start":{"line":59,"column":32},"end":{"line":59,"column":33}},"loc":{"start":{"line":59,"column":44},"end":{"line":72,"column":5}},"line":59}},"branchMap":{"0":{"loc":{"start":{"line":60,"column":8},"end":{"line":71,"column":9}},"type":"if","locations":[{"start":{"line":60,"column":8},"end":{"line":71,"column":9}},{"start":{},"end":{}}],"line":60},"1":{"loc":{"start":{"line":124,"column":35},"end":{"line":124,"column":108}},"type":"cond-expr","locations":[{"start":{"line":124,"column":45},"end":{"line":124,"column":91}},{"start":{"line":124,"column":94},"end":{"line":124,"column":108}}],"line":124},"2":{"loc":{"start":{"line":132,"column":25},"end":{"line":132,"column":59}},"type":"cond-expr","locations":[{"start":{"line":132,"column":35},"end":{"line":132,"column":48}},{"start":{"line":132,"column":51},"end":{"line":132,"column":59}}],"line":132}},"s":{"0":2,"1":2,"2":9,"3":2,"4":9,"5":9,"6":4,"7":3,"8":3,"9":3,"10":1,"11":1,"12":1,"13":2,"14":9},"f":{"0":9,"1":9,"2":4},"b":{"0":[3,1],"1":[3,6],"2":[3,6]},"_coverageSchema":"1a1c01bbd47fc00a2c39e90264f33305004495a9","hash":"3a42114746175287b1e26962a527694efef9537e"}
,"/home/jshen52/softwareTesting/601.422_team/SJM/Team-SuperSurveyors/src/components/EditQuestionsDialog.js": {"path":"/home/jshen52/softwareTesting/601.422_team/SJM/Team-SuperSurveyors/src/components/EditQuestionsDialog.js","statementMap":{"0":{"start":{"line":23,"column":14},"end":{"line":53,"column":2}},"1":{"start":{"line":55,"column":26},"end":{"line":64,"column":3}},"2":{"start":{"line":55,"column":62},"end":{"line":64,"column":1}},"3":{"start":{"line":66,"column":28},"end":{"line":211,"column":1}},"4":{"start":{"line":67,"column":44},"end":{"line":67,"column":66}},"5":{"start":{"line":68,"column":24},"end":{"line":70,"column":5}},"6":{"start":{"line":69,"column":8},"end":{"line":69,"column":27}},"7":{"start":{"line":71,"column":19},"end":{"line":71,"column":31}},"8":{"start":{"line":72,"column":25},"end":{"line":72,"column":37}},"9":{"start":{"line":74,"column":4},"end":{"line":80,"column":25}},"10":{"start":{"line":75,"column":8},"end":{"line":79,"column":16}},"11":{"start":{"line":76,"column":12},"end":{"line":78,"column":13}},"12":{"start":{"line":77,"column":16},"end":{"line":77,"column":75}},"13":{"start":{"line":82,"column":26},"end":{"line":86,"column":5}},"14":{"start":{"line":83,"column":8},"end":{"line":85,"column":9}},"15":{"start":{"line":84,"column":12},"end":{"line":84,"column":31}},"16":{"start":{"line":88,"column":33},"end":{"line":92,"column":5}},"17":{"start":{"line":89,"column":33},"end":{"line":89,"column":54}},"18":{"start":{"line":90,"column":8},"end":{"line":90,"column":46}},"19":{"start":{"line":91,"column":8},"end":{"line":91,"column":44}},"20":{"start":{"line":94,"column":30},"end":{"line":97,"column":5}},"21":{"start":{"line":95,"column":8},"end":{"line":95,"column":34}},"22":{"start":{"line":96,"column":8},"end":{"line":96,"column":32}},"23":{"start":{"line":99,"column":32},"end":{"line":103,"column":5}},"24":{"start":{"line":100,"column":33},"end":{"line":100,"column":54}},"25":{"start":{"line":101,"column":8},"end":{"line":101,"column":48}},"26":{"start":{"line":102,"column":8},"end":{"line":102,"column":44}},"27":{"start":{"line":105,"column":4},"end":{"line":210,"column":6}},"28":{"start":{"line":135,"column":45},"end":{"line":135,"column":78}},"29":{"start":{"line":160,"column":28},"end":{"line":168,"column":34}},"30":{"start":{"line":177,"column":28},"end":{"line":177,"column":58}},"31":{"start":{"line":178,"column":28},"end":{"line":178,"column":64}},"32":{"start":{"line":179,"column":28},"end":{"line":179,"column":37}},"33":{"start":{"line":195,"column":28},"end":{"line":195,"column":74}},"34":{"start":{"line":196,"column":28},"end":{"line":196,"column":57}}},"fnMap":{"0":{"name":"(anonymous_0)","decl":{"start":{"line":55,"column":46},"end":{"line":55,"column":47}},"loc":{"start":{"line":55,"column":62},"end":{"line":64,"column":1}},"line":55},"1":{"name":"(anonymous_1)","decl":{"start":{"line":66,"column":28},"end":{"line":66,"column":29}},"loc":{"start":{"line":66,"column":111},"end":{"line":211,"column":1}},"line":66},"2":{"name":"(anonymous_2)","decl":{"start":{"line":68,"column":24},"end":{"line":68,"column":25}},"loc":{"start":{"line":68,"column":34},"end":{"line":70,"column":5}},"line":68},"3":{"name":"(anonymous_3)","decl":{"start":{"line":74,"column":14},"end":{"line":74,"column":15}},"loc":{"start":{"line":74,"column":20},"end":{"line":80,"column":5}},"line":74},"4":{"name":"(anonymous_4)","decl":{"start":{"line":75,"column":19},"end":{"line":75,"column":20}},"loc":{"start":{"line":75,"column":25},"end":{"line":79,"column":9}},"line":75},"5":{"name":"(anonymous_5)","decl":{"start":{"line":82,"column":26},"end":{"line":82,"column":27}},"loc":{"start":{"line":82,"column":33},"end":{"line":86,"column":5}},"line":82},"6":{"name":"(anonymous_6)","decl":{"start":{"line":88,"column":33},"end":{"line":88,"column":34}},"loc":{"start":{"line":88,"column":57},"end":{"line":92,"column":5}},"line":88},"7":{"name":"(anonymous_7)","decl":{"start":{"line":94,"column":30},"end":{"line":94,"column":31}},"loc":{"start":{"line":94,"column":44},"end":{"line":97,"column":5}},"line":94},"8":{"name":"(anonymous_8)","decl":{"start":{"line":99,"column":32},"end":{"line":99,"column":33}},"loc":{"start":{"line":99,"column":53},"end":{"line":103,"column":5}},"line":99},"9":{"name":"(anonymous_9)","decl":{"start":{"line":135,"column":38},"end":{"line":135,"column":39}},"loc":{"start":{"line":135,"column":45},"end":{"line":135,"column":78}},"line":135},"10":{"name":"(anonymous_10)","decl":{"start":{"line":159,"column":46},"end":{"line":159,"column":47}},"loc":{"start":{"line":160,"column":28},"end":{"line":168,"column":34}},"line":160},"11":{"name":"(anonymous_11)","decl":{"start":{"line":165,"column":54},"end":{"line":165,"column":55}},"loc":{"start":{"line":165,"column":60},"end":{"line":165,"column":63}},"line":165},"12":{"name":"(anonymous_12)","decl":{"start":{"line":176,"column":33},"end":{"line":176,"column":34}},"loc":{"start":{"line":176,"column":39},"end":{"line":180,"column":25}},"line":176},"13":{"name":"(anonymous_13)","decl":{"start":{"line":194,"column":33},"end":{"line":194,"column":34}},"loc":{"start":{"line":194,"column":39},"end":{"line":197,"column":25}},"line":194}},"branchMap":{"0":{"loc":{"start":{"line":76,"column":12},"end":{"line":78,"column":13}},"type":"if","locations":[{"start":{"line":76,"column":12},"end":{"line":78,"column":13}},{"start":{},"end":{}}],"line":76},"1":{"loc":{"start":{"line":83,"column":8},"end":{"line":85,"column":9}},"type":"if","locations":[{"start":{"line":83,"column":8},"end":{"line":85,"column":9}},{"start":{},"end":{}}],"line":83}},"s":{"0":2,"1":2,"2":11,"3":2,"4":11,"5":11,"6":1,"7":11,"8":11,"9":11,"10":10,"11":1,"12":1,"13":11,"14":1,"15":1,"16":11,"17":0,"18":0,"19":0,"20":11,"21":2,"22":2,"23":11,"24":2,"25":2,"26":2,"27":11,"28":2,"29":20,"30":1,"31":1,"32":1,"33":1,"34":1},"f":{"0":11,"1":11,"2":1,"3":10,"4":1,"5":1,"6":0,"7":2,"8":2,"9":2,"10":20,"11":0,"12":1,"13":1},"b":{"0":[1,0],"1":[1,0]},"_coverageSchema":"1a1c01bbd47fc00a2c39e90264f33305004495a9","hash":"188274f617d3e55720b7fb9d059910be04947f70"}
,"/home/jshen52/softwareTesting/601.422_team/SJM/Team-SuperSurveyors/src/components/EditUserProfileDialog.js": {"path":"/home/jshen52/softwareTesting/601.422_team/SJM/Team-SuperSurveyors/src/components/EditUserProfileDialog.js","statementMap":{"0":{"start":{"line":24,"column":21},"end":{"line":30,"column":3}},"1":{"start":{"line":24,"column":52},"end":{"line":30,"column":1}},"2":{"start":{"line":32,"column":26},"end":{"line":37,"column":3}},"3":{"start":{"line":32,"column":62},"end":{"line":37,"column":1}},"4":{"start":{"line":39,"column":21},"end":{"line":44,"column":3}},"5":{"start":{"line":39,"column":52},"end":{"line":44,"column":1}},"6":{"start":{"line":46,"column":30},"end":{"line":186,"column":1}},"7":{"start":{"line":56,"column":36},"end":{"line":56,"column":51}},"8":{"start":{"line":57,"column":28},"end":{"line":57,"column":42}},"9":{"start":{"line":59,"column":28},"end":{"line":72,"column":3}},"10":{"start":{"line":60,"column":4},"end":{"line":71,"column":5}},"11":{"start":{"line":61,"column":6},"end":{"line":61,"column":25}},"12":{"start":{"line":62,"column":6},"end":{"line":62,"column":21}},"13":{"start":{"line":63,"column":26},"end":{"line":63,"column":80}},"14":{"start":{"line":64,"column":6},"end":{"line":64,"column":60}},"15":{"start":{"line":65,"column":6},"end":{"line":65,"column":15}},"16":{"start":{"line":67,"column":6},"end":{"line":67,"column":59}},"17":{"start":{"line":68,"column":6},"end":{"line":68,"column":62}},"18":{"start":{"line":70,"column":6},"end":{"line":70,"column":26}},"19":{"start":{"line":74,"column":2},"end":{"line":89,"column":47}},"20":{"start":{"line":75,"column":27},"end":{"line":80,"column":5}},"21":{"start":{"line":76,"column":6},"end":{"line":79,"column":7}},"22":{"start":{"line":77,"column":8},"end":{"line":77,"column":31}},"23":{"start":{"line":78,"column":8},"end":{"line":78,"column":28}},"24":{"start":{"line":82,"column":4},"end":{"line":84,"column":5}},"25":{"start":{"line":83,"column":6},"end":{"line":83,"column":59}},"26":{"start":{"line":86,"column":4},"end":{"line":88,"column":6}},"27":{"start":{"line":87,"column":6},"end":{"line":87,"column":62}},"28":{"start":{"line":91,"column":23},"end":{"line":93,"column":3}},"29":{"start":{"line":92,"column":4},"end":{"line":92,"column":26}},"30":{"start":{"line":95,"column":2},"end":{"line":185,"column":4}},"31":{"start":{"line":143,"column":29},"end":{"line":143,"column":64}}},"fnMap":{"0":{"name":"(anonymous_0)","decl":{"start":{"line":24,"column":36},"end":{"line":24,"column":37}},"loc":{"start":{"line":24,"column":52},"end":{"line":30,"column":1}},"line":24},"1":{"name":"(anonymous_1)","decl":{"start":{"line":32,"column":46},"end":{"line":32,"column":47}},"loc":{"start":{"line":32,"column":62},"end":{"line":37,"column":1}},"line":32},"2":{"name":"(anonymous_2)","decl":{"start":{"line":39,"column":36},"end":{"line":39,"column":37}},"loc":{"start":{"line":39,"column":52},"end":{"line":44,"column":1}},"line":39},"3":{"name":"(anonymous_3)","decl":{"start":{"line":46,"column":30},"end":{"line":46,"column":31}},"loc":{"start":{"line":55,"column":6},"end":{"line":186,"column":1}},"line":55},"4":{"name":"(anonymous_4)","decl":{"start":{"line":59,"column":28},"end":{"line":59,"column":29}},"loc":{"start":{"line":59,"column":40},"end":{"line":72,"column":3}},"line":59},"5":{"name":"(anonymous_5)","decl":{"start":{"line":74,"column":12},"end":{"line":74,"column":13}},"loc":{"start":{"line":74,"column":18},"end":{"line":89,"column":3}},"line":74},"6":{"name":"(anonymous_6)","decl":{"start":{"line":75,"column":27},"end":{"line":75,"column":28}},"loc":{"start":{"line":75,"column":38},"end":{"line":80,"column":5}},"line":75},"7":{"name":"(anonymous_7)","decl":{"start":{"line":86,"column":11},"end":{"line":86,"column":12}},"loc":{"start":{"line":86,"column":17},"end":{"line":88,"column":5}},"line":86},"8":{"name":"(anonymous_8)","decl":{"start":{"line":91,"column":23},"end":{"line":91,"column":24}},"loc":{"start":{"line":91,"column":32},"end":{"line":93,"column":3}},"line":91},"9":{"name":"(anonymous_9)","decl":{"start":{"line":143,"column":22},"end":{"line":143,"column":23}},"loc":{"start":{"line":143,"column":29},"end":{"line":143,"column":64}},"line":143}},"branchMap":{"0":{"loc":{"start":{"line":76,"column":6},"end":{"line":79,"column":7}},"type":"if","locations":[{"start":{"line":76,"column":6},"end":{"line":79,"column":7}},{"start":{},"end":{}}],"line":76},"1":{"loc":{"start":{"line":76,"column":10},"end":{"line":76,"column":45}},"type":"binary-expr","locations":[{"start":{"line":76,"column":10},"end":{"line":76,"column":31}},{"start":{"line":76,"column":35},"end":{"line":76,"column":45}}],"line":76},"2":{"loc":{"start":{"line":82,"column":4},"end":{"line":84,"column":5}},"type":"if","locations":[{"start":{"line":82,"column":4},"end":{"line":84,"column":5}},{"start":{},"end":{}}],"line":82},"3":{"loc":{"start":{"line":133,"column":15},"end":{"line":133,"column":80}},"type":"binary-expr","locations":[{"start":{"line":133,"column":15},"end":{"line":133,"column":24}},{"start":{"line":133,"column":28},"end":{"line":133,"column":80}}],"line":133},"4":{"loc":{"start":{"line":159,"column":11},"end":{"line":163,"column":11}},"type":"binary-expr","locations":[{"start":{"line":159,"column":11},"end":{"line":159,"column":16}},{"start":{"line":160,"column":12},"end":{"line":162,"column":25}}],"line":159},"5":{"loc":{"start":{"line":179,"column":21},"end":{"line":179,"column":64}},"type":"binary-expr","locations":[{"start":{"line":179,"column":21},"end":{"line":179,"column":30}},{"start":{"line":179,"column":34},"end":{"line":179,"column":64}}],"line":179},"6":{"loc":{"start":{"line":181,"column":11},"end":{"line":181,"column":51}},"type":"cond-expr","locations":[{"start":{"line":181,"column":23},"end":{"line":181,"column":34}},{"start":{"line":181,"column":37},"end":{"line":181,"column":51}}],"line":181}},"s":{"0":2,"1":0,"2":2,"3":0,"4":2,"5":0,"6":2,"7":23,"8":23,"9":23,"10":7,"11":7,"12":7,"13":7,"14":4,"15":4,"16":2,"17":2,"18":6,"19":23,"20":23,"21":3,"22":1,"23":1,"24":23,"25":23,"26":23,"27":23,"28":23,"29":1,"30":23,"31":4},"f":{"0":0,"1":0,"2":0,"3":23,"4":7,"5":23,"6":3,"7":23,"8":1,"9":4},"b":{"0":[1,2],"1":[3,2],"2":[23,0],"3":[23,1],"4":[23,1],"5":[23,7],"6":[7,16]},"_coverageSchema":"1a1c01bbd47fc00a2c39e90264f33305004495a9","hash":"4709a00ed010c26b80da342d8f14d15340976f3f"}
,"/home/jshen52/softwareTesting/601.422_team/SJM/Team-SuperSurveyors/src/components/LandingPage.js": {"path":"/home/jshen52/softwareTesting/601.422_team/SJM/Team-SuperSurveyors/src/components/LandingPage.js","statementMap":{"0":{"start":{"line":35,"column":20},"end":{"line":387,"column":1}},"1":{"start":{"line":36,"column":19},"end":{"line":36,"column":32}},"2":{"start":{"line":39,"column":17},"end":{"line":49,"column":3}},"3":{"start":{"line":51,"column":22},"end":{"line":58,"column":3}},"4":{"start":{"line":60,"column":19},"end":{"line":81,"column":3}},"5":{"start":{"line":83,"column":2},"end":{"line":386,"column":4}},"6":{"start":{"line":122,"column":33},"end":{"line":122,"column":52}},"7":{"start":{"line":137,"column":33},"end":{"line":137,"column":51}},"8":{"start":{"line":172,"column":20},"end":{"line":184,"column":31}},"9":{"start":{"line":206,"column":12},"end":{"line":238,"column":19}},"10":{"start":{"line":264,"column":22},"end":{"line":276,"column":33}},"11":{"start":{"line":290,"column":22},"end":{"line":302,"column":33}},"12":{"start":{"line":325,"column":12},"end":{"line":372,"column":19}}},"fnMap":{"0":{"name":"(anonymous_0)","decl":{"start":{"line":35,"column":20},"end":{"line":35,"column":21}},"loc":{"start":{"line":35,"column":26},"end":{"line":387,"column":1}},"line":35},"1":{"name":"(anonymous_1)","decl":{"start":{"line":122,"column":27},"end":{"line":122,"column":28}},"loc":{"start":{"line":122,"column":33},"end":{"line":122,"column":52}},"line":122},"2":{"name":"(anonymous_2)","decl":{"start":{"line":137,"column":27},"end":{"line":137,"column":28}},"loc":{"start":{"line":137,"column":33},"end":{"line":137,"column":51}},"line":137},"3":{"name":"(anonymous_3)","decl":{"start":{"line":171,"column":24},"end":{"line":171,"column":25}},"loc":{"start":{"line":172,"column":20},"end":{"line":184,"column":31}},"line":172},"4":{"name":"(anonymous_4)","decl":{"start":{"line":205,"column":24},"end":{"line":205,"column":25}},"loc":{"start":{"line":206,"column":12},"end":{"line":238,"column":19}},"line":206},"5":{"name":"(anonymous_5)","decl":{"start":{"line":263,"column":85},"end":{"line":263,"column":86}},"loc":{"start":{"line":264,"column":22},"end":{"line":276,"column":33}},"line":264},"6":{"name":"(anonymous_6)","decl":{"start":{"line":289,"column":75},"end":{"line":289,"column":76}},"loc":{"start":{"line":290,"column":22},"end":{"line":302,"column":33}},"line":290},"7":{"name":"(anonymous_7)","decl":{"start":{"line":324,"column":27},"end":{"line":324,"column":28}},"loc":{"start":{"line":325,"column":12},"end":{"line":372,"column":19}},"line":325}},"branchMap":{},"s":{"0":2,"1":7,"2":7,"3":7,"4":7,"5":7,"6":1,"7":1,"8":28,"9":28,"10":21,"11":21,"12":42},"f":{"0":7,"1":1,"2":1,"3":28,"4":28,"5":21,"6":21,"7":42},"b":{},"_coverageSchema":"1a1c01bbd47fc00a2c39e90264f33305004495a9","hash":"648a57d97f0f0eec467c35cf984fff332e40261f"}
,"/home/jshen52/softwareTesting/601.422_team/SJM/Team-SuperSurveyors/src/components/Login.js": {"path":"/home/jshen52/softwareTesting/601.422_team/SJM/Team-SuperSurveyors/src/components/Login.js","statementMap":{"0":{"start":{"line":25,"column":14},"end":{"line":249,"column":1}},"1":{"start":{"line":26,"column":30},"end":{"line":26,"column":42}},"2":{"start":{"line":27,"column":36},"end":{"line":27,"column":48}},"3":{"start":{"line":28,"column":44},"end":{"line":28,"column":59}},"4":{"start":{"line":29,"column":42},"end":{"line":29,"column":57}},"5":{"start":{"line":30,"column":42},"end":{"line":30,"column":57}},"6":{"start":{"line":31,"column":40},"end":{"line":31,"column":52}},"7":{"start":{"line":32,"column":21},"end":{"line":32,"column":34}},"8":{"start":{"line":34,"column":4},"end":{"line":40,"column":19}},"9":{"start":{"line":35,"column":21},"end":{"line":35,"column":30}},"10":{"start":{"line":36,"column":8},"end":{"line":38,"column":9}},"11":{"start":{"line":37,"column":12},"end":{"line":37,"column":26}},"12":{"start":{"line":42,"column":2},"end":{"line":48,"column":17}},"13":{"start":{"line":43,"column":17},"end":{"line":43,"column":26}},"14":{"start":{"line":44,"column":4},"end":{"line":46,"column":5}},"15":{"start":{"line":45,"column":6},"end":{"line":45,"column":24}},"16":{"start":{"line":50,"column":22},"end":{"line":69,"column":3}},"17":{"start":{"line":51,"column":4},"end":{"line":51,"column":23}},"18":{"start":{"line":53,"column":4},"end":{"line":68,"column":5}},"19":{"start":{"line":54,"column":6},"end":{"line":54,"column":39}},"20":{"start":{"line":55,"column":6},"end":{"line":55,"column":28}},"21":{"start":{"line":56,"column":6},"end":{"line":56,"column":27}},"22":{"start":{"line":58,"column":6},"end":{"line":58,"column":48}},"23":{"start":{"line":58,"column":23},"end":{"line":58,"column":40}},"24":{"start":{"line":60,"column":6},"end":{"line":66,"column":7}},"25":{"start":{"line":61,"column":8},"end":{"line":61,"column":60}},"26":{"start":{"line":62,"column":13},"end":{"line":66,"column":7}},"27":{"start":{"line":63,"column":8},"end":{"line":63,"column":100}},"28":{"start":{"line":65,"column":8},"end":{"line":65,"column":37}},"29":{"start":{"line":67,"column":6},"end":{"line":67,"column":27}},"30":{"start":{"line":71,"column":28},"end":{"line":86,"column":3}},"31":{"start":{"line":72,"column":4},"end":{"line":72,"column":23}},"32":{"start":{"line":74,"column":4},"end":{"line":84,"column":5}},"33":{"start":{"line":75,"column":23},"end":{"line":75,"column":46}},"34":{"start":{"line":76,"column":8},"end":{"line":80,"column":9}},"35":{"start":{"line":77,"column":12},"end":{"line":77,"column":57}},"36":{"start":{"line":79,"column":12},"end":{"line":79,"column":30}},"37":{"start":{"line":83,"column":8},"end":{"line":83,"column":67}},"38":{"start":{"line":88,"column":34},"end":{"line":90,"column":3}},"39":{"start":{"line":89,"column":4},"end":{"line":89,"column":35}},"40":{"start":{"line":92,"column":2},"end":{"line":248,"column":4}},"41":{"start":{"line":132,"column":31},"end":{"line":132,"column":55}},"42":{"start":{"line":153,"column":31},"end":{"line":153,"column":58}},"43":{"start":{"line":195,"column":30},"end":{"line":195,"column":50}},"44":{"start":{"line":211,"column":33},"end":{"line":211,"column":52}}},"fnMap":{"0":{"name":"(anonymous_0)","decl":{"start":{"line":25,"column":14},"end":{"line":25,"column":15}},"loc":{"start":{"line":25,"column":20},"end":{"line":249,"column":1}},"line":25},"1":{"name":"(anonymous_1)","decl":{"start":{"line":34,"column":14},"end":{"line":34,"column":15}},"loc":{"start":{"line":34,"column":20},"end":{"line":40,"column":5}},"line":34},"2":{"name":"(anonymous_2)","decl":{"start":{"line":42,"column":12},"end":{"line":42,"column":13}},"loc":{"start":{"line":42,"column":18},"end":{"line":48,"column":3}},"line":42},"3":{"name":"(anonymous_3)","decl":{"start":{"line":50,"column":22},"end":{"line":50,"column":23}},"loc":{"start":{"line":50,"column":35},"end":{"line":69,"column":3}},"line":50},"4":{"name":"(anonymous_4)","decl":{"start":{"line":58,"column":17},"end":{"line":58,"column":18}},"loc":{"start":{"line":58,"column":23},"end":{"line":58,"column":40}},"line":58},"5":{"name":"(anonymous_5)","decl":{"start":{"line":71,"column":28},"end":{"line":71,"column":29}},"loc":{"start":{"line":71,"column":41},"end":{"line":86,"column":3}},"line":71},"6":{"name":"(anonymous_6)","decl":{"start":{"line":88,"column":34},"end":{"line":88,"column":35}},"loc":{"start":{"line":88,"column":40},"end":{"line":90,"column":3}},"line":88},"7":{"name":"(anonymous_7)","decl":{"start":{"line":132,"column":24},"end":{"line":132,"column":25}},"loc":{"start":{"line":132,"column":31},"end":{"line":132,"column":55}},"line":132},"8":{"name":"(anonymous_8)","decl":{"start":{"line":153,"column":24},"end":{"line":153,"column":25}},"loc":{"start":{"line":153,"column":31},"end":{"line":153,"column":58}},"line":153},"9":{"name":"(anonymous_9)","decl":{"start":{"line":195,"column":23},"end":{"line":195,"column":24}},"loc":{"start":{"line":195,"column":30},"end":{"line":195,"column":50}},"line":195},"10":{"name":"(anonymous_10)","decl":{"start":{"line":211,"column":27},"end":{"line":211,"column":28}},"loc":{"start":{"line":211,"column":33},"end":{"line":211,"column":52}},"line":211}},"branchMap":{"0":{"loc":{"start":{"line":36,"column":8},"end":{"line":38,"column":9}},"type":"if","locations":[{"start":{"line":36,"column":8},"end":{"line":38,"column":9}},{"start":{},"end":{}}],"line":36},"1":{"loc":{"start":{"line":44,"column":4},"end":{"line":46,"column":5}},"type":"if","locations":[{"start":{"line":44,"column":4},"end":{"line":46,"column":5}},{"start":{},"end":{}}],"line":44},"2":{"loc":{"start":{"line":60,"column":6},"end":{"line":66,"column":7}},"type":"if","locations":[{"start":{"line":60,"column":6},"end":{"line":66,"column":7}},{"start":{"line":62,"column":13},"end":{"line":66,"column":7}}],"line":60},"3":{"loc":{"start":{"line":60,"column":10},"end":{"line":60,"column":79}},"type":"binary-expr","locations":[{"start":{"line":60,"column":10},"end":{"line":60,"column":40}},{"start":{"line":60,"column":44},"end":{"line":60,"column":79}}],"line":60},"4":{"loc":{"start":{"line":62,"column":13},"end":{"line":66,"column":7}},"type":"if","locations":[{"start":{"line":62,"column":13},"end":{"line":66,"column":7}},{"start":{"line":64,"column":13},"end":{"line":66,"column":7}}],"line":62},"5":{"loc":{"start":{"line":62,"column":17},"end":{"line":62,"column":91}},"type":"binary-expr","locations":[{"start":{"line":62,"column":17},"end":{"line":62,"column":47}},{"start":{"line":62,"column":51},"end":{"line":62,"column":91}}],"line":62},"6":{"loc":{"start":{"line":76,"column":8},"end":{"line":80,"column":9}},"type":"if","locations":[{"start":{"line":76,"column":8},"end":{"line":80,"column":9}},{"start":{"line":78,"column":15},"end":{"line":80,"column":9}}],"line":76},"7":{"loc":{"start":{"line":149,"column":20},"end":{"line":149,"column":54}},"type":"cond-expr","locations":[{"start":{"line":149,"column":35},"end":{"line":149,"column":41}},{"start":{"line":149,"column":44},"end":{"line":149,"column":54}}],"line":149},"8":{"loc":{"start":{"line":168,"column":23},"end":{"line":168,"column":72}},"type":"cond-expr","locations":[{"start":{"line":168,"column":38},"end":{"line":168,"column":55}},{"start":{"line":168,"column":58},"end":{"line":168,"column":72}}],"line":168},"9":{"loc":{"start":{"line":225,"column":22},"end":{"line":225,"column":41}},"type":"cond-expr","locations":[{"start":{"line":225,"column":36},"end":{"line":225,"column":37}},{"start":{"line":225,"column":40},"end":{"line":225,"column":41}}],"line":225},"10":{"loc":{"start":{"line":237,"column":22},"end":{"line":237,"column":41}},"type":"cond-expr","locations":[{"start":{"line":237,"column":36},"end":{"line":237,"column":37}},{"start":{"line":237,"column":40},"end":{"line":237,"column":41}}],"line":237}},"s":{"0":2,"1":37,"2":36,"3":36,"4":36,"5":36,"6":36,"7":36,"8":36,"9":18,"10":18,"11":1,"12":36,"13":18,"14":18,"15":1,"16":36,"17":8,"18":8,"19":8,"20":4,"21":4,"22":4,"23":2,"24":4,"25":1,"26":3,"27":1,"28":2,"29":4,"30":36,"31":3,"32":3,"33":3,"34":2,"35":1,"36":1,"37":1,"38":36,"39":4,"40":36,"41":5,"42":5,"43":3,"44":1},"f":{"0":37,"1":18,"2":18,"3":8,"4":2,"5":3,"6":4,"7":5,"8":5,"9":3,"10":1},"b":{"0":[1,17],"1":[1,17],"2":[1,3],"3":[4,2],"4":[1,2],"5":[3,1],"6":[1,1],"7":[2,34],"8":[2,34],"9":[0,36],"10":[4,32]},"_coverageSchema":"1a1c01bbd47fc00a2c39e90264f33305004495a9","hash":"b18bb0ea9566be0c42c8a4bf9d5a6201b43ef82d"}
,"/home/jshen52/softwareTesting/601.422_team/SJM/Team-SuperSurveyors/src/components/Multi.js": {"path":"/home/jshen52/softwareTesting/601.422_team/SJM/Team-SuperSurveyors/src/components/Multi.js","statementMap":{"0":{"start":{"line":18,"column":0},"end":{"line":18,"column":81}},"1":{"start":{"line":20,"column":29},"end":{"line":69,"column":1}},"2":{"start":{"line":23,"column":19},"end":{"line":25,"column":5}},"3":{"start":{"line":24,"column":8},"end":{"line":24,"column":58}},"4":{"start":{"line":24,"column":33},"end":{"line":24,"column":50}},"5":{"start":{"line":28,"column":17},"end":{"line":39,"column":5}},"6":{"start":{"line":42,"column":20},"end":{"line":60,"column":5}},"7":{"start":{"line":53,"column":24},"end":{"line":53,"column":70}},"8":{"start":{"line":62,"column":4},"end":{"line":68,"column":6}}},"fnMap":{"0":{"name":"(anonymous_0)","decl":{"start":{"line":20,"column":29},"end":{"line":20,"column":30}},"loc":{"start":{"line":20,"column":55},"end":{"line":69,"column":1}},"line":20},"1":{"name":"(anonymous_1)","decl":{"start":{"line":23,"column":31},"end":{"line":23,"column":32}},"loc":{"start":{"line":24,"column":8},"end":{"line":24,"column":58}},"line":24},"2":{"name":"(anonymous_2)","decl":{"start":{"line":24,"column":23},"end":{"line":24,"column":24}},"loc":{"start":{"line":24,"column":33},"end":{"line":24,"column":50}},"line":24},"3":{"name":"(anonymous_3)","decl":{"start":{"line":52,"column":30},"end":{"line":52,"column":31}},"loc":{"start":{"line":52,"column":47},"end":{"line":54,"column":21}},"line":52}},"branchMap":{"0":{"loc":{"start":{"line":53,"column":31},"end":{"line":53,"column":69}},"type":"cond-expr","locations":[{"start":{"line":53,"column":57},"end":{"line":53,"column":62}},{"start":{"line":53,"column":65},"end":{"line":53,"column":69}}],"line":53}},"s":{"0":2,"1":2,"2":4,"3":5,"4":16,"5":4,"6":4,"7":2,"8":4},"f":{"0":4,"1":5,"2":16,"3":2},"b":{"0":[1,1]},"_coverageSchema":"1a1c01bbd47fc00a2c39e90264f33305004495a9","hash":"9cbba63bcece92746bb0981df719510cb0859031"}
,"/home/jshen52/softwareTesting/601.422_team/SJM/Team-SuperSurveyors/src/components/NavBar.js": {"path":"/home/jshen52/softwareTesting/601.422_team/SJM/Team-SuperSurveyors/src/components/NavBar.js","statementMap":{"0":{"start":{"line":27,"column":15},"end":{"line":291,"column":1}},"1":{"start":{"line":28,"column":48},"end":{"line":28,"column":63}},"2":{"start":{"line":29,"column":34},"end":{"line":29,"column":56}},"3":{"start":{"line":30,"column":34},"end":{"line":30,"column":48}},"4":{"start":{"line":31,"column":50},"end":{"line":31,"column":64}},"5":{"start":{"line":33,"column":16},"end":{"line":33,"column":26}},"6":{"start":{"line":34,"column":19},"end":{"line":34,"column":62}},"7":{"start":{"line":35,"column":19},"end":{"line":35,"column":32}},"8":{"start":{"line":36,"column":15},"end":{"line":36,"column":24}},"9":{"start":{"line":38,"column":2},"end":{"line":56,"column":30}},"10":{"start":{"line":40,"column":19},"end":{"line":40,"column":38}},"11":{"start":{"line":41,"column":6},"end":{"line":41,"column":24}},"12":{"start":{"line":44,"column":24},"end":{"line":46,"column":6}},"13":{"start":{"line":45,"column":6},"end":{"line":45,"column":33}},"14":{"start":{"line":48,"column":4},"end":{"line":53,"column":5}},"15":{"start":{"line":49,"column":6},"end":{"line":49,"column":18}},"16":{"start":{"line":50,"column":6},"end":{"line":52,"column":9}},"17":{"start":{"line":51,"column":8},"end":{"line":51,"column":32}},"18":{"start":{"line":55,"column":4},"end":{"line":55,"column":31}},"19":{"start":{"line":55,"column":17},"end":{"line":55,"column":30}},"20":{"start":{"line":58,"column":23},"end":{"line":62,"column":3}},"21":{"start":{"line":59,"column":4},"end":{"line":59,"column":23}},"22":{"start":{"line":60,"column":4},"end":{"line":60,"column":22}},"23":{"start":{"line":61,"column":4},"end":{"line":61,"column":23}},"24":{"start":{"line":64,"column":25},"end":{"line":66,"column":3}},"25":{"start":{"line":65,"column":4},"end":{"line":65,"column":37}},"26":{"start":{"line":68,"column":26},"end":{"line":70,"column":3}},"27":{"start":{"line":69,"column":4},"end":{"line":69,"column":22}},"28":{"start":{"line":72,"column":31},"end":{"line":74,"column":3}},"29":{"start":{"line":73,"column":4},"end":{"line":73,"column":45}},"30":{"start":{"line":76,"column":32},"end":{"line":78,"column":3}},"31":{"start":{"line":77,"column":4},"end":{"line":77,"column":30}},"32":{"start":{"line":80,"column":19},"end":{"line":85,"column":3}},"33":{"start":{"line":88,"column":4},"end":{"line":117,"column":11}},"34":{"start":{"line":102,"column":8},"end":{"line":111,"column":19}},"35":{"start":{"line":105,"column":12},"end":{"line":105,"column":36}},"36":{"start":{"line":106,"column":12},"end":{"line":106,"column":32}},"37":{"start":{"line":120,"column":2},"end":{"line":290,"column":4}},"38":{"start":{"line":170,"column":20},"end":{"line":185,"column":29}},"39":{"start":{"line":252,"column":22},"end":{"line":252,"column":40}},"40":{"start":{"line":253,"column":22},"end":{"line":253,"column":43}}},"fnMap":{"0":{"name":"(anonymous_0)","decl":{"start":{"line":27,"column":15},"end":{"line":27,"column":16}},"loc":{"start":{"line":27,"column":21},"end":{"line":291,"column":1}},"line":27},"1":{"name":"(anonymous_1)","decl":{"start":{"line":38,"column":12},"end":{"line":38,"column":13}},"loc":{"start":{"line":38,"column":18},"end":{"line":56,"column":3}},"line":38},"2":{"name":"fetchInfo","decl":{"start":{"line":39,"column":19},"end":{"line":39,"column":28}},"loc":{"start":{"line":39,"column":31},"end":{"line":42,"column":5}},"line":39},"3":{"name":"(anonymous_3)","decl":{"start":{"line":44,"column":49},"end":{"line":44,"column":50}},"loc":{"start":{"line":44,"column":59},"end":{"line":46,"column":5}},"line":44},"4":{"name":"(anonymous_4)","decl":{"start":{"line":50,"column":57},"end":{"line":50,"column":58}},"loc":{"start":{"line":50,"column":66},"end":{"line":52,"column":7}},"line":50},"5":{"name":"(anonymous_5)","decl":{"start":{"line":55,"column":11},"end":{"line":55,"column":12}},"loc":{"start":{"line":55,"column":17},"end":{"line":55,"column":30}},"line":55},"6":{"name":"(anonymous_6)","decl":{"start":{"line":58,"column":23},"end":{"line":58,"column":24}},"loc":{"start":{"line":58,"column":35},"end":{"line":62,"column":3}},"line":58},"7":{"name":"(anonymous_7)","decl":{"start":{"line":64,"column":25},"end":{"line":64,"column":26}},"loc":{"start":{"line":64,"column":36},"end":{"line":66,"column":3}},"line":64},"8":{"name":"(anonymous_8)","decl":{"start":{"line":68,"column":26},"end":{"line":68,"column":27}},"loc":{"start":{"line":68,"column":32},"end":{"line":70,"column":3}},"line":68},"9":{"name":"(anonymous_9)","decl":{"start":{"line":72,"column":31},"end":{"line":72,"column":32}},"loc":{"start":{"line":72,"column":42},"end":{"line":74,"column":3}},"line":72},"10":{"name":"(anonymous_10)","decl":{"start":{"line":76,"column":32},"end":{"line":76,"column":33}},"loc":{"start":{"line":76,"column":38},"end":{"line":78,"column":3}},"line":76},"11":{"name":"(anonymous_11)","decl":{"start":{"line":101,"column":20},"end":{"line":101,"column":21}},"loc":{"start":{"line":102,"column":8},"end":{"line":111,"column":19}},"line":102},"12":{"name":"(anonymous_12)","decl":{"start":{"line":104,"column":19},"end":{"line":104,"column":20}},"loc":{"start":{"line":104,"column":25},"end":{"line":107,"column":11}},"line":104},"13":{"name":"(anonymous_13)","decl":{"start":{"line":169,"column":32},"end":{"line":169,"column":33}},"loc":{"start":{"line":170,"column":20},"end":{"line":185,"column":29}},"line":170},"14":{"name":"(anonymous_14)","decl":{"start":{"line":251,"column":29},"end":{"line":251,"column":30}},"loc":{"start":{"line":251,"column":35},"end":{"line":254,"column":21}},"line":251}},"branchMap":{"0":{"loc":{"start":{"line":48,"column":4},"end":{"line":53,"column":5}},"type":"if","locations":[{"start":{"line":48,"column":4},"end":{"line":53,"column":5}},{"start":{},"end":{}}],"line":48},"1":{"loc":{"start":{"line":135,"column":16},"end":{"line":135,"column":47}},"type":"cond-expr","locations":[{"start":{"line":135,"column":34},"end":{"line":135,"column":41}},{"start":{"line":135,"column":44},"end":{"line":135,"column":47}}],"line":135},"2":{"loc":{"start":{"line":157,"column":11},"end":{"line":285,"column":11}},"type":"cond-expr","locations":[{"start":{"line":158,"column":12},"end":{"line":267,"column":15}},{"start":{"line":270,"column":12},"end":{"line":284,"column":18}}],"line":157},"3":{"loc":{"start":{"line":160,"column":15},"end":{"line":188,"column":15}},"type":"binary-expr","locations":[{"start":{"line":160,"column":15},"end":{"line":160,"column":24}},{"start":{"line":161,"column":16},"end":{"line":187,"column":24}}],"line":160},"4":{"loc":{"start":{"line":207,"column":17},"end":{"line":217,"column":17}},"type":"binary-expr","locations":[{"start":{"line":207,"column":17},"end":{"line":207,"column":25}},{"start":{"line":208,"column":18},"end":{"line":216,"column":31}}],"line":207},"5":{"loc":{"start":{"line":230,"column":25},"end":{"line":230,"column":123}},"type":"binary-expr","locations":[{"start":{"line":230,"column":25},"end":{"line":230,"column":50}},{"start":{"line":230,"column":54},"end":{"line":230,"column":123}}],"line":230}},"s":{"0":2,"1":29,"2":28,"3":28,"4":28,"5":28,"6":28,"7":28,"8":28,"9":28,"10":7,"11":7,"12":15,"13":15,"14":15,"15":7,"16":7,"17":1,"18":15,"19":15,"20":28,"21":1,"22":1,"23":1,"24":28,"25":3,"26":28,"27":2,"28":28,"29":0,"30":28,"31":0,"32":28,"33":28,"34":112,"35":0,"36":0,"37":28,"38":80,"39":1,"40":1},"f":{"0":29,"1":15,"2":7,"3":15,"4":1,"5":15,"6":1,"7":3,"8":2,"9":0,"10":0,"11":112,"12":0,"13":80,"14":1},"b":{"0":[7,8],"1":[20,8],"2":[20,8],"3":[20,20],"4":[20,0],"5":[20,0]},"_coverageSchema":"1a1c01bbd47fc00a2c39e90264f33305004495a9","hash":"5bd8aea35aeee1d05794c92ad6964daf992349d7"}
,"/home/jshen52/softwareTesting/601.422_team/SJM/Team-SuperSurveyors/src/components/Onboarding.js": {"path":"/home/jshen52/softwareTesting/601.422_team/SJM/Team-SuperSurveyors/src/components/Onboarding.js","statementMap":{"0":{"start":{"line":23,"column":19},"end":{"line":215,"column":1}},"1":{"start":{"line":24,"column":21},"end":{"line":24,"column":32}},"2":{"start":{"line":25,"column":26},"end":{"line":25,"column":38}},"3":{"start":{"line":26,"column":42},"end":{"line":26,"column":54}},"4":{"start":{"line":27,"column":19},"end":{"line":27,"column":32}},"5":{"start":{"line":28,"column":16},"end":{"line":28,"column":26}},"6":{"start":{"line":29,"column":18},"end":{"line":29,"column":19}},"7":{"start":{"line":31,"column":2},"end":{"line":46,"column":9}},"8":{"start":{"line":32,"column":22},"end":{"line":44,"column":5}},"9":{"start":{"line":33,"column":6},"end":{"line":43,"column":7}},"10":{"start":{"line":34,"column":31},"end":{"line":34,"column":53}},"11":{"start":{"line":35,"column":29},"end":{"line":35,"column":58}},"12":{"start":{"line":36,"column":25},"end":{"line":39,"column":11}},"13":{"start":{"line":36,"column":57},"end":{"line":39,"column":9}},"14":{"start":{"line":40,"column":8},"end":{"line":40,"column":26}},"15":{"start":{"line":42,"column":8},"end":{"line":42,"column":53}},"16":{"start":{"line":45,"column":4},"end":{"line":45,"column":16}},"17":{"start":{"line":48,"column":29},"end":{"line":54,"column":3}},"18":{"start":{"line":49,"column":4},"end":{"line":53,"column":6}},"19":{"start":{"line":50,"column":6},"end":{"line":52,"column":34}},"20":{"start":{"line":51,"column":38},"end":{"line":51,"column":50}},"21":{"start":{"line":56,"column":25},"end":{"line":66,"column":3}},"22":{"start":{"line":57,"column":4},"end":{"line":65,"column":5}},"23":{"start":{"line":58,"column":6},"end":{"line":64,"column":7}},"24":{"start":{"line":59,"column":24},"end":{"line":59,"column":48}},"25":{"start":{"line":60,"column":8},"end":{"line":60,"column":57}},"26":{"start":{"line":61,"column":8},"end":{"line":61,"column":29}},"27":{"start":{"line":63,"column":8},"end":{"line":63,"column":58}},"28":{"start":{"line":68,"column":19},"end":{"line":68,"column":56}},"29":{"start":{"line":70,"column":2},"end":{"line":214,"column":4}},"30":{"start":{"line":134,"column":29},"end":{"line":134,"column":58}},"31":{"start":{"line":136,"column":10},"end":{"line":187,"column":12}},"32":{"start":{"line":139,"column":31},"end":{"line":139,"column":57}}},"fnMap":{"0":{"name":"(anonymous_0)","decl":{"start":{"line":23,"column":19},"end":{"line":23,"column":20}},"loc":{"start":{"line":23,"column":25},"end":{"line":215,"column":1}},"line":23},"1":{"name":"(anonymous_1)","decl":{"start":{"line":31,"column":12},"end":{"line":31,"column":13}},"loc":{"start":{"line":31,"column":18},"end":{"line":46,"column":3}},"line":31},"2":{"name":"(anonymous_2)","decl":{"start":{"line":32,"column":22},"end":{"line":32,"column":23}},"loc":{"start":{"line":32,"column":34},"end":{"line":44,"column":5}},"line":32},"3":{"name":"(anonymous_3)","decl":{"start":{"line":36,"column":47},"end":{"line":36,"column":48}},"loc":{"start":{"line":36,"column":57},"end":{"line":39,"column":9}},"line":36},"4":{"name":"(anonymous_4)","decl":{"start":{"line":48,"column":29},"end":{"line":48,"column":30}},"loc":{"start":{"line":48,"column":40},"end":{"line":54,"column":3}},"line":48},"5":{"name":"(anonymous_5)","decl":{"start":{"line":49,"column":20},"end":{"line":49,"column":21}},"loc":{"start":{"line":50,"column":6},"end":{"line":52,"column":34}},"line":50},"6":{"name":"(anonymous_6)","decl":{"start":{"line":51,"column":30},"end":{"line":51,"column":31}},"loc":{"start":{"line":51,"column":38},"end":{"line":51,"column":50}},"line":51},"7":{"name":"(anonymous_7)","decl":{"start":{"line":56,"column":25},"end":{"line":56,"column":26}},"loc":{"start":{"line":56,"column":37},"end":{"line":66,"column":3}},"line":56},"8":{"name":"(anonymous_8)","decl":{"start":{"line":133,"column":18},"end":{"line":133,"column":19}},"loc":{"start":{"line":133,"column":27},"end":{"line":188,"column":9}},"line":133},"9":{"name":"(anonymous_9)","decl":{"start":{"line":139,"column":25},"end":{"line":139,"column":26}},"loc":{"start":{"line":139,"column":31},"end":{"line":139,"column":57}},"line":139}},"branchMap":{"0":{"loc":{"start":{"line":50,"column":6},"end":{"line":52,"column":34}},"type":"cond-expr","locations":[{"start":{"line":51,"column":10},"end":{"line":51,"column":51}},{"start":{"line":52,"column":10},"end":{"line":52,"column":34}}],"line":50},"1":{"loc":{"start":{"line":57,"column":4},"end":{"line":65,"column":5}},"type":"if","locations":[{"start":{"line":57,"column":4},"end":{"line":65,"column":5}},{"start":{},"end":{}}],"line":57},"2":{"loc":{"start":{"line":148,"column":31},"end":{"line":148,"column":70}},"type":"cond-expr","locations":[{"start":{"line":148,"column":44},"end":{"line":148,"column":58}},{"start":{"line":148,"column":61},"end":{"line":148,"column":70}}],"line":148},"3":{"loc":{"start":{"line":149,"column":27},"end":{"line":149,"column":100}},"type":"cond-expr","locations":[{"start":{"line":149,"column":40},"end":{"line":149,"column":79}},{"start":{"line":149,"column":82},"end":{"line":149,"column":100}}],"line":149},"4":{"loc":{"start":{"line":174,"column":19},"end":{"line":183,"column":19}},"type":"binary-expr","locations":[{"start":{"line":174,"column":19},"end":{"line":174,"column":29}},{"start":{"line":175,"column":20},"end":{"line":182,"column":22}}],"line":174},"5":{"loc":{"start":{"line":208,"column":11},"end":{"line":210,"column":34}},"type":"cond-expr","locations":[{"start":{"line":209,"column":14},"end":{"line":209,"column":115}},{"start":{"line":210,"column":14},"end":{"line":210,"column":34}}],"line":208},"6":{"loc":{"start":{"line":209,"column":67},"end":{"line":209,"column":113}},"type":"cond-expr","locations":[{"start":{"line":209,"column":105},"end":{"line":209,"column":108}},{"start":{"line":209,"column":111},"end":{"line":209,"column":113}}],"line":209}},"s":{"0":2,"1":26,"2":26,"3":26,"4":26,"5":26,"6":26,"7":26,"8":8,"9":8,"10":8,"11":8,"12":8,"13":30,"14":5,"15":3,"16":8,"17":26,"18":13,"19":13,"20":1,"21":26,"22":2,"23":2,"24":2,"25":2,"26":1,"27":1,"28":26,"29":26,"30":108,"31":108,"32":13},"f":{"0":26,"1":8,"2":8,"3":30,"4":13,"5":13,"6":1,"7":2,"8":108,"9":13},"b":{"0":[1,12],"1":[2,0],"2":[37,71],"3":[37,71],"4":[108,37],"5":[23,3],"6":[21,2]},"_coverageSchema":"1a1c01bbd47fc00a2c39e90264f33305004495a9","hash":"7e81b0187f4bd8f236e86bb80f9d66817dffb329"}
,"/home/jshen52/softwareTesting/601.422_team/SJM/Team-SuperSurveyors/src/components/Signup.js": {"path":"/home/jshen52/softwareTesting/601.422_team/SJM/Team-SuperSurveyors/src/components/Signup.js","statementMap":{"0":{"start":{"line":26,"column":15},"end":{"line":231,"column":1}},"1":{"start":{"line":27,"column":28},"end":{"line":27,"column":40}},"2":{"start":{"line":28,"column":34},"end":{"line":28,"column":46}},"3":{"start":{"line":29,"column":40},"end":{"line":29,"column":52}},"4":{"start":{"line":30,"column":42},"end":{"line":30,"column":57}},"5":{"start":{"line":31,"column":28},"end":{"line":31,"column":40}},"6":{"start":{"line":32,"column":36},"end":{"line":32,"column":51}},"7":{"start":{"line":33,"column":19},"end":{"line":33,"column":32}},"8":{"start":{"line":36,"column":2},"end":{"line":42,"column":3}},"9":{"start":{"line":37,"column":17},"end":{"line":37,"column":26}},"10":{"start":{"line":38,"column":4},"end":{"line":40,"column":5}},"11":{"start":{"line":39,"column":6},"end":{"line":39,"column":24}},"12":{"start":{"line":44,"column":23},"end":{"line":69,"column":3}},"13":{"start":{"line":45,"column":4},"end":{"line":45,"column":23}},"14":{"start":{"line":46,"column":17},"end":{"line":46,"column":26}},"15":{"start":{"line":47,"column":4},"end":{"line":68,"column":5}},"16":{"start":{"line":48,"column":29},"end":{"line":48,"column":88}},"17":{"start":{"line":49,"column":19},"end":{"line":49,"column":38}},"18":{"start":{"line":52,"column":6},"end":{"line":60,"column":9}},"19":{"start":{"line":63,"column":6},"end":{"line":63,"column":42}},"20":{"start":{"line":65,"column":6},"end":{"line":65,"column":45}},"21":{"start":{"line":66,"column":6},"end":{"line":66,"column":52}},"22":{"start":{"line":67,"column":6},"end":{"line":67,"column":25}},"23":{"start":{"line":71,"column":34},"end":{"line":73,"column":3}},"24":{"start":{"line":72,"column":4},"end":{"line":72,"column":35}},"25":{"start":{"line":75,"column":2},"end":{"line":230,"column":4}},"26":{"start":{"line":98,"column":27},"end":{"line":98,"column":45}},"27":{"start":{"line":123,"column":31},"end":{"line":123,"column":61}},"28":{"start":{"line":143,"column":31},"end":{"line":143,"column":55}},"29":{"start":{"line":164,"column":31},"end":{"line":164,"column":58}},"30":{"start":{"line":206,"column":33},"end":{"line":206,"column":51}},"31":{"start":{"line":222,"column":29},"end":{"line":222,"column":48}}},"fnMap":{"0":{"name":"(anonymous_0)","decl":{"start":{"line":26,"column":15},"end":{"line":26,"column":16}},"loc":{"start":{"line":26,"column":21},"end":{"line":231,"column":1}},"line":26},"1":{"name":"(anonymous_1)","decl":{"start":{"line":36,"column":12},"end":{"line":36,"column":13}},"loc":{"start":{"line":36,"column":18},"end":{"line":41,"column":3}},"line":36},"2":{"name":"(anonymous_2)","decl":{"start":{"line":44,"column":23},"end":{"line":44,"column":24}},"loc":{"start":{"line":44,"column":36},"end":{"line":69,"column":3}},"line":44},"3":{"name":"(anonymous_3)","decl":{"start":{"line":71,"column":34},"end":{"line":71,"column":35}},"loc":{"start":{"line":71,"column":40},"end":{"line":73,"column":3}},"line":71},"4":{"name":"(anonymous_4)","decl":{"start":{"line":98,"column":21},"end":{"line":98,"column":22}},"loc":{"start":{"line":98,"column":27},"end":{"line":98,"column":45}},"line":98},"5":{"name":"(anonymous_5)","decl":{"start":{"line":123,"column":24},"end":{"line":123,"column":25}},"loc":{"start":{"line":123,"column":31},"end":{"line":123,"column":61}},"line":123},"6":{"name":"(anonymous_6)","decl":{"start":{"line":143,"column":24},"end":{"line":143,"column":25}},"loc":{"start":{"line":143,"column":31},"end":{"line":143,"column":55}},"line":143},"7":{"name":"(anonymous_7)","decl":{"start":{"line":164,"column":24},"end":{"line":164,"column":25}},"loc":{"start":{"line":164,"column":31},"end":{"line":164,"column":58}},"line":164},"8":{"name":"(anonymous_8)","decl":{"start":{"line":206,"column":27},"end":{"line":206,"column":28}},"loc":{"start":{"line":206,"column":33},"end":{"line":206,"column":51}},"line":206},"9":{"name":"(anonymous_9)","decl":{"start":{"line":222,"column":23},"end":{"line":222,"column":24}},"loc":{"start":{"line":222,"column":29},"end":{"line":222,"column":48}},"line":222}},"branchMap":{"0":{"loc":{"start":{"line":38,"column":4},"end":{"line":40,"column":5}},"type":"if","locations":[{"start":{"line":38,"column":4},"end":{"line":40,"column":5}},{"start":{},"end":{}}],"line":38},"1":{"loc":{"start":{"line":55,"column":18},"end":{"line":55,"column":39}},"type":"binary-expr","locations":[{"start":{"line":55,"column":18},"end":{"line":55,"column":31}},{"start":{"line":55,"column":35},"end":{"line":55,"column":39}}],"line":55},"2":{"loc":{"start":{"line":160,"column":20},"end":{"line":160,"column":54}},"type":"cond-expr","locations":[{"start":{"line":160,"column":35},"end":{"line":160,"column":41}},{"start":{"line":160,"column":44},"end":{"line":160,"column":54}}],"line":160},"3":{"loc":{"start":{"line":179,"column":23},"end":{"line":179,"column":72}},"type":"cond-expr","locations":[{"start":{"line":179,"column":38},"end":{"line":179,"column":55}},{"start":{"line":179,"column":58},"end":{"line":179,"column":72}}],"line":179}},"s":{"0":2,"1":22,"2":22,"3":22,"4":22,"5":22,"6":22,"7":22,"8":22,"9":22,"10":22,"11":1,"12":22,"13":4,"14":4,"15":4,"16":4,"17":2,"18":2,"19":2,"20":2,"21":2,"22":2,"23":22,"24":2,"25":22,"26":1,"27":3,"28":3,"29":3,"30":1,"31":1},"f":{"0":22,"1":22,"2":4,"3":2,"4":1,"5":3,"6":3,"7":3,"8":1,"9":1},"b":{"0":[1,21],"1":[2,2],"2":[1,21],"3":[1,21]},"_coverageSchema":"1a1c01bbd47fc00a2c39e90264f33305004495a9","hash":"a82c1173a12d043dfe44d528b11d95100e256918"}
,"/home/jshen52/softwareTesting/601.422_team/SJM/Team-SuperSurveyors/src/components/Survey.js": {"path":"/home/jshen52/softwareTesting/601.422_team/SJM/Team-SuperSurveyors/src/components/Survey.js","statementMap":{"0":{"start":{"line":40,"column":21},"end":{"line":96,"column":2}},"1":{"start":{"line":98,"column":19},"end":{"line":556,"column":1}},"2":{"start":{"line":100,"column":38},"end":{"line":100,"column":50}},"3":{"start":{"line":101,"column":44},"end":{"line":101,"column":56}},"4":{"start":{"line":102,"column":44},"end":{"line":102,"column":60}},"5":{"start":{"line":103,"column":34},"end":{"line":103,"column":46}},"6":{"start":{"line":104,"column":38},"end":{"line":104,"column":50}},"7":{"start":{"line":105,"column":28},"end":{"line":105,"column":40}},"8":{"start":{"line":106,"column":44},"end":{"line":106,"column":56}},"9":{"start":{"line":107,"column":46},"end":{"line":107,"column":60}},"10":{"start":{"line":108,"column":34},"end":{"line":108,"column":49}},"11":{"start":{"line":109,"column":32},"end":{"line":109,"column":44}},"12":{"start":{"line":110,"column":32},"end":{"line":110,"column":44}},"13":{"start":{"line":111,"column":32},"end":{"line":111,"column":44}},"14":{"start":{"line":112,"column":21},"end":{"line":112,"column":34}},"15":{"start":{"line":115,"column":54},"end":{"line":115,"column":69}},"16":{"start":{"line":116,"column":52},"end":{"line":116,"column":64}},"17":{"start":{"line":117,"column":58},"end":{"line":117,"column":73}},"18":{"start":{"line":118,"column":56},"end":{"line":118,"column":68}},"19":{"start":{"line":121,"column":4},"end":{"line":133,"column":11}},"20":{"start":{"line":122,"column":26},"end":{"line":131,"column":9}},"21":{"start":{"line":123,"column":12},"end":{"line":130,"column":13}},"22":{"start":{"line":124,"column":39},"end":{"line":124,"column":61}},"23":{"start":{"line":125,"column":37},"end":{"line":125,"column":66}},"24":{"start":{"line":126,"column":33},"end":{"line":126,"column":69}},"25":{"start":{"line":126,"column":62},"end":{"line":126,"column":68}},"26":{"start":{"line":127,"column":16},"end":{"line":127,"column":34}},"27":{"start":{"line":129,"column":16},"end":{"line":129,"column":61}},"28":{"start":{"line":132,"column":8},"end":{"line":132,"column":20}},"29":{"start":{"line":136,"column":25},"end":{"line":140,"column":5}},"30":{"start":{"line":137,"column":8},"end":{"line":139,"column":68}},"31":{"start":{"line":137,"column":35},"end":{"line":137,"column":63}},"32":{"start":{"line":138,"column":13},"end":{"line":139,"column":68}},"33":{"start":{"line":138,"column":40},"end":{"line":138,"column":68}},"34":{"start":{"line":139,"column":13},"end":{"line":139,"column":68}},"35":{"start":{"line":139,"column":40},"end":{"line":139,"column":68}},"36":{"start":{"line":144,"column":31},"end":{"line":149,"column":5}},"37":{"start":{"line":145,"column":22},"end":{"line":145,"column":40}},"38":{"start":{"line":146,"column":8},"end":{"line":148,"column":9}},"39":{"start":{"line":147,"column":12},"end":{"line":147,"column":54}},"40":{"start":{"line":151,"column":22},"end":{"line":156,"column":5}},"41":{"start":{"line":152,"column":8},"end":{"line":155,"column":9}},"42":{"start":{"line":153,"column":12},"end":{"line":153,"column":55}},"43":{"start":{"line":154,"column":12},"end":{"line":154,"column":29}},"44":{"start":{"line":158,"column":24},"end":{"line":175,"column":5}},"45":{"start":{"line":160,"column":8},"end":{"line":168,"column":9}},"46":{"start":{"line":161,"column":12},"end":{"line":161,"column":99}},"47":{"start":{"line":162,"column":12},"end":{"line":162,"column":41}},"48":{"start":{"line":163,"column":12},"end":{"line":163,"column":19}},"49":{"start":{"line":164,"column":15},"end":{"line":168,"column":9}},"50":{"start":{"line":165,"column":12},"end":{"line":165,"column":90}},"51":{"start":{"line":166,"column":12},"end":{"line":166,"column":41}},"52":{"start":{"line":167,"column":12},"end":{"line":167,"column":19}},"53":{"start":{"line":170,"column":8},"end":{"line":174,"column":9}},"54":{"start":{"line":171,"column":12},"end":{"line":171,"column":94}},"55":{"start":{"line":172,"column":12},"end":{"line":172,"column":32}},"56":{"start":{"line":173,"column":12},"end":{"line":173,"column":27}},"57":{"start":{"line":179,"column":25},"end":{"line":235,"column":5}},"58":{"start":{"line":182,"column":30},"end":{"line":182,"column":51}},"59":{"start":{"line":183,"column":8},"end":{"line":187,"column":9}},"60":{"start":{"line":184,"column":12},"end":{"line":184,"column":90}},"61":{"start":{"line":185,"column":12},"end":{"line":185,"column":39}},"62":{"start":{"line":186,"column":12},"end":{"line":186,"column":19}},"63":{"start":{"line":189,"column":23},"end":{"line":197,"column":9}},"64":{"start":{"line":200,"column":8},"end":{"line":212,"column":9}},"65":{"start":{"line":201,"column":12},"end":{"line":201,"column":110}},"66":{"start":{"line":202,"column":12},"end":{"line":202,"column":39}},"67":{"start":{"line":203,"column":12},"end":{"line":203,"column":19}},"68":{"start":{"line":204,"column":15},"end":{"line":212,"column":9}},"69":{"start":{"line":205,"column":12},"end":{"line":205,"column":85}},"70":{"start":{"line":206,"column":12},"end":{"line":206,"column":39}},"71":{"start":{"line":207,"column":12},"end":{"line":207,"column":19}},"72":{"start":{"line":208,"column":15},"end":{"line":212,"column":9}},"73":{"start":{"line":209,"column":12},"end":{"line":209,"column":110}},"74":{"start":{"line":210,"column":12},"end":{"line":210,"column":39}},"75":{"start":{"line":211,"column":12},"end":{"line":211,"column":19}},"76":{"start":{"line":214,"column":8},"end":{"line":214,"column":25}},"77":{"start":{"line":216,"column":23},"end":{"line":216,"column":70}},"78":{"start":{"line":217,"column":8},"end":{"line":220,"column":11}},"79":{"start":{"line":222,"column":8},"end":{"line":228,"column":11}},"80":{"start":{"line":223,"column":12},"end":{"line":227,"column":15}},"81":{"start":{"line":229,"column":8},"end":{"line":229,"column":41}},"82":{"start":{"line":230,"column":8},"end":{"line":230,"column":33}},"83":{"start":{"line":232,"column":8},"end":{"line":232,"column":26}},"84":{"start":{"line":234,"column":8},"end":{"line":234,"column":26}},"85":{"start":{"line":237,"column":4},"end":{"line":555,"column":6}},"86":{"start":{"line":274,"column":45},"end":{"line":274,"column":76}},"87":{"start":{"line":287,"column":36},"end":{"line":287,"column":68}},"88":{"start":{"line":288,"column":36},"end":{"line":288,"column":51}},"89":{"start":{"line":306,"column":57},"end":{"line":306,"column":85}},"90":{"start":{"line":332,"column":40},"end":{"line":355,"column":51}},"91":{"start":{"line":345,"column":75},"end":{"line":345,"column":87}},"92":{"start":{"line":346,"column":56},"end":{"line":346,"column":84}},"93":{"start":{"line":347,"column":56},"end":{"line":347,"column":79}},"94":{"start":{"line":362,"column":68},"end":{"line":362,"column":96}},"95":{"start":{"line":383,"column":43},"end":{"line":383,"column":72}},"96":{"start":{"line":390,"column":47},"end":{"line":390,"column":76}},"97":{"start":{"line":419,"column":32},"end":{"line":443,"column":43}},"98":{"start":{"line":435,"column":65},"end":{"line":435,"column":79}},"99":{"start":{"line":436,"column":44},"end":{"line":436,"column":74}},"100":{"start":{"line":437,"column":44},"end":{"line":437,"column":71}},"101":{"start":{"line":479,"column":36},"end":{"line":481,"column":47}},"102":{"start":{"line":488,"column":32},"end":{"line":499,"column":34}},"103":{"start":{"line":492,"column":56},"end":{"line":492,"column":91}},"104":{"start":{"line":492,"column":81},"end":{"line":492,"column":90}},"105":{"start":{"line":493,"column":40},"end":{"line":493,"column":65}},"106":{"start":{"line":505,"column":44},"end":{"line":505,"column":76}},"107":{"start":{"line":540,"column":35},"end":{"line":540,"column":62}},"108":{"start":{"line":547,"column":39},"end":{"line":547,"column":66}}},"fnMap":{"0":{"name":"(anonymous_0)","decl":{"start":{"line":98,"column":19},"end":{"line":98,"column":20}},"loc":{"start":{"line":98,"column":25},"end":{"line":556,"column":1}},"line":98},"1":{"name":"(anonymous_1)","decl":{"start":{"line":121,"column":14},"end":{"line":121,"column":15}},"loc":{"start":{"line":121,"column":20},"end":{"line":133,"column":5}},"line":121},"2":{"name":"(anonymous_2)","decl":{"start":{"line":122,"column":26},"end":{"line":122,"column":27}},"loc":{"start":{"line":122,"column":38},"end":{"line":131,"column":9}},"line":122},"3":{"name":"(anonymous_3)","decl":{"start":{"line":126,"column":55},"end":{"line":126,"column":56}},"loc":{"start":{"line":126,"column":62},"end":{"line":126,"column":68}},"line":126},"4":{"name":"(anonymous_4)","decl":{"start":{"line":136,"column":25},"end":{"line":136,"column":26}},"loc":{"start":{"line":136,"column":45},"end":{"line":140,"column":5}},"line":136},"5":{"name":"(anonymous_5)","decl":{"start":{"line":144,"column":31},"end":{"line":144,"column":32}},"loc":{"start":{"line":144,"column":42},"end":{"line":149,"column":5}},"line":144},"6":{"name":"(anonymous_6)","decl":{"start":{"line":151,"column":22},"end":{"line":151,"column":23}},"loc":{"start":{"line":151,"column":28},"end":{"line":156,"column":5}},"line":151},"7":{"name":"(anonymous_7)","decl":{"start":{"line":158,"column":24},"end":{"line":158,"column":25}},"loc":{"start":{"line":158,"column":30},"end":{"line":175,"column":5}},"line":158},"8":{"name":"(anonymous_8)","decl":{"start":{"line":179,"column":25},"end":{"line":179,"column":26}},"loc":{"start":{"line":179,"column":37},"end":{"line":235,"column":5}},"line":179},"9":{"name":"(anonymous_9)","decl":{"start":{"line":222,"column":26},"end":{"line":222,"column":27}},"loc":{"start":{"line":222,"column":53},"end":{"line":228,"column":9}},"line":222},"10":{"name":"(anonymous_10)","decl":{"start":{"line":274,"column":38},"end":{"line":274,"column":39}},"loc":{"start":{"line":274,"column":45},"end":{"line":274,"column":76}},"line":274},"11":{"name":"(anonymous_11)","decl":{"start":{"line":286,"column":42},"end":{"line":286,"column":43}},"loc":{"start":{"line":286,"column":49},"end":{"line":289,"column":33}},"line":286},"12":{"name":"(anonymous_12)","decl":{"start":{"line":306,"column":50},"end":{"line":306,"column":51}},"loc":{"start":{"line":306,"column":57},"end":{"line":306,"column":85}},"line":306},"13":{"name":"(anonymous_13)","decl":{"start":{"line":331,"column":49},"end":{"line":331,"column":50}},"loc":{"start":{"line":332,"column":40},"end":{"line":355,"column":51}},"line":332},"14":{"name":"(anonymous_14)","decl":{"start":{"line":344,"column":61},"end":{"line":344,"column":62}},"loc":{"start":{"line":344,"column":67},"end":{"line":348,"column":53}},"line":344},"15":{"name":"(anonymous_15)","decl":{"start":{"line":362,"column":48},"end":{"line":362,"column":49}},"loc":{"start":{"line":362,"column":68},"end":{"line":362,"column":96}},"line":362},"16":{"name":"(anonymous_16)","decl":{"start":{"line":383,"column":37},"end":{"line":383,"column":38}},"loc":{"start":{"line":383,"column":43},"end":{"line":383,"column":72}},"line":383},"17":{"name":"(anonymous_17)","decl":{"start":{"line":390,"column":41},"end":{"line":390,"column":42}},"loc":{"start":{"line":390,"column":47},"end":{"line":390,"column":76}},"line":390},"18":{"name":"(anonymous_18)","decl":{"start":{"line":418,"column":43},"end":{"line":418,"column":44}},"loc":{"start":{"line":419,"column":32},"end":{"line":443,"column":43}},"line":419},"19":{"name":"(anonymous_19)","decl":{"start":{"line":429,"column":75},"end":{"line":429,"column":76}},"loc":{"start":{"line":429,"column":81},"end":{"line":429,"column":84}},"line":429},"20":{"name":"(anonymous_20)","decl":{"start":{"line":434,"column":49},"end":{"line":434,"column":50}},"loc":{"start":{"line":434,"column":55},"end":{"line":438,"column":41}},"line":434},"21":{"name":"(anonymous_21)","decl":{"start":{"line":478,"column":42},"end":{"line":478,"column":43}},"loc":{"start":{"line":479,"column":36},"end":{"line":481,"column":47}},"line":479},"22":{"name":"(anonymous_22)","decl":{"start":{"line":487,"column":46},"end":{"line":487,"column":47}},"loc":{"start":{"line":488,"column":32},"end":{"line":499,"column":34}},"line":488},"23":{"name":"(anonymous_23)","decl":{"start":{"line":491,"column":46},"end":{"line":491,"column":47}},"loc":{"start":{"line":491,"column":52},"end":{"line":494,"column":37}},"line":491},"24":{"name":"(anonymous_24)","decl":{"start":{"line":492,"column":76},"end":{"line":492,"column":77}},"loc":{"start":{"line":492,"column":81},"end":{"line":492,"column":90}},"line":492},"25":{"name":"(anonymous_25)","decl":{"start":{"line":505,"column":38},"end":{"line":505,"column":39}},"loc":{"start":{"line":505,"column":44},"end":{"line":505,"column":76}},"line":505},"26":{"name":"(anonymous_26)","decl":{"start":{"line":540,"column":29},"end":{"line":540,"column":30}},"loc":{"start":{"line":540,"column":35},"end":{"line":540,"column":62}},"line":540},"27":{"name":"(anonymous_27)","decl":{"start":{"line":547,"column":33},"end":{"line":547,"column":34}},"loc":{"start":{"line":547,"column":39},"end":{"line":547,"column":66}},"line":547}},"branchMap":{"0":{"loc":{"start":{"line":137,"column":8},"end":{"line":139,"column":68}},"type":"if","locations":[{"start":{"line":137,"column":8},"end":{"line":139,"column":68}},{"start":{"line":138,"column":13},"end":{"line":139,"column":68}}],"line":137},"1":{"loc":{"start":{"line":138,"column":13},"end":{"line":139,"column":68}},"type":"if","locations":[{"start":{"line":138,"column":13},"end":{"line":139,"column":68}},{"start":{"line":139,"column":13},"end":{"line":139,"column":68}}],"line":138},"2":{"loc":{"start":{"line":139,"column":13},"end":{"line":139,"column":68}},"type":"if","locations":[{"start":{"line":139,"column":13},"end":{"line":139,"column":68}},{"start":{},"end":{}}],"line":139},"3":{"loc":{"start":{"line":146,"column":8},"end":{"line":148,"column":9}},"type":"if","locations":[{"start":{"line":146,"column":8},"end":{"line":148,"column":9}},{"start":{},"end":{}}],"line":146},"4":{"loc":{"start":{"line":146,"column":12},"end":{"line":146,"column":68}},"type":"binary-expr","locations":[{"start":{"line":146,"column":12},"end":{"line":146,"column":35}},{"start":{"line":146,"column":39},"end":{"line":146,"column":68}}],"line":146},"5":{"loc":{"start":{"line":152,"column":8},"end":{"line":155,"column":9}},"type":"if","locations":[{"start":{"line":152,"column":8},"end":{"line":155,"column":9}},{"start":{},"end":{}}],"line":152},"6":{"loc":{"start":{"line":160,"column":8},"end":{"line":168,"column":9}},"type":"if","locations":[{"start":{"line":160,"column":8},"end":{"line":168,"column":9}},{"start":{"line":164,"column":15},"end":{"line":168,"column":9}}],"line":160},"7":{"loc":{"start":{"line":164,"column":15},"end":{"line":168,"column":9}},"type":"if","locations":[{"start":{"line":164,"column":15},"end":{"line":168,"column":9}},{"start":{},"end":{}}],"line":164},"8":{"loc":{"start":{"line":164,"column":19},"end":{"line":164,"column":95}},"type":"binary-expr","locations":[{"start":{"line":164,"column":20},"end":{"line":164,"column":44}},{"start":{"line":164,"column":48},"end":{"line":164,"column":75}},{"start":{"line":164,"column":80},"end":{"line":164,"column":95}}],"line":164},"9":{"loc":{"start":{"line":170,"column":8},"end":{"line":174,"column":9}},"type":"if","locations":[{"start":{"line":170,"column":8},"end":{"line":174,"column":9}},{"start":{},"end":{}}],"line":170},"10":{"loc":{"start":{"line":183,"column":8},"end":{"line":187,"column":9}},"type":"if","locations":[{"start":{"line":183,"column":8},"end":{"line":187,"column":9}},{"start":{},"end":{}}],"line":183},"11":{"loc":{"start":{"line":200,"column":8},"end":{"line":212,"column":9}},"type":"if","locations":[{"start":{"line":200,"column":8},"end":{"line":212,"column":9}},{"start":{"line":204,"column":15},"end":{"line":212,"column":9}}],"line":200},"12":{"loc":{"start":{"line":204,"column":15},"end":{"line":212,"column":9}},"type":"if","locations":[{"start":{"line":204,"column":15},"end":{"line":212,"column":9}},{"start":{"line":208,"column":15},"end":{"line":212,"column":9}}],"line":204},"13":{"loc":{"start":{"line":208,"column":15},"end":{"line":212,"column":9}},"type":"if","locations":[{"start":{"line":208,"column":15},"end":{"line":212,"column":9}},{"start":{},"end":{}}],"line":208},"14":{"loc":{"start":{"line":208,"column":19},"end":{"line":208,"column":56}},"type":"binary-expr","locations":[{"start":{"line":208,"column":19},"end":{"line":208,"column":38}},{"start":{"line":208,"column":42},"end":{"line":208,"column":56}}],"line":208},"15":{"loc":{"start":{"line":298,"column":25},"end":{"line":359,"column":25}},"type":"binary-expr","locations":[{"start":{"line":298,"column":26},"end":{"line":298,"column":50}},{"start":{"line":298,"column":54},"end":{"line":298,"column":81}},{"start":{"line":299,"column":28},"end":{"line":358,"column":34}}],"line":298},"16":{"loc":{"start":{"line":400,"column":17},"end":{"line":447,"column":17}},"type":"binary-expr","locations":[{"start":{"line":400,"column":17},"end":{"line":400,"column":37}},{"start":{"line":401,"column":20},"end":{"line":446,"column":28}}],"line":400},"17":{"loc":{"start":{"line":531,"column":17},"end":{"line":535,"column":17}},"type":"binary-expr","locations":[{"start":{"line":531,"column":17},"end":{"line":531,"column":24}},{"start":{"line":532,"column":20},"end":{"line":534,"column":26}}],"line":531}},"s":{"0":5,"1":5,"2":83,"3":82,"4":82,"5":82,"6":82,"7":82,"8":82,"9":82,"10":82,"11":82,"12":82,"13":82,"14":82,"15":82,"16":82,"17":82,"18":82,"19":82,"20":19,"21":19,"22":19,"23":19,"24":18,"25":36,"26":18,"27":1,"28":19,"29":82,"30":3,"31":1,"32":2,"33":1,"34":1,"35":1,"36":82,"37":2,"38":2,"39":2,"40":82,"41":4,"42":4,"43":4,"44":82,"45":9,"46":3,"47":3,"48":3,"49":6,"50":1,"51":1,"52":1,"53":5,"54":5,"55":5,"56":5,"57":82,"58":7,"59":7,"60":1,"61":1,"62":1,"63":6,"64":6,"65":1,"66":1,"67":1,"68":5,"69":3,"70":3,"71":3,"72":2,"73":1,"74":1,"75":1,"76":1,"77":1,"78":1,"79":1,"80":1,"81":1,"82":1,"83":1,"84":1,"85":82,"86":12,"87":5,"88":5,"89":4,"90":7,"91":1,"92":1,"93":1,"94":3,"95":1,"96":1,"97":11,"98":1,"99":1,"100":1,"101":40,"102":4,"103":1,"104":2,"105":1,"106":1,"107":1,"108":1},"f":{"0":83,"1":19,"2":19,"3":36,"4":3,"5":2,"6":4,"7":9,"8":7,"9":1,"10":12,"11":5,"12":4,"13":7,"14":1,"15":3,"16":1,"17":1,"18":11,"19":0,"20":1,"21":40,"22":4,"23":1,"24":2,"25":1,"26":1,"27":1},"b":{"0":[1,2],"1":[1,1],"2":[1,0],"3":[2,0],"4":[2,2],"5":[4,0],"6":[3,6],"7":[1,5],"8":[6,5,1],"9":[5,0],"10":[1,6],"11":[1,5],"12":[3,2],"13":[1,1],"14":[2,1],"15":[82,67,17],"16":[82,11],"17":[82,0]},"_coverageSchema":"1a1c01bbd47fc00a2c39e90264f33305004495a9","hash":"92115280a3ca7f721c5ebbd9986fb7e6027fe94c"}
,"/home/jshen52/softwareTesting/601.422_team/SJM/Team-SuperSurveyors/src/components/SurveyDetailView.js": {"path":"/home/jshen52/softwareTesting/601.422_team/SJM/Team-SuperSurveyors/src/components/SurveyDetailView.js","statementMap":{"0":{"start":{"line":22,"column":14},"end":{"line":24,"column":2}},"1":{"start":{"line":26,"column":25},"end":{"line":222,"column":1}},"2":{"start":{"line":27,"column":23},"end":{"line":27,"column":34}},"3":{"start":{"line":28,"column":19},"end":{"line":28,"column":32}},"4":{"start":{"line":29,"column":30},"end":{"line":29,"column":44}},"5":{"start":{"line":30,"column":32},"end":{"line":30,"column":46}},"6":{"start":{"line":31,"column":28},"end":{"line":31,"column":42}},"7":{"start":{"line":33,"column":2},"end":{"line":55,"column":17}},"8":{"start":{"line":34,"column":24},"end":{"line":52,"column":5}},"9":{"start":{"line":35,"column":6},"end":{"line":51,"column":7}},"10":{"start":{"line":36,"column":26},"end":{"line":36,"column":68}},"11":{"start":{"line":37,"column":8},"end":{"line":37,"column":54}},"12":{"start":{"line":39,"column":8},"end":{"line":45,"column":9}},"13":{"start":{"line":40,"column":29},"end":{"line":40,"column":70}},"14":{"start":{"line":41,"column":10},"end":{"line":41,"column":58}},"15":{"start":{"line":42,"column":10},"end":{"line":42,"column":32}},"16":{"start":{"line":44,"column":10},"end":{"line":44,"column":39}},"17":{"start":{"line":47,"column":8},"end":{"line":47,"column":42}},"18":{"start":{"line":48,"column":8},"end":{"line":48,"column":53}},"19":{"start":{"line":50,"column":8},"end":{"line":50,"column":26}},"20":{"start":{"line":54,"column":4},"end":{"line":54,"column":18}},"21":{"start":{"line":57,"column":2},"end":{"line":67,"column":3}},"22":{"start":{"line":58,"column":4},"end":{"line":66,"column":6}},"23":{"start":{"line":69,"column":2},"end":{"line":87,"column":3}},"24":{"start":{"line":70,"column":4},"end":{"line":86,"column":6}},"25":{"start":{"line":79,"column":29},"end":{"line":79,"column":41}},"26":{"start":{"line":89,"column":2},"end":{"line":221,"column":4}},"27":{"start":{"line":94,"column":27},"end":{"line":94,"column":39}},"28":{"start":{"line":113,"column":16},"end":{"line":122,"column":18}},"29":{"start":{"line":146,"column":18},"end":{"line":151,"column":20}},"30":{"start":{"line":154,"column":18},"end":{"line":159,"column":24}},"31":{"start":{"line":162,"column":18},"end":{"line":167,"column":24}},"32":{"start":{"line":191,"column":14},"end":{"line":215,"column":20}}},"fnMap":{"0":{"name":"(anonymous_0)","decl":{"start":{"line":26,"column":25},"end":{"line":26,"column":26}},"loc":{"start":{"line":26,"column":31},"end":{"line":222,"column":1}},"line":26},"1":{"name":"(anonymous_1)","decl":{"start":{"line":33,"column":12},"end":{"line":33,"column":13}},"loc":{"start":{"line":33,"column":18},"end":{"line":55,"column":3}},"line":33},"2":{"name":"(anonymous_2)","decl":{"start":{"line":34,"column":24},"end":{"line":34,"column":25}},"loc":{"start":{"line":34,"column":36},"end":{"line":52,"column":5}},"line":34},"3":{"name":"(anonymous_3)","decl":{"start":{"line":79,"column":23},"end":{"line":79,"column":24}},"loc":{"start":{"line":79,"column":29},"end":{"line":79,"column":41}},"line":79},"4":{"name":"(anonymous_4)","decl":{"start":{"line":94,"column":21},"end":{"line":94,"column":22}},"loc":{"start":{"line":94,"column":27},"end":{"line":94,"column":39}},"line":94},"5":{"name":"(anonymous_5)","decl":{"start":{"line":112,"column":31},"end":{"line":112,"column":32}},"loc":{"start":{"line":113,"column":16},"end":{"line":122,"column":18}},"line":113},"6":{"name":"(anonymous_6)","decl":{"start":{"line":145,"column":52},"end":{"line":145,"column":53}},"loc":{"start":{"line":146,"column":18},"end":{"line":151,"column":20}},"line":146},"7":{"name":"(anonymous_7)","decl":{"start":{"line":153,"column":52},"end":{"line":153,"column":53}},"loc":{"start":{"line":154,"column":18},"end":{"line":159,"column":24}},"line":154},"8":{"name":"(anonymous_8)","decl":{"start":{"line":161,"column":52},"end":{"line":161,"column":53}},"loc":{"start":{"line":162,"column":18},"end":{"line":167,"column":24}},"line":162},"9":{"name":"(anonymous_9)","decl":{"start":{"line":190,"column":34},"end":{"line":190,"column":35}},"loc":{"start":{"line":191,"column":14},"end":{"line":215,"column":20}},"line":191},"10":{"name":"(anonymous_10)","decl":{"start":{"line":213,"column":34},"end":{"line":213,"column":35}},"loc":{"start":{"line":213,"column":40},"end":{"line":213,"column":43}},"line":213}},"branchMap":{"0":{"loc":{"start":{"line":39,"column":8},"end":{"line":45,"column":9}},"type":"if","locations":[{"start":{"line":39,"column":8},"end":{"line":45,"column":9}},{"start":{"line":43,"column":15},"end":{"line":45,"column":9}}],"line":39},"1":{"loc":{"start":{"line":57,"column":2},"end":{"line":67,"column":3}},"type":"if","locations":[{"start":{"line":57,"column":2},"end":{"line":67,"column":3}},{"start":{},"end":{}}],"line":57},"2":{"loc":{"start":{"line":69,"column":2},"end":{"line":87,"column":3}},"type":"if","locations":[{"start":{"line":69,"column":2},"end":{"line":87,"column":3}},{"start":{},"end":{}}],"line":69},"3":{"loc":{"start":{"line":69,"column":6},"end":{"line":69,"column":22}},"type":"binary-expr","locations":[{"start":{"line":69,"column":6},"end":{"line":69,"column":11}},{"start":{"line":69,"column":15},"end":{"line":69,"column":22}}],"line":69},"4":{"loc":{"start":{"line":74,"column":13},"end":{"line":74,"column":40}},"type":"binary-expr","locations":[{"start":{"line":74,"column":13},"end":{"line":74,"column":18}},{"start":{"line":74,"column":22},"end":{"line":74,"column":40}}],"line":74},"5":{"loc":{"start":{"line":110,"column":11},"end":{"line":125,"column":11}},"type":"binary-expr","locations":[{"start":{"line":110,"column":11},"end":{"line":110,"column":22}},{"start":{"line":110,"column":26},"end":{"line":110,"column":48}},{"start":{"line":111,"column":12},"end":{"line":124,"column":18}}],"line":110},"6":{"loc":{"start":{"line":138,"column":11},"end":{"line":171,"column":11}},"type":"binary-expr","locations":[{"start":{"line":138,"column":12},"end":{"line":138,"column":25}},{"start":{"line":138,"column":29},"end":{"line":138,"column":42}},{"start":{"line":138,"column":46},"end":{"line":138,"column":59}},{"start":{"line":139,"column":12},"end":{"line":170,"column":18}}],"line":138},"7":{"loc":{"start":{"line":145,"column":17},"end":{"line":152,"column":18}},"type":"binary-expr","locations":[{"start":{"line":145,"column":17},"end":{"line":145,"column":30}},{"start":{"line":145,"column":34},"end":{"line":152,"column":18}}],"line":145},"8":{"loc":{"start":{"line":153,"column":17},"end":{"line":160,"column":18}},"type":"binary-expr","locations":[{"start":{"line":153,"column":17},"end":{"line":153,"column":30}},{"start":{"line":153,"column":34},"end":{"line":160,"column":18}}],"line":153},"9":{"loc":{"start":{"line":161,"column":17},"end":{"line":168,"column":18}},"type":"binary-expr","locations":[{"start":{"line":161,"column":17},"end":{"line":161,"column":30}},{"start":{"line":161,"column":34},"end":{"line":168,"column":18}}],"line":161}},"s":{"0":2,"1":2,"2":11,"3":11,"4":11,"5":11,"6":11,"7":11,"8":6,"9":6,"10":6,"11":4,"12":3,"13":3,"14":3,"15":3,"16":0,"17":2,"18":2,"19":5,"20":6,"21":11,"22":6,"23":5,"24":2,"25":0,"26":3,"27":0,"28":6,"29":2,"30":2,"31":2,"32":6},"f":{"0":11,"1":6,"2":6,"3":0,"4":0,"5":6,"6":2,"7":2,"8":2,"9":6,"10":0},"b":{"0":[3,0],"1":[6,5],"2":[2,3],"3":[5,3],"4":[2,0],"5":[3,3,3],"6":[3,1,1,2],"7":[2,2],"8":[2,2],"9":[2,2]},"_coverageSchema":"1a1c01bbd47fc00a2c39e90264f33305004495a9","hash":"f47110ea5a2d034006dbd09cfc5eb5a0fe4cd68c"}
,"/home/jshen52/softwareTesting/601.422_team/SJM/Team-SuperSurveyors/src/components/SurveyResults.js": {"path":"/home/jshen52/softwareTesting/601.422_team/SJM/Team-SuperSurveyors/src/components/SurveyResults.js","statementMap":{"0":{"start":{"line":19,"column":0},"end":{"line":19,"column":46}},"1":{"start":{"line":21,"column":22},"end":{"line":152,"column":1}},"2":{"start":{"line":22,"column":25},"end":{"line":22,"column":36}},"3":{"start":{"line":24,"column":38},"end":{"line":24,"column":50}},"4":{"start":{"line":25,"column":34},"end":{"line":25,"column":48}},"5":{"start":{"line":27,"column":40},"end":{"line":27,"column":52}},"6":{"start":{"line":28,"column":50},"end":{"line":28,"column":62}},"7":{"start":{"line":30,"column":21},"end":{"line":30,"column":34}},"8":{"start":{"line":32,"column":21},"end":{"line":36,"column":5}},"9":{"start":{"line":33,"column":8},"end":{"line":34,"column":58}},"10":{"start":{"line":33,"column":33},"end":{"line":33,"column":57}},"11":{"start":{"line":34,"column":13},"end":{"line":34,"column":58}},"12":{"start":{"line":34,"column":35},"end":{"line":34,"column":58}},"13":{"start":{"line":35,"column":8},"end":{"line":35,"column":30}},"14":{"start":{"line":38,"column":4},"end":{"line":53,"column":19}},"15":{"start":{"line":39,"column":31},"end":{"line":43,"column":9}},"16":{"start":{"line":40,"column":37},"end":{"line":40,"column":71}},"17":{"start":{"line":41,"column":12},"end":{"line":41,"column":43}},"18":{"start":{"line":42,"column":12},"end":{"line":42,"column":30}},"19":{"start":{"line":45,"column":37},"end":{"line":49,"column":9}},"20":{"start":{"line":46,"column":38},"end":{"line":46,"column":67}},"21":{"start":{"line":47,"column":12},"end":{"line":47,"column":51}},"22":{"start":{"line":48,"column":12},"end":{"line":48,"column":60}},"23":{"start":{"line":51,"column":8},"end":{"line":51,"column":25}},"24":{"start":{"line":52,"column":8},"end":{"line":52,"column":31}},"25":{"start":{"line":55,"column":4},"end":{"line":151,"column":6}},"26":{"start":{"line":86,"column":24},"end":{"line":122,"column":32}},"27":{"start":{"line":109,"column":40},"end":{"line":113,"column":46}},"28":{"start":{"line":132,"column":39},"end":{"line":132,"column":51}}},"fnMap":{"0":{"name":"(anonymous_0)","decl":{"start":{"line":21,"column":22},"end":{"line":21,"column":23}},"loc":{"start":{"line":21,"column":28},"end":{"line":152,"column":1}},"line":21},"1
[...]
umn":74}},"line":95},"9":{"name":"(anonymous_9)","decl":{"start":{"line":106,"column":32},"end":{"line":106,"column":33}},"loc":{"start":{"line":106,"column":39},"end":{"line":106,"column":76}},"line":106},"10":{"name":"(anonymous_10)","decl":{"start":{"line":110,"column":20},"end":{"line":110,"column":21}},"loc":{"start":{"line":110,"column":30},"end":{"line":110,"column":104}},"line":110},"11":{"name":"(anonymous_11)","decl":{"start":{"line":111,"column":17},"end":{"line":111,"column":18}},"loc":{"start":{"line":111,"column":27},"end":{"line":119,"column":13}},"line":111},"12":{"name":"(anonymous_12)","decl":{"start":{"line":128,"column":29},"end":{"line":128,"column":30}},"loc":{"start":{"line":128,"column":49},"end":{"line":142,"column":1}},"line":128},"13":{"name":"(anonymous_13)","decl":{"start":{"line":144,"column":34},"end":{"line":144,"column":35}},"loc":{"start":{"line":144,"column":54},"end":{"line":156,"column":3}},"line":144},"14":{"name":"(anonymous_14)","decl":{"start":{"line":149,"column":26},"end":{"line":149,"column":27}},"loc":{"start":{"line":149,"column":35},"end":{"line":153,"column":5}},"line":149},"15":{"name":"(anonymous_15)","decl":{"start":{"line":158,"column":28},"end":{"line":158,"column":29}},"loc":{"start":{"line":158,"column":63},"end":{"line":164,"column":1}},"line":158},"16":{"name":"(anonymous_16)","decl":{"start":{"line":166,"column":29},"end":{"line":166,"column":30}},"loc":{"start":{"line":166,"column":41},"end":{"line":175,"column":1}},"line":166},"17":{"name":"(anonymous_17)","decl":{"start":{"line":177,"column":30},"end":{"line":177,"column":31}},"loc":{"start":{"line":177,"column":48},"end":{"line":184,"column":1}},"line":177}},"branchMap":{"0":{"loc":{"start":{"line":18,"column":8},"end":{"line":20,"column":9}},"type":"if","locations":[{"start":{"line":18,"column":8},"end":{"line":20,"column":9}},{"start":{},"end":{}}],"line":18},"1":{"loc":{"start":{"line":44,"column":8},"end":{"line":48,"column":9}},"type":"if","locations":[{"start":{"line":44,"column":8},"end":{"line":48,"column":9}},{"start":{"line":46,"column":15},"end":{"line":48,"column":9}}],"line":44},"2":{"loc":{"start":{"line":54,"column":19},"end":{"line":54,"column":73}},"type":"binary-expr","locations":[{"start":{"line":54,"column":19},"end":{"line":54,"column":42}},{"start":{"line":54,"column":46},"end":{"line":54,"column":73}}],"line":54},"3":{"loc":{"start":{"line":110,"column":30},"end":{"line":110,"column":104}},"type":"binary-expr","locations":[{"start":{"line":110,"column":30},"end":{"line":110,"column":58}},{"start":{"line":110,"column":62},"end":{"line":110,"column":104}}],"line":110},"4":{"loc":{"start":{"line":170,"column":4},"end":{"line":174,"column":5}},"type":"if","locations":[{"start":{"line":170,"column":4},"end":{"line":174,"column":5}},{"start":{"line":172,"column":11},"end":{"line":174,"column":5}}],"line":170}},"s":{"0":4,"1":4,"2":4,"3":3,"4":3,"5":3,"6":3,"7":2,"8":2,"9":1,"10":1,"11":1,"12":1,"13":2,"14":1,"15":1,"16":4,"17":3,"18":3,"19":3,"20":3,"21":3,"22":3,"23":2,"24":1,"25":3,"26":2,"27":6,"28":2,"29":2,"30":5,"31":2,"32":4,"33":2,"34":2,"35":1,"36":4,"37":4,"38":4,"39":4,"40":3,"41":26,"42":3,"43":22,"44":3,"45":3,"46":3,"47":3,"48":26,"49":3,"50":26,"51":15,"52":15,"53":3,"54":1,"55":4,"56":2,"57":2,"58":2,"59":1,"60":1,"61":1,"62":4,"63":3,"64":3,"65":3,"66":3,"67":4,"68":3,"69":4,"70":2,"71":2,"72":1,"73":4,"74":3,"75":3,"76":3,"77":3,"78":2,"79":1,"80":4,"81":1,"82":1,"83":1,"84":1,"85":1,"86":1},"f":{"0":3,"1":2,"2":3,"3":6,"4":5,"5":4,"6":4,"7":26,"8":22,"9":26,"10":26,"11":15,"12":2,"13":3,"14":4,"15":2,"16":3,"17":1},"b":{"0":[1,1],"1":[2,1],"2":[6,5],"3":[26,26],"4":[2,1]},"_coverageSchema":"1a1c01bbd47fc00a2c39e90264f33305004495a9","hash":"abcb169ee121dc050b56e52151f00d9a1241278c"}
,"/home/jshen52/softwareTesting/601.422_team/SJM/Team-SuperSurveyors/src/services/uploadService.js": {"path":"/home/jshen52/softwareTesting/601.422_team/SJM/Team-SuperSurveyors/src/services/uploadService.js","statementMap":{"0":{"start":{"line":24,"column":28},"end":{"line":183,"column":1}},"1":{"start":{"line":25,"column":24},"end":{"line":25,"column":32}},"2":{"start":{"line":26,"column":20},"end":{"line":26,"column":28}},"3":{"start":{"line":27,"column":34},"end":{"line":27,"column":48}},"4":{"start":{"line":28,"column":36},"end":{"line":28,"column":48}},"5":{"start":{"line":29,"column":40},"end":{"line":29,"column":55}},"6":{"start":{"line":31,"column":2},"end":{"line":87,"column":17}},"7":{"start":{"line":32,"column":4},"end":{"line":32,"column":46}},"8":{"start":{"line":33,"column":4},"end":{"line":86,"column":7}},"9":{"start":{"line":57,"column":6},"end":{"line":61,"column":7}},"10":{"start":{"line":58,"column":8},"end":{"line":58,"column":46}},"11":{"start":{"line":59,"column":8},"end":{"line":59,"column":30}},"12":{"start":{"line":60,"column":8},"end":{"line":60,"column":15}},"13":{"start":{"line":63,"column":6},"end":{"line":65,"column":7}},"14":{"start":{"line":64,"column":8},"end":{"line":64,"column":29}},"15":{"start":{"line":67,"column":6},"end":{"line":85,"column":7}},"16":{"start":{"line":68,"column":33},"end":{"line":68,"column":55}},"17":{"start":{"line":69,"column":34},"end":{"line":69,"column":59}},"18":{"start":{"line":71,"column":8},"end":{"line":71,"column":54}},"19":{"start":{"line":72,"column":8},"end":{"line":72,"column":38}},"20":{"start":{"line":73,"column":8},"end":{"line":73,"column":40}},"21":{"start":{"line":74,"column":8},"end":{"line":74,"column":30}},"22":{"start":{"line":76,"column":8},"end":{"line":84,"column":9}},"23":{"start":{"line":77,"column":10},"end":{"line":81,"column":13}},"24":{"start":{"line":83,"column":10},"end":{"line":83,"column":56}},"25":{"start":{"line":89,"column":28},"end":{"line":93,"column":3}},"26":{"start":{"line":90,"column":4},"end":{"line":90,"column":22}},"27":{"start":{"line":91,"column":4},"end":{"line":91,"column":21}},"28":{"start":{"line":92,"column":4},"end":{"line":92,"column":25}},"29":{"start":{"line":95,"column":2},"end":{"line":182,"column":4}},"30":{"start":{"line":108,"column":23},"end":{"line":108,"column":47}}},"fnMap":{"0":{"name":"(anonymous_0)","decl":{"start":{"line":24,"column":28},"end":{"line":24,"column":29}},"loc":{"start":{"line":24,"column":90},"end":{"line":183,"column":1}},"line":24},"1":{"name":"(anonymous_1)","decl":{"start":{"line":31,"column":12},"end":{"line":31,"column":13}},"loc":{"start":{"line":31,"column":18},"end":{"line":87,"column":3}},"line":31},"2":{"name":"(anonymous_2)","decl":{"start":{"line":56,"column":7},"end":{"line":56,"column":8}},"loc":{"start":{"line":56,"column":38},"end":{"line":86,"column":5}},"line":56},"3":{"name":"(anonymous_3)","decl":{"start":{"line":89,"column":28},"end":{"line":89,"column":29}},"loc":{"start":{"line":89,"column":34},"end":{"line":93,"column":3}},"line":89},"4":{"name":"(anonymous_4)","decl":{"start":{"line":108,"column":17},"end":{"line":108,"column":18}},"loc":{"start":{"line":108,"column":23},"end":{"line":108,"column":47}},"line":108}},"branchMap":{"0":{"loc":{"start":{"line":24,"column":41},"end":{"line":24,"column":63}},"type":"default-arg","locations":[{"start":{"line":24,"column":49},"end":{"line":24,"column":63}}],"line":24},"1":{"loc":{"start":{"line":24,"column":65},"end":{"line":24,"column":83}},"type":"default-arg","locations":[{"start":{"line":24,"column":79},"end":{"line":24,"column":83}}],"line":24},"2":{"loc":{"start":{"line":57,"column":6},"end":{"line":61,"column":7}},"type":"if","locations":[{"start":{"line":57,"column":6},"end":{"line":61,"column":7}},{"start":{},"end":{}}],"line":57},"3":{"loc":{"start":{"line":63,"column":6},"end":{"line":65,"column":7}},"type":"if","locations":[{"start":{"line":63,"column":6},"end":{"line":65,"column":7}},{"start":{},"end":{}}],"line":63},"4":{"loc":{"start":{"line":67,"column":6},"end":{"line":85,"column":7}},"type":"if","locations":[{"start":{"line":67,"column":6},"end":{"line":85,"column":7}},{"start":{},"end":{}}],"line":67},"5":{"loc":{"start":{"line":67,"column":10},"end":{"line":67,"column":46}},"type":"binary-expr","locations":[{"start":{"line":67,"column":10},"end":{"line":67,"column":16}},{"start":{"line":67,"column":20},"end":{"line":67,"column":46}}],"line":67},"6":{"loc":{"start":{"line":122,"column":9},"end":{"line":122,"column":45}},"type":"cond-expr","locations":[{"start":{"line":122,"column":23},"end":{"line":122,"column":37}},{"start":{"line":122,"column":40},"end":{"line":122,"column":45}}],"line":122},"7":{"loc":{"start":{"line":125,"column":7},"end":{"line":130,"column":7}},"type":"binary-expr","locations":[{"start":{"line":125,"column":7},"end":{"line":125,"column":18}},{"start":{"line":126,"column":8},"end":{"line":129,"column":14}}],"line":125},"8":{"loc":{"start":{"line":132,"column":7},"end":{"line":180,"column":7}},"type":"binary-expr","locations":[{"start":{"line":132,"column":7},"end":{"line":132,"column":18}},{"start":{"line":132,"column":22},"end":{"line":132,"column":30}},{"start":{"line":132,"column":34},"end":{"line":132,"column":46}},{"start":{"line":133,"column":8},"end":{"line":179,"column":15}}],"line":132},"9":{"loc":{"start":{"line":137,"column":17},"end":{"line":137,"column":55}},"type":"binary-expr","locations":[{"start":{"line":137,"column":17},"end":{"line":137,"column":38}},{"start":{"line":137,"column":42},"end":{"line":137,"column":55}}],"line":137},"10":{"loc":{"start":{"line":138,"column":17},"end":{"line":138,"column":55}},"type":"binary-expr","locations":[{"start":{"line":138,"column":17},"end":{"line":138,"column":38}},{"start":{"line":138,"column":42},"end":{"line":138,"column":55}}],"line":138},"11":{"loc":{"start":{"line":139,"column":17},"end":{"line":139,"column":55}},"type":"binary-expr","locations":[{"start":{"line":139,"column":17},"end":{"line":139,"column":38}},{"start":{"line":139,"column":42},"end":{"line":139,"column":55}}],"line":139},"12":{"loc":{"start":{"line":149,"column":13},"end":{"line":161,"column":13}},"type":"binary-expr","locations":[{"start":{"line":149,"column":13},"end":{"line":149,"column":34}},{"start":{"line":150,"column":14},"end":{"line":160,"column":16}}],"line":149},"13":{"loc":{"start":{"line":162,"column":13},"end":{"line":169,"column":13}},"type":"binary-expr","locations":[{"start":{"line":162,"column":13},"end":{"line":162,"column":34}},{"start":{"line":163,"column":14},"end":{"line":168,"column":20}}],"line":162},"14":{"loc":{"start":{"line":170,"column":13},"end":{"line":177,"column":13}},"type":"binary-expr","locations":[{"start":{"line":170,"column":13},"end":{"line":170,"column":34}},{"start":{"line":171,"column":14},"end":{"line":176,"column":20}}],"line":170}},"s":{"0":5,"1":17,"2":17,"3":17,"4":17,"5":17,"6":17,"7":8,"8":8,"9":9,"10":1,"11":1,"12":1,"13":8,"14":3,"15":8,"16":5,"17":5,"18":5,"19":5,"20":5,"21":5,"22":5,"23":5,"24":1,"25":17,"26":3,"27":3,"28":3,"29":17,"30":1},"f":{"0":17,"1":8,"2":9,"3":3,"4":1},"b":{"0":[17],"1":[17],"2":[1,8],"3":[3,5],"4":[5,3],"5":[8,8],"6":[1,16],"7":[17,1],"8":[17,17,5,5],"9":[5,3],"10":[5,1],"11":[5,1],"12":[5,3],"13":[5,1],"14":[5,1]},"_coverageSchema":"1a1c01bbd47fc00a2c39e90264f33305004495a9","hash":"d6a62154a4363dbf1f57d4335bd18d1dc52c8324"}
,"/home/jshen52/softwareTesting/601.422_team/SJM/Team-SuperSurveyors/src/services/userService.js": {"path":"/home/jshen52/softwareTesting/601.422_team/SJM/Team-SuperSurveyors/src/services/userService.js","statementMap":{"0":{"start":{"line":6,"column":13},"end":{"line":6,"column":22}},"1":{"start":{"line":7,"column":17},"end":{"line":7,"column":41}},"2":{"start":{"line":11,"column":28},"end":{"line":29,"column":1}},"3":{"start":{"line":12,"column":4},"end":{"line":28,"column":5}},"4":{"start":{"line":13,"column":31},"end":{"line":13,"column":90}},"5":{"start":{"line":14,"column":21},"end":{"line":14,"column":40}},"6":{"start":{"line":17,"column":8},"end":{"line":17,"column":51}},"7":{"start":{"line":20,"column":24},"end":{"line":20,"column":50}},"8":{"start":{"line":21,"column":24},"end":{"line":21,"column":81}},"9":{"start":{"line":22,"column":8},"end":{"line":22,"column":48}},"10":{"start":{"line":24,"column":8},"end":{"line":24,"column":23}},"11":{"start":{"line":26,"column":8},"end":{"line":26,"column":57}},"12":{"start":{"line":27,"column":8},"end":{"line":27,"column":20}},"13":{"start":{"line":32,"column":25},"end":{"line":51,"column":1}},"14":{"start":{"line":33,"column":4},"end":{"line":50,"column":5}},"15":{"start":{"line":34,"column":31},"end":{"line":34,"column":86}},"16":{"start":{"line":35,"column":21},"end":{"line":35,"column":40}},"17":{"start":{"line":38,"column":24},"end":{"line":38,"column":50}},"18":{"start":{"line":39,"column":25},"end":{"line":39,"column":46}},"19":{"start":{"line":41,"column":8},"end":{"line":47,"column":9}},"20":{"start":{"line":42,"column":29},"end":{"line":42,"column":44}},"21":{"start":{"line":43,"column":12},"end":{"line":43,"column":113}},"22":{"start":{"line":45,"column":12},"end":{"line":45,"column":50}},"23":{"start":{"line":46,"column":12},"end":{"line":46,"column":24}},"24":{"start":{"line":49,"column":8},"end":{"line":49,"column":20}},"25":{"start":{"line":54,"column":31},"end":{"line":85,"column":1}},"26":{"start":{"line":55,"column":4},"end":{"line":83,"column":5}},"27":{"start":{"line":57,"column":31},"end":{"line":57,"column":68}},"28":{"start":{"line":58,"column":21},"end":{"line":58,"column":40}},"29":{"start":{"line":61,"column":24},"end":{"line":61,"column":50}},"30":{"start":{"line":62,"column":25},"end":{"line":62,"column":46}},"31":{"start":{"line":64,"column":8},"end":{"line":79,"column":9}},"32":{"start":{"line":65,"column":29},"end":{"line":65,"column":44}},"33":{"start":{"line":66,"column":12},"end":{"line":69,"column":14}},"34":{"start":{"line":71,"column":28},"end":{"line":71,"column":54}},"35":{"start":{"line":72,"column":28},"end":{"line":72,"column":99}},"36":{"start":{"line":73,"column":12},"end":{"line":73,"column":52}},"37":{"start":{"line":75,"column":12},"end":{"line":78,"column":14}},"38":{"start":{"line":82,"column":8},"end":{"line":82,"column":27}},"39":{"start":{"line":88,"column":33},"end":{"line":106,"column":1}},"40":{"start":{"line":89,"column":4},"end":{"line":105,"column":5}},"41":{"start":{"line":91,"column":21},"end":{"line":91,"column":37}},"42":{"start":{"line":92,"column":8},"end":{"line":100,"column":9}},"43":{"start":{"line":93,"column":12},"end":{"line":93,"column":65}},"44":{"start":{"line":96,"column":28},"end":{"line":96,"column":49}},"45":{"start":{"line":97,"column":12},"end":{"line":97,"column":78}},"46":{"start":{"line":99,"column":12},"end":{"line":99,"column":84}},"47":{"start":{"line":101,"column":8},"end":{"line":101,"column":48}},"48":{"start":{"line":103,"column":8},"end":{"line":103,"column":57}},"49":{"start":{"line":104,"column":8},"end":{"line":104,"column":20}},"50":{"start":{"line":109,"column":26},"end":{"line":116,"column":1}},"51":{"start":{"line":110,"column":17},"end":{"line":110,"column":26}},"52":{"start":{"line":111,"column":4},"end":{"line":115,"column":5}},"53":{"start":{"line":112,"column":8},"end":{"line":112,"column":28}},"54":{"start":{"line":114,"column":8},"end":{"line":114,"column":51}},"55":{"start":{"line":119,"column":30},"end":{"line":125,"column":1}},"56":{"start":{"line":120,"column":17},"end":{"line":120,"column":33}},"57":{"start":{"line":121,"column":4},"end":{"line":123,"column":5}},"58":{"start":{"line":122,"column":8},"end":{"line":122,"column":105}},"59":{"start":{"line":124,"column":4},"end":{"line":124,"column":16}},"60":{"start":{"line":127,"column":27},"end":{"line":137,"column":1}},"61":{"start":{"line":128,"column":17},"end":{"line":128,"column":33}},"62":{"start":{"line":129,"column":20},"end":{"line":129,"column":46}},"63":{"start":{"line":130,"column":21},"end":{"line":130,"column":42}},"64":{"start":{"line":131,"column":4},"end":{"line":136,"column":5}},"65":{"start":{"line":132,"column":25},"end":{"line":132,"column":40}},"66":{"start":{"line":133,"column":8},"end":{"line":133,"column":129}},"67":{"start":{"line":135,"column":8},"end":{"line":135,"column":32}},"68":{"start":{"line":140,"column":31},"end":{"line":148,"column":1}},"69":{"start":{"line":141,"column":17},"end":{"line":141,"column":33}},"70":{"start":{"line":142,"column":4},"end":{"line":147,"column":5}},"71":{"start":{"line":143,"column":24},"end":{"line":143,"column":50}},"72":{"start":{"line":144,"column":8},"end":{"line":146,"column":11}}},"fnMap":{"0":{"name":"(anonymous_0)","decl":{"start":{"line":11,"column":28},"end":{"line":11,"column":29}},"loc":{"start":{"line":11,"column":68},"end":{"line":29,"column":1}},"line":11},"1":{"name":"(anonymous_1)","decl":{"start":{"line":32,"column":25},"end":{"line":32,"column":26}},"loc":{"start":{"line":32,"column":52},"end":{"line":51,"column":1}},"line":32},"2":{"name":"(anonymous_2)","decl":{"start":{"line":54,"column":31},"end":{"line":54,"column":32}},"loc":{"start":{"line":54,"column":43},"end":{"line":85,"column":1}},"line":54},"3":{"name":"(anonymous_3)","decl":{"start":{"line":88,"column":33},"end":{"line":88,"column":34}},"loc":{"start":{"line":88,"column":71},"end":{"line":106,"column":1}},"line":88},"4":{"name":"(anonymous_4)","decl":{"start":{"line":109,"column":26},"end":{"line":109,"column":27}},"loc":{"start":{"line":109,"column":38},"end":{"line":116,"column":1}},"line":109},"5":{"name":"(anonymous_5)","decl":{"start":{"line":119,"column":30},"end":{"line":119,"column":31}},"loc":{"start":{"line":119,"column":36},"end":{"line":125,"column":1}},"line":119},"6":{"name":"(anonymous_6)","decl":{"start":{"line":127,"column":27},"end":{"line":127,"column":28}},"loc":{"start":{"line":127,"column":39},"end":{"line":137,"column":1}},"line":127},"7":{"name":"(anonymous_7)","decl":{"start":{"line":140,"column":31},"end":{"line":140,"column":32}},"loc":{"start":{"line":140,"column":51},"end":{"line":148,"column":1}},"line":140}},"branchMap":{"0":{"loc":{"start":{"line":41,"column":8},"end":{"line":47,"column":9}},"type":"if","locations":[{"start":{"line":41,"column":8},"end":{"line":47,"column":9}},{"start":{"line":44,"column":15},"end":{"line":47,"column":9}}],"line":41},"1":{"loc":{"start":{"line":64,"column":8},"end":{"line":79,"column":9}},"type":"if","locations":[{"start":{"line":64,"column":8},"end":{"line":79,"column":9}},{"start":{"line":70,"column":15},"end":{"line":79,"column":9}}],"line":64},"2":{"loc":{"start":{"line":92,"column":8},"end":{"line":100,"column":9}},"type":"if","locations":[{"start":{"line":92,"column":8},"end":{"line":100,"column":9}},{"start":{},"end":{}}],"line":92},"3":{"loc":{"start":{"line":121,"column":4},"end":{"line":123,"column":5}},"type":"if","locations":[{"start":{"line":121,"column":4},"end":{"line":123,"column":5}},{"start":{},"end":{}}],"line":121},"4":{"loc":{"start":{"line":131,"column":4},"end":{"line":136,"column":5}},"type":"if","locations":[{"start":{"line":131,"column":4},"end":{"line":136,"column":5}},{"start":{"line":134,"column":11},"end":{"line":136,"column":5}}],"line":131},"5":{"loc":{"start":{"line":142,"column":4},"end":{"line":147,"column":5}},"type":"if","locations":[{"start":{"line":142,"column":4},"end":{"line":147,"column":5}},{"start":{},"end":{}}],"line":142}},"s":{"0":4,"1":4,"2":4,"3":2,"4":2,"5":1,"6":1,"7":1,"8":1,"9":1,"10":1,"11":1,"12":1,"13":4,"14":3,"15":3,"16":2,"17":2,"18":2,"19":2,"20":1,"21":1,"22":1,"23":1,"24":1,"25":4,"26":3,"27":3,"28":2,"29":2,"30":2,"31":2,"32":1,"33":1,"34":1,"35":1,"36":1,"37":1,"38":1,"39":4,"40":3,"41":3,"42":3,"43":2,"44":2,"45":2,"46":2,"47":1,"48":1,"49":1,"50":4,"51":2,"52":2,"53":2,"54":1,"55":4,"56":5,"57":5,"58":4,"59":1,"60":4,"61":4,"62":4,"63":4,"64":4,"65":2,"66":2,"67":2,"68":4,"69":2,"70":2,"71":1,"72":1},"f":{"0":2,"1":3,"2":3,"3":3,"4":2,"5":5,"6":4,"7":2},"b":{"0":[1,1],"1":[1,1],"2":[2,1],"3":[4,1],"4":[2,2],"5":[1,1]},"_coverageSchema":"1a1c01bbd47fc00a2c39e90264f33305004495a9","hash":"9a26756f016c99ba710481a73dc4a305f3b146ca"}
}
