TN:
SF:src/App.js
FN:19,(anonymous_0)
FN:54,(anonymous_1)
FN:68,(anonymous_2)
FNF:3
FNH:3
FNDA:12,(anonymous_0)
FNDA:3,(anonymous_1)
FNDA:7,(anonymous_2)
DA:19,2
DA:20,12
DA:54,2
DA:55,3
DA:68,2
DA:69,7
LF:6
LH:6
BRF:0
BRH:0
end_of_record
TN:
SF:src/firebase.js
FNF:0
FNH:0
DA:20,7
DA:30,7
DA:31,7
LF:3
LH:3
BRF:0
BRH:0
end_of_record
TN:
SF:src/index.js
FNF:0
FNH:0
DA:5,1
DA:6,1
LF:2
LH:2
BRF:0
BRH:0
end_of_record
TN:
SF:src/components/DeleteDialog.js
FN:45,(anonymous_0)
FN:56,(anonymous_1)
FN:59,(anonymous_2)
FNF:3
FNH:3
FNDA:9,(anonymous_0)
FNDA:9,(anonymous_1)
FNDA:4,(anonymous_2)
DA:21,2
DA:45,9
DA:56,2
DA:57,9
DA:59,9
DA:60,4
DA:61,3
DA:62,3
DA:63,3
DA:64,1
DA:65,1
DA:67,1
DA:69,2
DA:74,9
LF:14
LH:14
BRDA:60,0,0,3
BRDA:60,0,1,1
BRDA:124,1,0,3
BRDA:124,1,1,6
BRDA:132,2,0,3
BRDA:132,2,1,6
BRF:6
BRH:6
end_of_record
TN:
SF:src/components/EditQuestionsDialog.js
FN:55,(anonymous_0)
FN:66,(anonymous_1)
FN:68,(anonymous_2)
FN:74,(anonymous_3)
FN:75,(anonymous_4)
FN:82,(anonymous_5)
FN:88,(anonymous_6)
FN:94,(anonymous_7)
FN:99,(anonymous_8)
FN:135,(anonymous_9)
FN:159,(anonymous_10)
FN:165,(anonymous_11)
FN:176,(anonymous_12)
FN:194,(anonymous_13)
FNF:14
FNH:12
FNDA:11,(anonymous_0)
FNDA:11,(anonymous_1)
FNDA:1,(anonymous_2)
FNDA:10,(anonymous_3)
FNDA:1,(anonymous_4)
FNDA:1,(anonymous_5)
FNDA:0,(anonymous_6)
FNDA:2,(anonymous_7)
FNDA:2,(anonymous_8)
FNDA:2,(anonymous_9)
FNDA:20,(anonymous_10)
FNDA:0,(anonymous_11)
FNDA:1,(anonymous_12)
FNDA:1,(anonymous_13)
DA:23,2
DA:55,11
DA:66,2
DA:67,11
DA:68,11
DA:69,1
DA:71,11
DA:72,11
DA:74,11
DA:75,10
DA:76,1
DA:77,1
DA:82,11
DA:83,1
DA:84,1
DA:88,11
DA:89,0
DA:90,0
DA:91,0
DA:94,11
DA:95,2
DA:96,2
DA:99,11
DA:100,2
DA:101,2
DA:102,2
DA:105,11
DA:135,2
DA:160,20
DA:177,1
DA:178,1
DA:179,1
DA:195,1
DA:196,1
LF:34
LH:31
BRDA:76,0,0,1
BRDA:76,0,1,0
BRDA:83,1,0,1
BRDA:83,1,1,0
BRF:4
BRH:2
end_of_record
TN:
SF:src/components/EditUserProfileDialog.js
FN:24,(anonymous_0)
FN:32,(anonymous_1)
FN:39,(anonymous_2)
FN:46,(anonymous_3)
FN:59,(anonymous_4)
FN:74,(anonymous_5)
FN:75,(anonymous_6)
FN:86,(anonymous_7)
FN:91,(anonymous_8)
FN:143,(anonymous_9)
FNF:10
FNH:7
FNDA:0,(anonymous_0)
FNDA:0,(anonymous_1)
FNDA:0,(anonymous_2)
FNDA:23,(anonymous_3)
FNDA:7,(anonymous_4)
FNDA:23,(anonymous_5)
FNDA:3,(anonymous_6)
FNDA:23,(anonymous_7)
FNDA:1,(anonymous_8)
FNDA:4,(anonymous_9)
DA:24,2
DA:32,2
DA:39,2
DA:46,2
DA:56,23
DA:57,23
DA:59,23
DA:60,7
DA:61,7
DA:62,7
DA:63,7
DA:64,4
DA:65,4
DA:67,2
DA:68,2
DA:70,6
DA:74,23
DA:75,23
DA:76,3
DA:77,1
DA:78,1
DA:82,23
DA:83,23
DA:86,23
DA:87,23
DA:91,23
DA:92,1
DA:95,23
DA:143,4
LF:29
LH:29
BRDA:76,0,0,1
BRDA:76,0,1,2
BRDA:76,1,0,3
BRDA:76,1,1,2
BRDA:82,2,0,23
BRDA:82,2,1,0
BRDA:133,3,0,23
BRDA:133,3,1,1
BRDA:159,4,0,23
BRDA:159,4,1,1
BRDA:179,5,0,23
BRDA:179,5,1,7
BRDA:181,6,0,7
BRDA:181,6,1,16
BRF:14
BRH:13
end_of_record
TN:
SF:src/components/LandingPage.js
FN:35,(anonymous_0)
FN:122,(anonymous_1)
FN:137,(anonymous_2)
FN:171,(anonymous_3)
FN:205,(anonymous_4)
FN:263,(anonymous_5)
FN:289,(anonymous_6)
FN:324,(anonymous_7)
FNF:8
FNH:8
FNDA:7,(anonymous_0)
FNDA:1,(anonymous_1)
FNDA:1,(anonymous_2)
FNDA:28,(anonymous_3)
FNDA:28,(anonymous_4)
FNDA:21,(anonymous_5)
FNDA:21,(anonymous_6)
FNDA:42,(anonymous_7)
DA:35,2
DA:36,7
DA:39,7
DA:51,7
DA:60,7
DA:83,7
DA:122,1
DA:137,1
DA:172,28
DA:206,28
DA:264,21
DA:290,21
DA:325,42
LF:13
LH:13
BRF:0
BRH:0
end_of_record
TN:
SF:src/components/Login.js
FN:25,(anonymous_0)
FN:34,(anonymous_1)
FN:42,(anonymous_2)
FN:50,(anonymous_3)
FN:58,(anonymous_4)
FN:71,(anonymous_5)
FN:88,(anonymous_6)
FN:132,(anonymous_7)
FN:153,(anonymous_8)
FN:195,(anonymous_9)
FN:211,(anonymous_10)
FNF:11
FNH:11
FNDA:37,(anonymous_0)
FNDA:18,(anonymous_1)
FNDA:18,(anonymous_2)
FNDA:8,(anonymous_3)
FNDA:2,(anonymous_4)
FNDA:3,(anonymous_5)
FNDA:4,(anonymous_6)
FNDA:5,(anonymous_7)
FNDA:5,(anonymous_8)
FNDA:3,(anonymous_9)
FNDA:1,(anonymous_10)
DA:25,2
DA:26,37
DA:27,36
DA:28,36
DA:29,36
DA:30,36
DA:31,36
DA:32,36
DA:34,36
DA:35,18
DA:36,18
DA:37,1
DA:42,36
DA:43,18
DA:44,18
DA:45,1
DA:50,36
DA:51,8
DA:53,8
DA:54,8
DA:55,4
DA:56,4
DA:58,4
DA:60,4
DA:61,1
DA:62,3
DA:63,1
DA:65,2
DA:67,4
DA:71,36
DA:72,3
DA:74,3
DA:75,3
DA:76,2
DA:77,1
DA:79,1
DA:83,1
DA:88,36
DA:89,4
DA:92,36
DA:132,5
DA:153,5
DA:195,3
DA:211,1
LF:44
LH:44
BRDA:36,0,0,1
BRDA:36,0,1,17
BRDA:44,1,0,1
BRDA:44,1,1,17
BRDA:60,2,0,1
BRDA:60,2,1,3
BRDA:60,3,0,4
BRDA:60,3,1,2
BRDA:62,4,0,1
BRDA:62,4,1,2
BRDA:62,5,0,3
BRDA:62,5,1,1
BRDA:76,6,0,1
BRDA:76,6,1,1
BRDA:149,7,0,2
BRDA:149,7,1,34
BRDA:168,8,0,2
BRDA:168,8,1,34
BRDA:225,9,0,0
BRDA:225,9,1,36
BRDA:237,10,0,4
BRDA:237,10,1,32
BRF:22
BRH:21
end_of_record
TN:
SF:src/components/Multi.js
FN:20,(anonymous_0)
FN:23,(anonymous_1)
FN:24,(anonymous_2)
FN:52,(anonymous_3)
FNF:4
FNH:4
FNDA:4,(anonymous_0)
FNDA:5,(anonymous_1)
FNDA:16,(anonymous_2)
FNDA:2,(anonymous_3)
DA:18,2
DA:20,2
DA:23,4
DA:24,16
DA:28,4
DA:42,4
DA:53,2
DA:62,4
LF:8
LH:8
BRDA:53,0,0,1
BRDA:53,0,1,1
BRF:2
BRH:2
end_of_record
TN:
SF:src/components/NavBar.js
FN:27,(anonymous_0)
FN:38,(anonymous_1)
FN:39,fetchInfo
FN:44,(anonymous_3)
FN:50,(anonymous_4)
FN:55,(anonymous_5)
FN:58,(anonymous_6)
FN:64,(anonymous_7)
FN:68,(anonymous_8)
FN:72,(anonymous_9)
FN:76,(anonymous_10)
FN:101,(anonymous_11)
FN:104,(anonymous_12)
FN:169,(anonymous_13)
FN:251,(anonymous_14)
FNF:15
FNH:12
FNDA:29,(anonymous_0)
FNDA:15,(anonymous_1)
FNDA:7,fetchInfo
FNDA:15,(anonymous_3)
FNDA:1,(anonymous_4)
FNDA:15,(anonymous_5)
FNDA:1,(anonymous_6)
FNDA:3,(anonymous_7)
FNDA:2,(anonymous_8)
FNDA:0,(anonymous_9)
FNDA:0,(anonymous_10)
FNDA:112,(anonymous_11)
FNDA:0,(anonymous_12)
FNDA:80,(anonymous_13)
FNDA:1,(anonymous_14)
DA:27,2
DA:28,29
DA:29,28
DA:30,28
DA:31,28
DA:33,28
DA:34,28
DA:35,28
DA:36,28
DA:38,28
DA:40,7
DA:41,7
DA:44,15
DA:45,15
DA:48,15
DA:49,7
DA:50,7
DA:51,1
DA:55,15
DA:58,28
DA:59,1
DA:60,1
DA:61,1
DA:64,28
DA:65,3
DA:68,28
DA:69,2
DA:72,28
DA:73,0
DA:76,28
DA:77,0
DA:80,28
DA:88,28
DA:102,112
DA:105,0
DA:106,0
DA:120,28
DA:170,80
DA:252,1
DA:253,1
LF:40
LH:36
BRDA:48,0,0,7
BRDA:48,0,1,8
BRDA:135,1,0,20
BRDA:135,1,1,8
BRDA:157,2,0,20
BRDA:157,2,1,8
BRDA:160,3,0,20
BRDA:160,3,1,20
BRDA:207,4,0,20
BRDA:207,4,1,0
BRDA:230,5,0,20
BRDA:230,5,1,0
BRF:12
BRH:10
end_of_record
TN:
SF:src/components/Onboarding.js
FN:23,(anonymous_0)
FN:31,(anonymous_1)
FN:32,(anonymous_2)
FN:36,(anonymous_3)
FN:48,(anonymous_4)
FN:49,(anonymous_5)
FN:51,(anonymous_6)
FN:56,(anonymous_7)
FN:133,(anonymous_8)
FN:139,(anonymous_9)
FNF:10
FNH:10
FNDA:26,(anonymous_0)
FNDA:8,(anonymous_1)
FNDA:8,(anonymous_2)
FNDA:30,(anonymous_3)
FNDA:13,(anonymous_4)
FNDA:13,(anonymous_5)
FNDA:1,(anonymous_6)
FNDA:2,(anonymous_7)
FNDA:108,(anonymous_8)
FNDA:13,(anonymous_9)
DA:23,2
DA:24,26
DA:25,26
DA:26,26
DA:27,26
DA:28,26
DA:29,26
DA:31,26
DA:32,8
DA:33,8
DA:34,8
DA:35,8
DA:36,30
DA:40,5
DA:42,3
DA:45,8
DA:48,26
DA:49,13
DA:50,13
DA:51,1
DA:56,26
DA:57,2
DA:58,2
DA:59,2
DA:60,2
DA:61,1
DA:63,1
DA:68,26
DA:70,26
DA:134,108
DA:136,108
DA:139,13
LF:32
LH:32
BRDA:50,0,0,1
BRDA:50,0,1,12
BRDA:57,1,0,2
BRDA:57,1,1,0
BRDA:148,2,0,37
BRDA:148,2,1,71
BRDA:149,3,0,37
BRDA:149,3,1,71
BRDA:174,4,0,108
BRDA:174,4,1,37
BRDA:208,5,0,23
BRDA:208,5,1,3
BRDA:209,6,0,21
BRDA:209,6,1,2
BRF:14
BRH:13
end_of_record
TN:
SF:src/components/Signup.js
FN:26,(anonymous_0)
FN:36,(anonymous_1)
FN:44,(anonymous_2)
FN:71,(anonymous_3)
FN:98,(anonymous_4)
FN:123,(anonymous_5)
FN:143,(anonymous_6)
FN:164,(anonymous_7)
FN:206,(anonymous_8)
FN:222,(anonymous_9)
FNF:10
FNH:10
FNDA:22,(anonymous_0)
FNDA:22,(anonymous_1)
FNDA:4,(anonymous_2)
FNDA:2,(anonymous_3)
FNDA:1,(anonymous_4)
FNDA:3,(anonymous_5)
FNDA:3,(anonymous_6)
FNDA:3,(anonymous_7)
FNDA:1,(anonymous_8)
FNDA:1,(anonymous_9)
DA:26,2
DA:27,22
DA:28,22
DA:29,22
DA:30,22
DA:31,22
DA:32,22
DA:33,22
DA:36,22
DA:37,22
DA:38,22
DA:39,1
DA:44,22
DA:45,4
DA:46,4
DA:47,4
DA:48,4
DA:49,2
DA:52,2
DA:63,2
DA:65,2
DA:66,2
DA:67,2
DA:71,22
DA:72,2
DA:75,22
DA:98,1
DA:123,3
DA:143,3
DA:164,3
DA:206,1
DA:222,1
LF:32
LH:32
BRDA:38,0,0,1
BRDA:38,0,1,21
BRDA:55,1,0,2
BRDA:55,1,1,2
BRDA:160,2,0,1
BRDA:160,2,1,21
BRDA:179,3,0,1
BRDA:179,3,1,21
BRF:8
BRH:8
end_of_record
TN:
SF:src/components/Survey.js
FN:98,(anonymous_0)
FN:121,(anonymous_1)
FN:122,(anonymous_2)
FN:126,(anonymous_3)
FN:136,(anonymous_4)
FN:144,(anonymous_5)
FN:151,(anonymous_6)
FN:158,(anonymous_7)
FN:179,(anonymous_8)
FN:222,(anonymous_9)
FN:274,(anonymous_10)
FN:286,(anonymous_11)
FN:306,(anonymous_12)
FN:331,(anonymous_13)
FN:344,(anonymous_14)
FN:362,(anonymous_15)
FN:383,(anonymous_16)
FN:390,(anonymous_17)
FN:418,(anonymous_18)
FN:429,(anonymous_19)
FN:434,(anonymous_20)
FN:478,(anonymous_21)
FN:487,(anonymous_22)
FN:491,(anonymous_23)
FN:492,(anonymous_24)
FN:505,(anonymous_25)
FN:540,(anonymous_26)
FN:547,(anonymous_27)
FNF:28
FNH:27
FNDA:83,(anonymous_0)
FNDA:19,(anonymous_1)
FNDA:19,(anonymous_2)
FNDA:36,(anonymous_3)
FNDA:3,(anonymous_4)
FNDA:2,(anonymous_5)
FNDA:4,(anonymous_6)
FNDA:9,(anonymous_7)
FNDA:7,(anonymous_8)
FNDA:1,(anonymous_9)
FNDA:12,(anonymous_10)
FNDA:5,(anonymous_11)
FNDA:4,(anonymous_12)
FNDA:7,(anonymous_13)
FNDA:1,(anonymous_14)
FNDA:3,(anonymous_15)
FNDA:1,(anonymous_16)
FNDA:1,(anonymous_17)
FNDA:11,(anonymous_18)
FNDA:0,(anonymous_19)
FNDA:1,(anonymous_20)
FNDA:40,(anonymous_21)
FNDA:4,(anonymous_22)
FNDA:1,(anonymous_23)
FNDA:2,(anonymous_24)
FNDA:1,(anonymous_25)
FNDA:1,(anonymous_26)
FNDA:1,(anonymous_27)
DA:40,5
DA:98,5
DA:100,83
DA:101,82
DA:102,82
DA:103,82
DA:104,82
DA:105,82
DA:106,82
DA:107,82
DA:108,82
DA:109,82
DA:110,82
DA:111,82
DA:112,82
DA:115,82
DA:116,82
DA:117,82
DA:118,82
DA:121,82
DA:122,19
DA:123,19
DA:124,19
DA:125,19
DA:126,36
DA:127,18
DA:129,1
DA:132,19
DA:136,82
DA:137,3
DA:138,2
DA:139,1
DA:144,82
DA:145,2
DA:146,2
DA:147,2
DA:151,82
DA:152,4
DA:153,4
DA:154,4
DA:158,82
DA:160,9
DA:161,3
DA:162,3
DA:163,3
DA:164,6
DA:165,1
DA:166,1
DA:167,1
DA:170,5
DA:171,5
DA:172,5
DA:173,5
DA:179,82
DA:182,7
DA:183,7
DA:184,1
DA:185,1
DA:186,1
DA:189,6
DA:200,6
DA:201,1
DA:202,1
DA:203,1
DA:204,5
DA:205,3
DA:206,3
DA:207,3
DA:208,2
DA:209,1
DA:210,1
DA:211,1
DA:214,1
DA:216,1
DA:217,1
DA:222,1
DA:223,1
DA:229,1
DA:230,1
DA:232,1
DA:234,1
DA:237,82
DA:274,12
DA:287,5
DA:288,5
DA:306,4
DA:332,7
DA:345,1
DA:346,1
DA:347,1
DA:362,3
DA:383,1
DA:390,1
DA:419,11
DA:435,1
DA:436,1
DA:437,1
DA:479,40
DA:488,4
DA:492,2
DA:493,1
DA:505,1
DA:540,1
DA:547,1
LF:104
LH:104
BRDA:137,0,0,1
BRDA:137,0,1,2
BRDA:138,1,0,1
BRDA:138,1,1,1
BRDA:139,2,0,1
BRDA:139,2,1,0
BRDA:146,3,0,2
BRDA:146,3,1,0
BRDA:146,4,0,2
BRDA:146,4,1,2
BRDA:152,5,0,4
BRDA:152,5,1,0
BRDA:160,6,0,3
BRDA:160,6,1,6
BRDA:164,7,0,1
BRDA:164,7,1,5
BRDA:164,8,0,6
BRDA:164,8,1,5
BRDA:164,8,2,1
BRDA:170,9,0,5
BRDA:170,9,1,0
BRDA:183,10,0,1
BRDA:183,10,1,6
BRDA:200,11,0,1
BRDA:200,11,1,5
BRDA:204,12,0,3
BRDA:204,12,1,2
BRDA:208,13,0,1
BRDA:208,13,1,1
BRDA:208,14,0,2
BRDA:208,14,1,1
BRDA:298,15,0,82
BRDA:298,15,1,67
BRDA:298,15,2,17
BRDA:400,16,0,82
BRDA:400,16,1,11
BRDA:531,17,0,82
BRDA:531,17,1,0
BRF:38
BRH:33
end_of_record
TN:
SF:src/components/SurveyDetailView.js
FN:26,(anonymous_0)
FN:33,(anonymous_1)
FN:34,(anonymous_2)
FN:79,(anonymous_3)
FN:94,(anonymous_4)
FN:112,(anonymous_5)
FN:145,(anonymous_6)
FN:153,(anonymous_7)
FN:161,(anonymous_8)
FN:190,(anonymous_9)
FN:213,(anonymous_10)
FNF:11
FNH:8
FNDA:11,(anonymous_0)
FNDA:6,(anonymous_1)
FNDA:6,(anonymous_2)
FNDA:0,(anonymous_3)
FNDA:0,(anonymous_4)
FNDA:6,(anonymous_5)
FNDA:2,(anonymous_6)
FNDA:2,(anonymous_7)
FNDA:2,(anonymous_8)
FNDA:6,(anonymous_9)
FNDA:0,(anonymous_10)
DA:22,2
DA:26,2
DA:27,11
DA:28,11
DA:29,11
DA:30,11
DA:31,11
DA:33,11
DA:34,6
DA:35,6
DA:36,6
DA:37,4
DA:39,3
DA:40,3
DA:41,3
DA:42,3
DA:44,0
DA:47,2
DA:48,2
DA:50,5
DA:54,6
DA:57,11
DA:58,6
DA:69,5
DA:70,2
DA:79,0
DA:89,3
DA:94,0
DA:113,6
DA:146,2
DA:154,2
DA:162,2
DA:191,6
LF:33
LH:30
BRDA:39,0,0,3
BRDA:39,0,1,0
BRDA:57,1,0,6
BRDA:57,1,1,5
BRDA:69,2,0,2
BRDA:69,2,1,3
BRDA:69,3,0,5
BRDA:69,3,1,3
BRDA:74,4,0,2
BRDA:74,4,1,0
BRDA:110,5,0,3
BRDA:110,5,1,3
BRDA:110,5,2,3
BRDA:138,6,0,3
BRDA:138,6,1,1
BRDA:138,6,2,1
BRDA:138,6,3,2
BRDA:145,7,0,2
BRDA:145,7,1,2
BRDA:153,8,0,2
BRDA:153,8,1,2
BRDA:161,9,0,2
BRDA:161,9,1,2
BRF:23
BRH:21
end_of_record
TN:
SF:src/components/SurveyResults.js
FN:21,(anonymous_0)
FN:32,(anonymous_1)
FN:38,(anonymous_2)
FN:39,(anonymous_3)
FN:45,(anonymous_4)
FN:85,(anonymous_5)
FN:108,(anonymous_6)
FN:132,(anonymous_7)
FNF:8
FNH:8
FNDA:8,(anonymous_0)
FNDA:4,(anonymous_1)
FNDA:4,(anonymous_2)
FNDA:4,(anonymous_3)
FNDA:4,(anonymous_4)
FNDA:4,(anonymous_5)
FNDA:4,(anonymous_6)
FNDA:1,(anonymous_7)
DA:19,2
DA:21,2
DA:22,8
DA:24,8
DA:25,7
DA:27,7
DA:28,7
DA:30,7
DA:32,7
DA:33,4
DA:34,4
DA:35,2
DA:38,7
DA:39,4
DA:40,4
DA:41,3
DA:42,3
DA:45,4
DA:46,4
DA:47,3
DA:48,3
DA:51,4
DA:52,4
DA:55,7
DA:86,4
DA:109,4
DA:132,1
LF:27
LH:27
BRDA:33,0,0,0
BRDA:33,0,1,4
BRDA:34,1,0,2
BRDA:34,1,1,2
BRDA:70,2,0,4
BRDA:70,2,1,3
BRDA:77,3,0,1
BRDA:77,3,1,2
BRDA:77,4,0,3
BRDA:77,4,1,3
BRDA:108,5,0,4
BRDA:108,5,1,2
BRDA:116,6,0,4
BRDA:116,6,1,2
BRDA:116,6,2,2
BRF:15
BRH:14
end_of_record
TN:
SF:src/components/SurveyView.js
FN:90,(anonymous_0)
FN:104,(anonymous_1)
FN:105,(anonymous_2)
FN:119,(anonymous_3)
FN:125,(anonymous_4)
FN:130,(anonymous_5)
FN:135,(anonymous_6)
FN:140,(anonymous_7)
FN:144,(anonymous_8)
FN:152,(anonymous_9)
FN:153,(anonymous_10)
FN:167,(anonymous_11)
FN:168,(anonymous_12)
FN:171,(anonymous_13)
FN:172,(anonymous_14)
FN:175,(anonymous_15)
FN:176,(anonymous_16)
FN:179,(anonymous_17)
FN:183,(anonymous_18)
FN:217,(anonymous_19)
FN:250,(anonymous_20)
FN:266,(anonymous_21)
FN:307,(anonymous_22)
FN:321,(anonymous_23)
FN:330,(anonymous_24)
FN:340,(anonymous_25)
FN:352,(anonymous_26)
FN:373,(anonymous_27)
FN:385,(anonymous_28)
FN:422,(anonymous_29)
FNF:30
FNH:28
FNDA:75,(anonymous_0)
FNDA:21,(anonymous_1)
FNDA:21,(anonymous_2)
FNDA:13,(anonymous_3)
FNDA:12,(anonymous_4)
FNDA:3,(anonymous_5)
FNDA:1,(anonymous_6)
FNDA:7,(anonymous_7)
FNDA:7,(anonymous_8)
FNDA:1,(anonymous_9)
FNDA:2,(anonymous_10)
FNDA:2,(anonymous_11)
FNDA:4,(anonymous_12)
FNDA:1,(anonymous_13)
FNDA:2,(anonymous_14)
FNDA:2,(anonymous_15)
FNDA:4,(anonymous_16)
FNDA:1,(anonymous_17)
FNDA:0,(anonymous_18)
FNDA:103,(anonymous_19)
FNDA:13,(anonymous_20)
FNDA:72,(anonymous_21)
FNDA:12,(anonymous_22)
FNDA:7,(anonymous_23)
FNDA:1,(anonymous_24)
FNDA:1,(anonymous_25)
FNDA:3,(anonymous_26)
FNDA:1,(anonymous_27)
FNDA:1,(anonymous_28)
FNDA:0,(anonymous_29)
DA:36,2
DA:90,2
DA:91,75
DA:92,74
DA:93,74
DA:94,74
DA:95,74
DA:96,74
DA:97,74
DA:98,74
DA:99,74
DA:100,74
DA:101,74
DA:102,74
DA:104,74
DA:105,21
DA:106,21
DA:107,21
DA:108,1
DA:109,1
DA:111,20
DA:112,19
DA:113,19
DA:116,21
DA:119,74
DA:120,13
DA:121,13
DA:122,13
DA:125,74
DA:126,12
DA:127,12
DA:130,74
DA:131,3
DA:132,3
DA:135,74
DA:136,1
DA:137,1
DA:140,74
DA:141,7
DA:142,7
DA:143,7
DA:144,7
DA:145,7
DA:146,7
DA:148,7
DA:149,7
DA:152,74
DA:153,2
DA:154,1
DA:155,1
DA:156,1
DA:157,1
DA:158,1
DA:161,1
DA:162,1
DA:164,1
DA:167,74
DA:168,4
DA:171,74
DA:172,2
DA:175,74
DA:176,4
DA:179,74
DA:180,1
DA:183,74
DA:184,0
DA:185,0
DA:188,74
DA:218,103
DA:250,13
DA:267,72
DA:307,12
DA:322,7
DA:323,7
DA:331,1
DA:332,1
DA:341,1
DA:342,1
DA:353,3
DA:354,3
DA:374,1
DA:375,1
DA:376,1
DA:377,1
DA:378,1
DA:381,1
DA:382,1
DA:386,1
DA:423,0
LF:89
LH:86
BRDA:107,0,0,1
BRDA:107,0,1,20
BRDA:153,1,0,1
BRDA:153,1,1,1
BRDA:156,2,0,1
BRDA:156,2,1,0
BRDA:161,3,0,1
BRDA:161,3,1,0
BRDA:168,4,0,2
BRDA:168,4,1,2
BRDA:176,5,0,2
BRDA:176,5,1,2
BRDA:204,6,0,21
BRDA:204,6,1,53
BRDA:210,7,0,1
BRDA:210,7,1,52
BRDA:210,8,0,53
BRDA:210,8,1,53
BRDA:265,9,0,51
BRDA:265,9,1,52
BRDA:265,10,0,103
BRDA:265,10,1,103
BRDA:292,11,0,30
BRDA:292,11,1,73
BRDA:370,12,0,74
BRDA:370,12,1,18
BRDA:375,13,0,1
BRDA:375,13,1,0
BRDA:416,14,0,74
BRDA:416,14,1,0
BRF:30
BRH:26
end_of_record
TN:
SF:src/components/TrendingView.js
FN:19,(anonymous_0)
FN:24,(anonymous_1)
FN:25,(anonymous_2)
FN:34,(anonymous_3)
FN:68,(anonymous_4)
FN:103,(anonymous_5)
FN:122,(anonymous_6)
FNF:7
FNH:7
FNDA:10,(anonymous_0)
FNDA:6,(anonymous_1)
FNDA:6,(anonymous_2)
FNDA:1,(anonymous_3)
FNDA:8,(anonymous_4)
FNDA:6,(anonymous_5)
FNDA:1,(anonymous_6)
DA:19,2
DA:20,10
DA:21,10
DA:22,10
DA:24,10
DA:25,6
DA:26,6
DA:27,4
DA:28,4
DA:31,6
DA:34,10
DA:35,1
DA:38,10
DA:69,8
DA:104,6
DA:122,1
LF:16
LH:16
BRDA:53,0,0,6
BRDA:53,0,1,4
BRDA:60,1,0,1
BRDA:60,1,1,3
BRDA:60,2,0,4
BRDA:60,2,1,4
BRDA:70,3,0,8
BRDA:70,3,1,0
BRDA:71,4,0,8
BRDA:71,4,1,0
BRDA:74,5,0,3
BRDA:74,5,1,5
BRDA:75,6,0,3
BRDA:75,6,1,2
BRDA:76,7,0,1
BRDA:76,7,1,1
BRDA:77,8,0,1
BRDA:77,8,1,0
BRDA:102,9,0,4
BRDA:102,9,1,4
BRDA:102,10,0,8
BRDA:102,10,1,4
BRDA:123,11,0,8
BRDA:123,11,1,0
BRF:24
BRH:20
end_of_record
TN:
SF:src/components/UserView.js
FN:74,(anonymous_0)
FN:86,(anonymous_1)
FN:87,(anonymous_2)
FN:107,(anonymous_3)
FN:108,(anonymous_4)
FN:112,(anonymous_5)
FN:122,(anonymous_6)
FN:129,(anonymous_7)
FN:130,(anonymous_8)
FN:140,(anonymous_9)
FN:141,(anonymous_10)
FN:142,(anonymous_11)
FN:146,(anonymous_12)
FN:151,(anonymous_13)
FN:219,(anonymous_14)
FN:259,(anonymous_15)
FN:295,(anonymous_16)
FN:306,(anonymous_17)
FN:313,(anonymous_18)
FN:318,(anonymous_19)
FN:331,(anonymous_20)
FNF:21
FNH:21
FNDA:41,(anonymous_0)
FNDA:13,(anonymous_1)
FNDA:13,(anonymous_2)
FNDA:13,(anonymous_3)
FNDA:13,(anonymous_4)
FNDA:42,(anonymous_5)
FNDA:2,(anonymous_6)
FNDA:1,(anonymous_7)
FNDA:1,(anonymous_8)
FNDA:3,(anonymous_9)
FNDA:3,(anonymous_10)
FNDA:2,(anonymous_11)
FNDA:3,(anonymous_12)
FNDA:1,(anonymous_13)
FNDA:5,(anonymous_14)
FNDA:41,(anonymous_15)
FNDA:1,(anonymous_16)
FNDA:1,(anonymous_17)
FNDA:84,(anonymous_18)
FNDA:3,(anonymous_19)
FNDA:1,(anonymous_20)
DA:28,2
DA:74,2
DA:75,41
DA:76,40
DA:77,40
DA:78,40
DA:79,40
DA:80,40
DA:81,40
DA:82,40
DA:83,40
DA:86,40
DA:87,13
DA:88,13
DA:89,13
DA:90,13
DA:91,12
DA:92,10
DA:93,10
DA:94,10
DA:95,10
DA:99,1
DA:101,12
DA:104,13
DA:107,40
DA:108,13
DA:109,13
DA:110,13
DA:111,13
DA:112,42
DA:113,12
DA:115,1
DA:118,13
DA:122,40
DA:123,2
DA:124,2
DA:125,2
DA:126,2
DA:129,40
DA:130,1
DA:135,1
DA:140,40
DA:141,3
DA:142,3
DA:146,40
DA:147,3
DA:148,3
DA:149,3
DA:150,3
DA:151,2
DA:152,2
DA:154,1
DA:158,40
DA:159,13
DA:176,27
DA:177,2
DA:191,25
DA:219,5
DA:260,41
DA:295,1
DA:306,1
DA:314,84
DA:318,3
DA:331,1
LF:64
LH:64
BRDA:90,0,0,12
BRDA:90,0,1,1
BRDA:92,1,0,10
BRDA:92,1,1,0
BRDA:95,2,0,10
BRDA:95,2,1,1
BRDA:123,3,0,0
BRDA:123,3,1,2
BRDA:124,4,0,2
BRDA:124,4,1,0
BRDA:125,5,0,2
BRDA:125,5,1,0
BRDA:142,6,0,1
BRDA:142,6,1,2
BRDA:147,7,0,0
BRDA:147,7,1,3
BRDA:158,8,0,13
BRDA:158,8,1,27
BRDA:176,9,0,2
BRDA:176,9,1,25
BRDA:225,10,0,25
BRDA:225,10,1,1
BRDA:238,11,0,25
BRDA:238,11,1,0
BRDA:258,12,0,24
BRDA:258,12,1,1
BRDA:258,13,0,25
BRDA:258,13,1,24
BRDA:316,14,0,42
BRDA:316,14,1,42
BRF:30
BRH:24
end_of_record
TN:
SF:src/components/answerSurvey.js
FN:33,(anonymous_0)
FN:42,(anonymous_1)
FN:56,(anonymous_2)
FN:65,(anonymous_3)
FN:89,(anonymous_4)
FN:103,(anonymous_5)
FN:119,(anonymous_6)
FN:143,(anonymous_7)
FN:166,(anonymous_8)
FN:172,(anonymous_9)
FN:188,(anonymous_10)
FN:242,(anonymous_11)
FN:251,(anonymous_12)
FN:253,(anonymous_13)
FN:256,(anonymous_14)
FN:268,(anonymous_15)
FN:283,(anonymous_16)
FN:305,(anonymous_17)
FN:318,(anonymous_18)
FN:327,(anonymous_19)
FN:358,(anonymous_20)
FN:364,(anonymous_21)
FN:371,(anonymous_22)
FN:373,(anonymous_23)
FN:377,(anonymous_24)
FN:438,(anonymous_25)
FN:454,(anonymous_26)
FN:500,(anonymous_27)
FN:519,(anonymous_28)
FN:533,(anonymous_29)
FN:543,(anonymous_30)
FN:571,(anonymous_31)
FN:578,(anonymous_32)
FN:588,completeSurvey
FN:593,(anonymous_34)
FNF:35
FNH:33
FNDA:135,(anonymous_0)
FNDA:16,(anonymous_1)
FNDA:115,(anonymous_2)
FNDA:32,(anonymous_3)
FNDA:32,(anonymous_4)
FNDA:4,(anonymous_5)
FNDA:10,(anonymous_6)
FNDA:16,(anonymous_7)
FNDA:7,(anonymous_8)
FNDA:7,(anonymous_9)
FNDA:38,(anonymous_10)
FNDA:33,(anonymous_11)
FNDA:17,(anonymous_12)
FNDA:3,(anonymous_13)
FNDA:17,(anonymous_14)
FNDA:17,(anonymous_15)
FNDA:14,(anonymous_16)
FNDA:9,(anonymous_17)
FNDA:7,(anonymous_18)
FNDA:7,(anonymous_19)
FNDA:48,(anonymous_20)
FNDA:32,(anonymous_21)
FNDA:50,(anonymous_22)
FNDA:1,(anonymous_23)
FNDA:2,(anonymous_24)
FNDA:0,(anonymous_25)
FNDA:5,(anonymous_26)
FNDA:12,(anonymous_27)
FNDA:2,(anonymous_28)
FNDA:2,(anonymous_29)
FNDA:64,(anonymous_30)
FNDA:0,(anonymous_31)
FNDA:1,(anonymous_32)
FNDA:13,completeSurvey
FNDA:13,(anonymous_34)
DA:33,3
DA:34,135
DA:35,133
DA:36,133
DA:37,133
DA:38,133
DA:39,133
DA:40,133
DA:41,133
DA:42,133
DA:43,133
DA:44,133
DA:45,133
DA:48,133
DA:49,133
DA:50,133
DA:51,133
DA:53,133
DA:55,133
DA:56,133
DA:57,115
DA:58,115
DA:59,113
DA:61,2
DA:65,133
DA:66,32
DA:67,32
DA:68,31
DA:72,31
DA:74,27
DA:75,1
DA:76,1
DA:81,7
DA:84,24
DA:85,24
DA:89,133
DA:91,32
DA:93,32
DA:94,32
DA:95,31
DA:99,5
DA:100,5
DA:101,5
DA:102,5
DA:103,5
DA:104,4
DA:105,4
DA:106,3
DA:108,4
DA:109,3
DA:113,5
DA:117,5
DA:118,5
DA:119,5
DA:120,10
DA:121,1
DA:124,9
DA:125,9
DA:127,9
DA:128,9
DA:129,9
DA:130,6
DA:134,9
DA:135,9
DA:136,9
DA:138,5
DA:140,27
DA:143,133
DA:144,16
DA:145,16
DA:146,16
DA:147,14
DA:148,11
DA:149,11
DA:150,11
DA:151,11
DA:153,11
DA:154,11
DA:155,11
DA:156,11
DA:157,2
DA:158,2
DA:159,2
DA:162,9
DA:163,9
DA:166,9
DA:167,9
DA:168,9
DA:169,9
DA:171,9
DA:172,7
DA:177,9
DA:179,2
DA:180,2
DA:183,3
DA:184,3
DA:188,133
DA:189,38
DA:190,38
DA:191,38
DA:192,38
DA:195,38
DA:196,32
DA:198,32
DA:199,1
DA:200,1
DA:201,1
DA:202,1
DA:203,1
DA:205,0
DA:206,0
DA:207,0
DA:209,0
DA:210,0
DA:214,31
DA:215,28
DA:216,28
DA:218,3
DA:220,3
DA:224,6
DA:225,6
DA:226,6
DA:229,0
DA:230,0
DA:233,38
DA:234,9
DA:237,29
DA:238,29
DA:239,29
DA:241,29
DA:242,33
DA:248,29
DA:251,133
DA:252,17
DA:253,3
DA:256,17
DA:257,17
DA:262,17
DA:264,17
DA:268,133
DA:269,17
DA:270,17
DA:271,17
DA:272,17
DA:279,10
DA:283,133
DA:284,14
DA:286,14
DA:287,14
DA:288,1
DA:289,1
DA:290,1
DA:293,13
DA:294,13
DA:295,12
DA:296,3
DA:297,3
DA:298,3
DA:302,10
DA:303,10
DA:305,10
DA:306,10
DA:308,10
DA:309,7
DA:310,7
DA:314,10
DA:315,10
DA:317,8
DA:319,7
DA:327,7
DA:328,7
DA:329,7
DA:330,7
DA:331,2
DA:335,7
DA:336,0
DA:338,7
DA:341,7
DA:348,8
DA:349,8
DA:350,8
DA:352,2
DA:353,2
DA:354,2
DA:358,133
DA:359,48
DA:360,48
DA:361,48
DA:362,16
DA:364,32
DA:365,32
DA:371,133
DA:372,50
DA:373,2
DA:374,1
DA:377,2
DA:381,133
DA:382,58
DA:394,75
DA:395,2
DA:403,73
DA:405,7
DA:438,0
DA:448,66
DA:455,5
DA:456,5
DA:501,12
DA:520,2
DA:534,2
DA:544,64
DA:571,0
DA:578,1
DA:589,13
DA:590,13
DA:592,13
DA:593,13
DA:594,13
DA:595,13
DA:596,13
DA:597,4
DA:600,13
DA:601,13
DA:603,13
LF:223
LH:213
BRDA:42,0,0,6
BRDA:42,0,1,10
BRDA:42,1,0,7
BRDA:42,1,1,3
BRDA:58,2,0,113
BRDA:58,2,1,2
BRDA:74,3,0,1
BRDA:74,3,1,7
BRDA:105,4,0,3
BRDA:105,4,1,1
BRDA:108,5,0,3
BRDA:108,5,1,1
BRDA:113,6,0,1
BRDA:113,6,1,4
BRDA:120,7,0,1
BRDA:120,7,1,9
BRDA:127,8,0,9
BRDA:127,8,1,0
BRDA:129,9,0,6
BRDA:129,9,1,3
BRDA:147,10,0,11
BRDA:147,10,1,2
BRDA:153,11,0,11
BRDA:153,11,1,0
BRDA:155,12,0,11
BRDA:155,12,1,0
BRDA:156,13,0,2
BRDA:156,13,1,9
BRDA:167,14,0,9
BRDA:167,14,1,8
BRDA:168,15,0,9
BRDA:168,15,1,7
BRDA:169,16,0,9
BRDA:169,16,1,7
BRDA:188,17,0,32
BRDA:195,18,0,32
BRDA:195,18,1,6
BRDA:198,19,0,1
BRDA:198,19,1,31
BRDA:201,20,0,1
BRDA:201,20,1,0
BRDA:205,21,0,0
BRDA:205,21,1,0
BRDA:214,22,0,28
BRDA:214,22,1,3
BRDA:224,23,0,6
BRDA:224,23,1,0
BRDA:233,24,0,9
BRDA:233,24,1,29
BRDA:239,25,0,29
BRDA:239,25,1,7
BRDA:252,26,0,2
BRDA:252,26,1,15
BRDA:287,27,0,1
BRDA:287,27,1,13
BRDA:295,28,0,3
BRDA:295,28,1,9
BRDA:295,29,0,12
BRDA:295,29,1,12
BRDA:308,30,0,7
BRDA:308,30,1,3
BRDA:330,31,0,2
BRDA:330,31,1,5
BRDA:331,32,0,2
BRDA:331,32,1,2
BRDA:335,33,0,0
BRDA:335,33,1,7
BRDA:359,34,0,0
BRDA:359,34,1,48
BRDA:361,35,0,16
BRDA:361,35,1,32
BRDA:372,36,0,2
BRDA:372,36,1,48
BRDA:381,37,0,58
BRDA:381,37,1,75
BRDA:394,38,0,2
BRDA:394,38,1,73
BRDA:403,39,0,7
BRDA:403,39,1,66
BRDA:494,40,0,66
BRDA:494,40,1,12
BRDA:513,41,0,66
BRDA:513,41,1,2
BRDA:527,42,0,66
BRDA:527,42,1,2
BRDA:548,43,0,64
BRDA:548,43,1,39
BRDA:588,44,0,8
BRDA:596,45,0,4
BRDA:596,45,1,9
BRDA:597,46,0,4
BRDA:597,46,1,0
BRDA:601,47,0,5
BRDA:601,47,1,8
BRF:94
BRH:84
end_of_record
TN:
SF:src/components/createAndSharing.js
FN:6,(anonymous_0)
FN:32,shareSurvey
FN:42,(anonymous_2)
FN:43,(anonymous_3)
FN:46,(anonymous_4)
FN:48,(anonymous_5)
FNF:6
FNH:6
FNDA:2,(anonymous_0)
FNDA:6,shareSurvey
FNDA:2,(anonymous_2)
FNDA:1,(anonymous_3)
FNDA:1,(anonymous_4)
FNDA:1,(anonymous_5)
DA:6,4
DA:9,2
DA:33,6
DA:35,6
DA:37,4
DA:42,2
DA:43,1
DA:46,2
DA:47,1
DA:49,1
LF:10
LH:10
BRDA:35,0,0,4
BRDA:35,0,1,2
BRF:2
BRH:2
end_of_record
TN:
SF:src/components/taggingService.js
FN:17,generateTagsForSurvey
FN:34,(anonymous_1)
FN:47,updateUserTags
FN:53,(anonymous_3)
FNF:4
FNH:4
FNDA:6,generateTagsForSurvey
FNDA:4,(anonymous_1)
FNDA:5,updateUserTags
FNDA:3,(anonymous_3)
DA:5,4
DA:18,6
DA:19,6
DA:25,6
DA:31,4
DA:34,4
DA:37,4
DA:48,5
DA:51,4
DA:52,4
DA:53,4
DA:54,3
DA:55,3
DA:57,2
DA:58,2
DA:59,1
DA:60,1
DA:64,1
LF:18
LH:18
BRDA:48,0,0,1
BRDA:48,0,1,4
BRDA:55,1,0,1
BRDA:55,1,1,2
BRDA:57,2,0,2
BRDA:57,2,1,0
BRDA:58,3,0,1
BRDA:58,3,1,1
BRF:8
BRH:7
end_of_record
TN:
SF:src/components/Question/EditableQuestion.js
FN:5,(anonymous_0)
FN:12,(anonymous_1)
FN:17,(anonymous_2)
FN:21,(anonymous_3)
FN:30,(anonymous_4)
FN:35,(anonymous_5)
FN:41,(anonymous_6)
FN:48,(anonymous_7)
FN:58,(anonymous_8)
FNF:9
FNH:6
FNDA:33,(anonymous_0)
FNDA:3,(anonymous_1)
FNDA:22,(anonymous_2)
FNDA:3,(anonymous_3)
FNDA:1,(anonymous_4)
FNDA:21,(anonymous_5)
FNDA:0,(anonymous_6)
FNDA:0,(anonymous_7)
FNDA:0,(anonymous_8)
DA:5,2
DA:6,33
DA:7,33
DA:8,33
DA:9,33
DA:10,33
DA:12,33
DA:13,3
DA:14,3
DA:17,33
DA:18,22
DA:21,33
DA:23,3
DA:24,1
DA:26,2
DA:27,2
DA:30,33
DA:31,1
DA:32,1
DA:35,33
DA:36,21
DA:37,1
DA:41,33
DA:42,0
DA:43,0
DA:44,0
DA:45,0
DA:48,33
DA:49,0
DA:50,0
DA:53,0
DA:54,0
DA:55,0
DA:58,33
DA:59,0
DA:63,33
LF:36
LH:26
BRDA:23,0,0,1
BRDA:23,0,1,2
BRDA:23,1,0,3
BRDA:23,1,1,2
BRDA:23,1,2,1
BRDA:36,2,0,1
BRDA:36,2,1,20
BRDA:49,3,0,0
BRDA:49,3,1,0
BRDA:66,4,0,25
BRDA:66,4,1,8
BRF:11
BRH:9
end_of_record
TN:
SF:src/components/Question/Question.js
FN:6,(anonymous_0)
FN:11,(anonymous_1)
FN:15,(anonymous_2)
FN:41,(anonymous_3)
FN:59,(anonymous_4)
FNF:5
FNH:5
FNDA:104,(anonymous_0)
FNDA:26,(anonymous_1)
FNDA:2,(anonymous_2)
FNDA:2,(anonymous_3)
FNDA:17,(anonymous_4)
DA:6,8
DA:7,104
DA:11,104
DA:12,26
DA:13,5
DA:14,5
DA:15,2
DA:17,5
DA:18,5
DA:19,5
DA:22,21
DA:23,21
DA:26,104
DA:42,2
DA:60,17
LF:15
LH:15
BRDA:6,0,0,103
BRDA:6,1,0,71
BRDA:12,2,0,5
BRDA:12,2,1,21
BRDA:14,3,0,1
BRDA:14,3,1,4
BRDA:28,4,0,104
BRDA:28,4,1,71
BRDA:29,5,0,104
BRDA:29,5,1,87
BRDA:33,6,0,1
BRDA:33,6,1,86
BRDA:39,7,0,104
BRDA:39,7,1,1
BRDA:57,8,0,104
BRDA:57,8,1,7
BRF:16
BRH:16
end_of_record
TN:
SF:src/models/User.js
FN:4,(anonymous_0)
FN:14,(anonymous_1)
FN:20,(anonymous_2)
FN:25,(anonymous_3)
FN:37,(anonymous_4)
FNF:5
FNH:5
FNDA:6,(anonymous_0)
FNDA:1,(anonymous_1)
FNDA:1,(anonymous_2)
FNDA:1,(anonymous_3)
FNDA:1,(anonymous_4)
DA:5,6
DA:6,6
DA:7,6
DA:8,6
DA:9,6
DA:10,6
DA:15,1
DA:16,1
DA:21,1
DA:26,1
DA:38,1
LF:11
LH:11
BRDA:4,0,0,1
BRF:1
BRH:1
end_of_record
TN:
SF:src/models/surveyResults.js
FNF:0
FNH:0
LF:0
LH:0
BRF:0
BRH:0
end_of_record
TN:
SF:src/routes/PrivateRoutes.js
FN:9,(anonymous_0)
FNF:1
FNH:1
FNDA:4,(anonymous_0)
DA:9,2
DA:10,4
DA:12,4
DA:13,1
DA:20,3
DA:21,1
DA:24,2
DA:25,1
DA:27,1
LF:9
LH:9
BRDA:12,0,0,1
BRDA:12,0,1,3
BRDA:20,1,0,1
BRDA:20,1,1,2
BRDA:24,2,0,1
BRDA:24,2,1,1
BRF:6
BRH:6
end_of_record
TN:
SF:src/services/surveyService.js
FN:10,(anonymous_0)
FN:23,(anonymous_1)
FN:35,(anonymous_2)
FN:53,(anonymous_3)
FN:59,(anonymous_4)
FN:66,(anonymous_5)
FN:80,(anonymous_6)
FN:89,(anonymous_7)
FN:95,(anonymous_8)
FN:106,(anonymous_9)
FN:110,(anonymous_10)
FN:111,(anonymous_11)
FN:128,(anonymous_12)
FN:144,(anonymous_13)
FN:149,(anonymous_14)
FN:158,(anonymous_15)
FN:166,(anonymous_16)
FN:177,(anonymous_17)
FNF:18
FNH:18
FNDA:3,(anonymous_0)
FNDA:2,(anonymous_1)
FNDA:3,(anonymous_2)
FNDA:6,(anonymous_3)
FNDA:5,(anonymous_4)
FNDA:4,(anonymous_5)
FNDA:4,(anonymous_6)
FNDA:26,(anonymous_7)
FNDA:22,(anonymous_8)
FNDA:26,(anonymous_9)
FNDA:26,(anonymous_10)
FNDA:15,(anonymous_11)
FNDA:2,(anonymous_12)
FNDA:3,(anonymous_13)
FNDA:4,(anonymous_14)
FNDA:2,(anonymous_15)
FNDA:3,(anonymous_16)
FNDA:1,(anonymous_17)
DA:4,4
DA:5,4
DA:10,4
DA:11,3
DA:13,3
DA:14,3
DA:15,3
DA:16,2
DA:18,2
DA:19,1
DA:21,1
DA:22,1
DA:23,2
DA:28,1
DA:30,1
DA:35,4
DA:36,3
DA:38,3
DA:39,3
DA:40,3
DA:41,3
DA:44,3
DA:45,2
DA:47,1
DA:50,3
DA:53,2
DA:54,6
DA:58,2
DA:59,2
DA:60,5
DA:66,4
DA:72,2
DA:73,2
DA:76,1
DA:80,4
DA:82,4
DA:84,4
DA:88,4
DA:89,26
DA:95,22
DA:98,3
DA:102,3
DA:105,3
DA:106,26
DA:109,3
DA:110,26
DA:112,15
DA:113,15
DA:122,3
DA:124,1
DA:128,4
DA:129,2
DA:131,2
DA:135,2
DA:136,1
DA:137,1
DA:140,1
DA:144,4
DA:145,3
DA:146,3
DA:148,3
DA:149,3
DA:150,4
DA:155,3
DA:158,4
DA:159,2
DA:160,2
DA:162,1
DA:166,4
DA:167,3
DA:168,3
DA:169,3
DA:170,3
DA:171,2
DA:173,1
DA:177,4
DA:178,1
DA:179,1
DA:180,1
DA:181,1
DA:182,1
DA:183,1
LF:82
LH:82
BRDA:18,0,0,1
BRDA:18,0,1,1
BRDA:44,1,0,2
BRDA:44,1,1,1
BRDA:54,2,0,6
BRDA:54,2,1,5
BRDA:110,3,0,26
BRDA:110,3,1,26
BRDA:170,4,0,2
BRDA:170,4,1,1
BRF:10
BRH:10
end_of_record
TN:
SF:src/services/uploadService.js
FN:24,(anonymous_0)
FN:31,(anonymous_1)
FN:56,(anonymous_2)
FN:89,(anonymous_3)
FN:108,(anonymous_4)
FNF:5
FNH:5
FNDA:17,(anonymous_0)
FNDA:8,(anonymous_1)
FNDA:9,(anonymous_2)
FNDA:3,(anonymous_3)
FNDA:1,(anonymous_4)
DA:24,5
DA:25,17
DA:26,17
DA:27,17
DA:28,17
DA:29,17
DA:31,17
DA:32,8
DA:33,8
DA:57,9
DA:58,1
DA:59,1
DA:60,1
DA:63,8
DA:64,3
DA:67,8
DA:68,5
DA:69,5
DA:71,5
DA:72,5
DA:73,5
DA:74,5
DA:76,5
DA:77,5
DA:83,1
DA:89,17
DA:90,3
DA:91,3
DA:92,3
DA:95,17
DA:108,1
LF:31
LH:31
BRDA:24,0,0,17
BRDA:24,1,0,17
BRDA:57,2,0,1
BRDA:57,2,1,8
BRDA:63,3,0,3
BRDA:63,3,1,5
BRDA:67,4,0,5
BRDA:67,4,1,3
BRDA:67,5,0,8
BRDA:67,5,1,8
BRDA:122,6,0,1
BRDA:122,6,1,16
BRDA:125,7,0,17
BRDA:125,7,1,1
BRDA:132,8,0,17
BRDA:132,8,1,17
BRDA:132,8,2,5
BRDA:132,8,3,5
BRDA:137,9,0,5
BRDA:137,9,1,3
BRDA:138,10,0,5
BRDA:138,10,1,1
BRDA:139,11,0,5
BRDA:139,11,1,1
BRDA:149,12,0,5
BRDA:149,12,1,3
BRDA:162,13,0,5
BRDA:162,13,1,1
BRDA:170,14,0,5
BRDA:170,14,1,1
BRF:30
BRH:30
end_of_record
TN:
SF:src/services/userService.js
FN:11,(anonymous_0)
FN:32,(anonymous_1)
FN:54,(anonymous_2)
FN:88,(anonymous_3)
FN:109,(anonymous_4)
FN:119,(anonymous_5)
FN:127,(anonymous_6)
FN:140,(anonymous_7)
FNF:8
FNH:8
FNDA:2,(anonymous_0)
FNDA:3,(anonymous_1)
FNDA:3,(anonymous_2)
FNDA:3,(anonymous_3)
FNDA:2,(anonymous_4)
FNDA:5,(anonymous_5)
FNDA:4,(anonymous_6)
FNDA:2,(anonymous_7)
DA:6,4
DA:7,4
DA:11,4
DA:12,2
DA:13,2
DA:14,1
DA:17,1
DA:20,1
DA:21,1
DA:22,1
DA:24,1
DA:26,1
DA:27,1
DA:32,4
DA:33,3
DA:34,3
DA:35,2
DA:38,2
DA:39,2
DA:41,2
DA:42,1
DA:43,1
DA:45,1
DA:46,1
DA:49,1
DA:54,4
DA:55,3
DA:57,3
DA:58,2
DA:61,2
DA:62,2
DA:64,2
DA:65,1
DA:66,1
DA:71,1
DA:72,1
DA:73,1
DA:75,1
DA:82,1
DA:88,4
DA:89,3
DA:91,3
DA:92,3
DA:93,2
DA:96,2
DA:97,2
DA:99,2
DA:101,1
DA:103,1
DA:104,1
DA:109,4
DA:110,2
DA:111,2
DA:112,2
DA:114,1
DA:119,4
DA:120,5
DA:121,5
DA:122,4
DA:124,1
DA:127,4
DA:128,4
DA:129,4
DA:130,4
DA:131,4
DA:132,2
DA:133,2
DA:135,2
DA:140,4
DA:141,2
DA:142,2
DA:143,1
DA:144,1
LF:73
LH:73
BRDA:41,0,0,1
BRDA:41,0,1,1
BRDA:64,1,0,1
BRDA:64,1,1,1
BRDA:92,2,0,2
BRDA:92,2,1,1
BRDA:121,3,0,4
BRDA:121,3,1,1
BRDA:131,4,0,2
BRDA:131,4,1,2
BRDA:142,5,0,1
BRDA:142,5,1,1
BRF:12
BRH:12
end_of_record
